[ 2014-09-23T17:36:17+08:00 ] 123.125.71.99 /index.php?s=/Adminx
INFO: [ app_init ] --START--
INFO: Run Behavior\BuildLiteBehavior [ RunTime:0.000028s ]
INFO: [ app_init ] --END-- [ RunTime:0.000995s ]
INFO: [ app_begin ] --START--
INFO: Run Behavior\ReadHtmlCacheBehavior [ RunTime:0.001397s ]
INFO: Run Behavior\CheckLangBehavior [ RunTime:0.004729s ]
INFO: [ app_begin ] --END-- [ RunTime:0.006411s ]
INFO: [ view_parse ] --START--
INFO: [ template_filter ] --START--
INFO: Run Behavior\ContentReplaceBehavior [ RunTime:0.000235s ]
INFO: [ template_filter ] --END-- [ RunTime:0.000413s ]
NOTIC: [8] Undefined variable: Thik D:\website\wohenkaopu.cn\RunesterAdmin\public\Runtime\Cache\Adminx\9a23780d1df432d01cb2940764d7a3a2.php 第 26 行.
INFO: Run Behavior\ParseTemplateBehavior [ RunTime:0.061015s ]
INFO: [ view_parse ] --END-- [ RunTime:0.061211s ]
INFO: [ view_filter ] --START--
INFO: Run Behavior\WriteHtmlCacheBehavior [ RunTime:0.000759s ]
INFO: [ view_filter ] --END-- [ RunTime:0.000985s ]
INFO: [ app_end ] --START--
INFO: Run Behavior\ShowPageTraceBehavior [ RunTime:0.001612s ]
INFO: [ app_end ] --END-- [ RunTime:0.001897s ]

