[ 2014-09-13T09:43:37+08:00 ] 119.147.146.189 /
INFO: [ app_init ] --START--
INFO: Run Behavior\BuildLiteBehavior [ RunTime:0.000034s ]
INFO: [ app_init ] --END-- [ RunTime:0.001621s ]
NOTIC: [8] Use of undefined constant ADMINPATH - assumed 'ADMINPATH' D:\website\wohenkaopu.cn\RunesterAdmin\Apps\Home\Conf\config.php 第 8 行.
NOTIC: [8] Use of undefined constant ADMINPATH - assumed 'ADMINPATH' D:\website\wohenkaopu.cn\RunesterAdmin\Apps\Home\Conf\config.php 第 12 行.
NOTIC: [8] Use of undefined constant ADMINPATH - assumed 'ADMINPATH' D:\website\wohenkaopu.cn\RunesterAdmin\Apps\Home\Conf\config.php 第 13 行.
NOTIC: [8] Use of undefined constant ADMINPATH - assumed 'ADMINPATH' D:\website\wohenkaopu.cn\RunesterAdmin\Apps\Home\Conf\config.php 第 14 行.
NOTIC: [8] Use of undefined constant ADMINPATH - assumed 'ADMINPATH' D:\website\wohenkaopu.cn\RunesterAdmin\Apps\Home\Conf\config.php 第 15 行.
INFO: [ app_begin ] --START--
INFO: Run Behavior\ReadHtmlCacheBehavior [ RunTime:0.001858s ]
INFO: Run Behavior\CheckLangBehavior [ RunTime:0.007160s ]
INFO: [ app_begin ] --END-- [ RunTime:0.009354s ]
INFO: [ view_parse ] --START--
INFO: [ template_filter ] --START--
INFO: Run Behavior\ContentReplaceBehavior [ RunTime:0.000283s ]
INFO: [ template_filter ] --END-- [ RunTime:0.000470s ]
INFO: Run Behavior\ParseTemplateBehavior [ RunTime:0.076520s ]
INFO: [ view_parse ] --END-- [ RunTime:0.076672s ]
INFO: [ view_filter ] --START--
INFO: Run Behavior\WriteHtmlCacheBehavior [ RunTime:0.001122s ]
INFO: [ view_filter ] --END-- [ RunTime:0.001264s ]
INFO: [ app_end ] --START--
INFO: Run Behavior\ShowPageTraceBehavior [ RunTime:0.001848s ]
INFO: [ app_end ] --END-- [ RunTime:0.001988s ]

