[ 2014-10-13T11:50:03+08:00 ] 1.31.32.38 /index.php?s=/Adminx
INFO: [ app_init ] --START--
INFO: Run Behavior\BuildLiteBehavior [ RunTime:0.000038s ]
INFO: [ app_init ] --END-- [ RunTime:0.001857s ]
INFO: [ app_begin ] --START--
INFO: Run Behavior\ReadHtmlCacheBehavior [ RunTime:0.002286s ]
INFO: Run Behavior\CheckLangBehavior [ RunTime:0.024943s ]
INFO: [ app_begin ] --END-- [ RunTime:0.027567s ]
INFO: [ view_parse ] --START--
INFO: [ template_filter ] --START--
INFO: Run Behavior\ContentReplaceBehavior [ RunTime:0.000262s ]
INFO: [ template_filter ] --END-- [ RunTime:0.000471s ]
NOTIC: [8] Undefined variable: Thik D:\website\wohenkaopu.cn\RunesterAdmin\public\Runtime\Cache\Adminx\9a23780d1df432d01cb2940764d7a3a2.php 第 26 行.
INFO: Run Behavior\ParseTemplateBehavior [ RunTime:0.153749s ]
INFO: [ view_parse ] --END-- [ RunTime:0.154025s ]
INFO: [ view_filter ] --START--
INFO: Run Behavior\WriteHtmlCacheBehavior [ RunTime:0.001395s ]
INFO: [ view_filter ] --END-- [ RunTime:0.001549s ]
INFO: [ app_end ] --START--
INFO: Run Behavior\ShowPageTraceBehavior [ RunTime:0.001840s ]
INFO: [ app_end ] --END-- [ RunTime:0.002082s ]

[ 2014-10-13T11:50:07+08:00 ] 1.31.32.38 /index.php/Adminx/Index/login.html
INFO: [ app_init ] --START--
INFO: Run Behavior\BuildLiteBehavior [ RunTime:0.000034s ]
INFO: [ app_init ] --END-- [ RunTime:0.000898s ]
INFO: [ app_begin ] --START--
INFO: Run Behavior\ReadHtmlCacheBehavior [ RunTime:0.000986s ]
INFO: Run Behavior\CheckLangBehavior [ RunTime:0.002517s ]
INFO: [ app_begin ] --END-- [ RunTime:0.003742s ]
NOTIC: [8] Undefined index: autocheck D:\website\wohenkaopu.cn\RunesterAdmin\Apps\Adminx\Controller\IndexController.class.php 第 26 行.
SQL: SHOW COLUMNS FROM `ra_admin` [ RunTime:0.020310s ]
SQL: SELECT * FROM `ra_admin` WHERE ( `username` = 'avatar' ) LIMIT 1   [ RunTime:0.000977s ]
NOTIC: [8] Undefined variable: set D:\website\wohenkaopu.cn\RunesterAdmin\Framework\Library\Think\Db.class.php 第 297 行.
NOTIC: [2] implode(): Invalid arguments passed D:\website\wohenkaopu.cn\RunesterAdmin\Framework\Library\Think\Db.class.php 第 297 行.
SQL: UPDATE `ra_admin` SET  WHERE ( id = 2 ) [ RunTime:0.000819s ]
ERR: 1064:You have an error in your SQL syntax; check the manual that corresponds to your MySQL server version for the right syntax to use near 'WHERE ( id = 2 )' at line 1
 [ SQL语句 ] : UPDATE `ra_admin` SET  WHERE ( id = 2 )
INFO: [ app_end ] --START--
INFO: Run Behavior\ShowPageTraceBehavior [ RunTime:0.001581s ]
INFO: [ app_end ] --END-- [ RunTime:0.001984s ]

[ 2014-10-13T11:50:07+08:00 ] 1.31.32.38 /index.php/Adminx/Page/add.html
INFO: [ app_init ] --START--
INFO: Run Behavior\BuildLiteBehavior [ RunTime:0.000031s ]
INFO: [ app_init ] --END-- [ RunTime:0.000783s ]
INFO: [ app_begin ] --START--
INFO: Run Behavior\ReadHtmlCacheBehavior [ RunTime:0.000958s ]
INFO: Run Behavior\CheckLangBehavior [ RunTime:0.002478s ]
INFO: [ app_begin ] --END-- [ RunTime:0.003689s ]
NOTIC: [2048] Declaration of Adminx\Controller\CommonController::show() should be compatible with that of Think\Controller::show() D:\website\wohenkaopu.cn\RunesterAdmin\Apps\Adminx\Controller\CommonController.class.php 第 225 行.
NOTIC: [8] Undefined variable: _SESSION D:\website\wohenkaopu.cn\RunesterAdmin\Apps\Adminx\Controller\PublicController.class.php 第 29 行.
NOTIC: [8] Undefined variable: _SESSION D:\website\wohenkaopu.cn\RunesterAdmin\Apps\Adminx\Controller\PublicController.class.php 第 30 行.
NOTIC: [8] Undefined variable: _SESSION D:\website\wohenkaopu.cn\RunesterAdmin\Apps\Adminx\Controller\PublicController.class.php 第 31 行.
NOTIC: [8] Undefined variable: _SESSION D:\website\wohenkaopu.cn\RunesterAdmin\Apps\Adminx\Controller\PublicController.class.php 第 32 行.
INFO: [ view_parse ] --START--
INFO: [ template_filter ] --START--
INFO: Run Behavior\ContentReplaceBehavior [ RunTime:0.000422s ]
INFO: [ template_filter ] --END-- [ RunTime:0.000656s ]
NOTIC: [8] Undefined variable: Thik D:\website\wohenkaopu.cn\RunesterAdmin\public\Runtime\Cache\Adminx\e047bcd1a588a9562cdda918c4bf6faf.php 第 24 行.
NOTIC: [8] Undefined variable: Thik D:\website\wohenkaopu.cn\RunesterAdmin\public\Runtime\Cache\Adminx\e047bcd1a588a9562cdda918c4bf6faf.php 第 52 行.
NOTIC: [8] Undefined variable: Thik D:\website\wohenkaopu.cn\RunesterAdmin\public\Runtime\Cache\Adminx\e047bcd1a588a9562cdda918c4bf6faf.php 第 54 行.
NOTIC: [8] Undefined index: article D:\website\wohenkaopu.cn\RunesterAdmin\public\Runtime\Cache\Adminx\e047bcd1a588a9562cdda918c4bf6faf.php 第 54 行.
NOTIC: [8] Undefined variable: Thik D:\website\wohenkaopu.cn\RunesterAdmin\public\Runtime\Cache\Adminx\e047bcd1a588a9562cdda918c4bf6faf.php 第 59 行.
NOTIC: [8] Undefined index: admin D:\website\wohenkaopu.cn\RunesterAdmin\public\Runtime\Cache\Adminx\e047bcd1a588a9562cdda918c4bf6faf.php 第 59 行.
NOTIC: [8] Undefined variable: Thik D:\website\wohenkaopu.cn\RunesterAdmin\public\Runtime\Cache\Adminx\e047bcd1a588a9562cdda918c4bf6faf.php 第 61 行.
NOTIC: [8] Undefined index: rule D:\website\wohenkaopu.cn\RunesterAdmin\public\Runtime\Cache\Adminx\e047bcd1a588a9562cdda918c4bf6faf.php 第 61 行.
NOTIC: [8] Undefined variable: Thik D:\website\wohenkaopu.cn\RunesterAdmin\public\Runtime\Cache\Adminx\e047bcd1a588a9562cdda918c4bf6faf.php 第 63 行.
NOTIC: [8] Undefined index: nav D:\website\wohenkaopu.cn\RunesterAdmin\public\Runtime\Cache\Adminx\e047bcd1a588a9562cdda918c4bf6faf.php 第 63 行.
NOTIC: [8] Undefined variable: Thik D:\website\wohenkaopu.cn\RunesterAdmin\public\Runtime\Cache\Adminx\e047bcd1a588a9562cdda918c4bf6faf.php 第 65 行.
NOTIC: [8] Undefined index: config D:\website\wohenkaopu.cn\RunesterAdmin\public\Runtime\Cache\Adminx\e047bcd1a588a9562cdda918c4bf6faf.php 第 65 行.
SQL: SHOW COLUMNS FROM `ra_category` [ RunTime:0.010473s ]
SQL: SELECT `cate_id`,`cate_title` FROM `ra_category` WHERE ( `cate_pid` = 0 ) AND ( `cate_type` = 'page' ) ORDER BY cate_sort ASC,cate_id ASC  [ RunTime:0.001262s ]
NOTIC: [8] Undefined variable: place D:\website\wohenkaopu.cn\RunesterAdmin\Apps\Adminx\Common\HtmlDB.php 第 159 行.
SQL: SELECT `cate_id`,`cate_title` FROM `ra_category` WHERE ( `cate_pid` = 14 ) AND ( `cate_type` = 'page' ) ORDER BY cate_sort ASC,cate_id ASC  [ RunTime:0.001224s ]
NOTIC: [8] Undefined variable: place D:\website\wohenkaopu.cn\RunesterAdmin\Apps\Adminx\Common\HtmlDB.php 第 159 行.
SQL: SELECT `cate_id`,`cate_title` FROM `ra_category` WHERE ( `cate_pid` = 15 ) AND ( `cate_type` = 'page' ) ORDER BY cate_sort ASC,cate_id ASC  [ RunTime:0.001129s ]
NOTIC: [8] Undefined variable: proval D:\website\wohenkaopu.cn\RunesterAdmin\Apps\Adminx\Common\HtmlDB.php 第 81 行.
NOTIC: [8] Undefined variable: proval D:\website\wohenkaopu.cn\RunesterAdmin\Apps\Adminx\Common\HtmlDB.php 第 81 行.
INFO: Run Behavior\ParseTemplateBehavior [ RunTime:0.085251s ]
INFO: [ view_parse ] --END-- [ RunTime:0.085402s ]
INFO: [ view_filter ] --START--
INFO: Run Behavior\WriteHtmlCacheBehavior [ RunTime:0.000621s ]
INFO: [ view_filter ] --END-- [ RunTime:0.000824s ]
INFO: [ app_end ] --START--
INFO: Run Behavior\ShowPageTraceBehavior [ RunTime:0.001083s ]
INFO: [ app_end ] --END-- [ RunTime:0.001232s ]

[ 2014-10-13T11:50:12+08:00 ] 1.31.32.38 /index.php/Adminx/Page/index.html
INFO: [ app_init ] --START--
INFO: Run Behavior\BuildLiteBehavior [ RunTime:0.000033s ]
INFO: [ app_init ] --END-- [ RunTime:0.000791s ]
INFO: [ app_begin ] --START--
INFO: Run Behavior\ReadHtmlCacheBehavior [ RunTime:0.000993s ]
INFO: Run Behavior\CheckLangBehavior [ RunTime:0.002488s ]
INFO: [ app_begin ] --END-- [ RunTime:0.003726s ]
NOTIC: [2048] Declaration of Adminx\Controller\CommonController::show() should be compatible with that of Think\Controller::show() D:\website\wohenkaopu.cn\RunesterAdmin\Apps\Adminx\Controller\CommonController.class.php 第 225 行.
NOTIC: [8] Undefined variable: _SESSION D:\website\wohenkaopu.cn\RunesterAdmin\Apps\Adminx\Controller\PublicController.class.php 第 29 行.
NOTIC: [8] Undefined variable: _SESSION D:\website\wohenkaopu.cn\RunesterAdmin\Apps\Adminx\Controller\PublicController.class.php 第 30 行.
NOTIC: [8] Undefined variable: _SESSION D:\website\wohenkaopu.cn\RunesterAdmin\Apps\Adminx\Controller\PublicController.class.php 第 31 行.
NOTIC: [8] Undefined variable: _SESSION D:\website\wohenkaopu.cn\RunesterAdmin\Apps\Adminx\Controller\PublicController.class.php 第 32 行.
SQL: SHOW COLUMNS FROM `ra_page` [ RunTime:0.011855s ]
NOTIC: [8] Use of undefined constant isDel - assumed 'isDel' D:\website\wohenkaopu.cn\RunesterAdmin\Apps\Adminx\Controller\PageController.class.php 第 35 行.
NOTIC: [8] Use of undefined constant type - assumed 'type' D:\website\wohenkaopu.cn\RunesterAdmin\Apps\Adminx\Controller\PageController.class.php 第 36 行.
NOTIC: [8] Undefined index: pid D:\website\wohenkaopu.cn\RunesterAdmin\Apps\Adminx\Controller\PageController.class.php 第 48 行.
NOTIC: [8] Undefined index: hide D:\website\wohenkaopu.cn\RunesterAdmin\Apps\Adminx\Controller\PageController.class.php 第 49 行.
NOTIC: [8] Undefined index: protect D:\website\wohenkaopu.cn\RunesterAdmin\Apps\Adminx\Controller\PageController.class.php 第 50 行.
SQL: SELECT COUNT(*) AS tp_count FROM `ra_page` WHERE ( `isDel` = 0 ) LIMIT 1   [ RunTime:0.001663s ]
SQL: SELECT * FROM `ra_page` WHERE ( `isDel` = 0 ) ORDER BY sort ASC,id ASC LIMIT 0,20   [ RunTime:0.000895s ]
NOTIC: [8] Undefined index: pid D:\website\wohenkaopu.cn\RunesterAdmin\Apps\Adminx\Controller\PageController.class.php 第 61 行.
INFO: [ view_parse ] --START--
INFO: [ template_filter ] --START--
INFO: Run Behavior\ContentReplaceBehavior [ RunTime:0.000404s ]
INFO: [ template_filter ] --END-- [ RunTime:0.000569s ]
NOTIC: [8] Undefined variable: Thik D:\website\wohenkaopu.cn\RunesterAdmin\public\Runtime\Cache\Adminx\355901a03feab382ba974ee8887135f8.php 第 22 行.
NOTIC: [8] Undefined variable: Thik D:\website\wohenkaopu.cn\RunesterAdmin\public\Runtime\Cache\Adminx\355901a03feab382ba974ee8887135f8.php 第 50 行.
NOTIC: [8] Undefined variable: Thik D:\website\wohenkaopu.cn\RunesterAdmin\public\Runtime\Cache\Adminx\355901a03feab382ba974ee8887135f8.php 第 52 行.
NOTIC: [8] Undefined index: article D:\website\wohenkaopu.cn\RunesterAdmin\public\Runtime\Cache\Adminx\355901a03feab382ba974ee8887135f8.php 第 52 行.
NOTIC: [8] Undefined variable: Thik D:\website\wohenkaopu.cn\RunesterAdmin\public\Runtime\Cache\Adminx\355901a03feab382ba974ee8887135f8.php 第 57 行.
NOTIC: [8] Undefined index: admin D:\website\wohenkaopu.cn\RunesterAdmin\public\Runtime\Cache\Adminx\355901a03feab382ba974ee8887135f8.php 第 57 行.
NOTIC: [8] Undefined variable: Thik D:\website\wohenkaopu.cn\RunesterAdmin\public\Runtime\Cache\Adminx\355901a03feab382ba974ee8887135f8.php 第 59 行.
NOTIC: [8] Undefined index: rule D:\website\wohenkaopu.cn\RunesterAdmin\public\Runtime\Cache\Adminx\355901a03feab382ba974ee8887135f8.php 第 59 行.
NOTIC: [8] Undefined variable: Thik D:\website\wohenkaopu.cn\RunesterAdmin\public\Runtime\Cache\Adminx\355901a03feab382ba974ee8887135f8.php 第 61 行.
NOTIC: [8] Undefined index: nav D:\website\wohenkaopu.cn\RunesterAdmin\public\Runtime\Cache\Adminx\355901a03feab382ba974ee8887135f8.php 第 61 行.
NOTIC: [8] Undefined variable: Thik D:\website\wohenkaopu.cn\RunesterAdmin\public\Runtime\Cache\Adminx\355901a03feab382ba974ee8887135f8.php 第 63 行.
NOTIC: [8] Undefined index: config D:\website\wohenkaopu.cn\RunesterAdmin\public\Runtime\Cache\Adminx\355901a03feab382ba974ee8887135f8.php 第 63 行.
NOTIC: [8] Undefined variable: Think D:\website\wohenkaopu.cn\RunesterAdmin\public\Runtime\Cache\Adminx\355901a03feab382ba974ee8887135f8.php 第 85 行.
SQL: SHOW COLUMNS FROM `ra_category` [ RunTime:0.008230s ]
SQL: SELECT * FROM `ra_category` WHERE ( `cate_type` = 'Page' ) ORDER BY cate_sort ASC,cate_id DESC  [ RunTime:0.001154s ]
INFO: [ view_parse ] --START--
INFO: [ template_filter ] --START--
INFO: Run Behavior\ContentReplaceBehavior [ RunTime:0.000129s ]
INFO: [ template_filter ] --END-- [ RunTime:-0.066167s ]
NOTIC: [8] Undefined variable: Think D:\website\wohenkaopu.cn\RunesterAdmin\public\Runtime\Cache\Adminx\51015d1713c5e5531b06ba77c92cae5d.php 第 3 行.
NOTIC: [8] Undefined variable: Think D:\website\wohenkaopu.cn\RunesterAdmin\public\Runtime\Cache\Adminx\51015d1713c5e5531b06ba77c92cae5d.php 第 3 行.
INFO: Run Behavior\ParseTemplateBehavior [ RunTime:0.028257s ]
INFO: [ view_parse ] --END-- [ RunTime:0.028443s ]
INFO: [ view_filter ] --START--
INFO: Run Behavior\WriteHtmlCacheBehavior [ RunTime:0.000992s ]
INFO: [ view_filter ] --END-- [ RunTime:0.001228s ]
SQL: SELECT * FROM `ra_category` WHERE ( `cate_type` = 'Page' ) ORDER BY cate_sort ASC,cate_id DESC  [ RunTime:0.000653s ]
INFO: [ view_parse ] --START--
INFO: [ template_filter ] --START--
INFO: Run Behavior\ContentReplaceBehavior [ RunTime:0.000173s ]
INFO: [ template_filter ] --END-- [ RunTime:-0.104923s ]
INFO: Run Behavior\ParseTemplateBehavior [ RunTime:0.026805s ]
INFO: [ view_parse ] --END-- [ RunTime:-0.004830s ]
INFO: [ view_filter ] --START--
INFO: Run Behavior\WriteHtmlCacheBehavior [ RunTime:0.000060s ]
INFO: [ view_filter ] --END-- [ RunTime:-0.030702s ]
SQL: SELECT `cate_title` FROM `ra_category` WHERE ( `cate_id` = 14 ) LIMIT 1   [ RunTime:0.004028s ]
SQL: SELECT `cate_title` FROM `ra_category` WHERE ( `cate_id` = 15 ) LIMIT 1   [ RunTime:0.001133s ]
SQL: SELECT `cate_title` FROM `ra_category` WHERE ( `cate_id` = 14 ) LIMIT 1   [ RunTime:0.000372s ]
NOTIC: [8] Undefined index: btn_func D:\website\wohenkaopu.cn\RunesterAdmin\Apps\Adminx\Common\list.php 第 87 行.
NOTIC: [8] Undefined variable: page D:\website\wohenkaopu.cn\RunesterAdmin\public\Runtime\Cache\Adminx\355901a03feab382ba974ee8887135f8.php 第 178 行.
INFO: Run Behavior\ParseTemplateBehavior [ RunTime:0.036554s ]
INFO: [ view_parse ] --END-- [ RunTime:-0.004830s ]
INFO: [ view_filter ] --START--
INFO: Run Behavior\WriteHtmlCacheBehavior [ RunTime:0.000025s ]
INFO: [ view_filter ] --END-- [ RunTime:-0.040397s ]
INFO: [ app_end ] --START--
INFO: Run Behavior\ShowPageTraceBehavior [ RunTime:0.001200s ]
INFO: [ app_end ] --END-- [ RunTime:0.001352s ]

[ 2014-10-13T11:50:14+08:00 ] 1.31.32.38 /index.php/Adminx/Page/index.html
INFO: [ app_init ] --START--
INFO: Run Behavior\BuildLiteBehavior [ RunTime:0.000039s ]
INFO: [ app_init ] --END-- [ RunTime:0.000912s ]
INFO: [ app_begin ] --START--
INFO: Run Behavior\ReadHtmlCacheBehavior [ RunTime:0.001190s ]
INFO: Run Behavior\CheckLangBehavior [ RunTime:0.002948s ]
INFO: [ app_begin ] --END-- [ RunTime:0.004535s ]
NOTIC: [2048] Declaration of Adminx\Controller\CommonController::show() should be compatible with that of Think\Controller::show() D:\website\wohenkaopu.cn\RunesterAdmin\Apps\Adminx\Controller\CommonController.class.php 第 225 行.
NOTIC: [8] Undefined variable: _SESSION D:\website\wohenkaopu.cn\RunesterAdmin\Apps\Adminx\Controller\PublicController.class.php 第 29 行.
NOTIC: [8] Undefined variable: _SESSION D:\website\wohenkaopu.cn\RunesterAdmin\Apps\Adminx\Controller\PublicController.class.php 第 30 行.
NOTIC: [8] Undefined variable: _SESSION D:\website\wohenkaopu.cn\RunesterAdmin\Apps\Adminx\Controller\PublicController.class.php 第 31 行.
NOTIC: [8] Undefined variable: _SESSION D:\website\wohenkaopu.cn\RunesterAdmin\Apps\Adminx\Controller\PublicController.class.php 第 32 行.
SQL: SHOW COLUMNS FROM `ra_page` [ RunTime:0.007635s ]
NOTIC: [8] Use of undefined constant isDel - assumed 'isDel' D:\website\wohenkaopu.cn\RunesterAdmin\Apps\Adminx\Controller\PageController.class.php 第 35 行.
NOTIC: [8] Use of undefined constant type - assumed 'type' D:\website\wohenkaopu.cn\RunesterAdmin\Apps\Adminx\Controller\PageController.class.php 第 36 行.
NOTIC: [8] Undefined index: pid D:\website\wohenkaopu.cn\RunesterAdmin\Apps\Adminx\Controller\PageController.class.php 第 48 行.
NOTIC: [8] Undefined index: hide D:\website\wohenkaopu.cn\RunesterAdmin\Apps\Adminx\Controller\PageController.class.php 第 49 行.
NOTIC: [8] Undefined index: protect D:\website\wohenkaopu.cn\RunesterAdmin\Apps\Adminx\Controller\PageController.class.php 第 50 行.
SQL: SELECT COUNT(*) AS tp_count FROM `ra_page` WHERE ( `isDel` = 0 ) LIMIT 1   [ RunTime:0.000329s ]
SQL: SELECT * FROM `ra_page` WHERE ( `isDel` = 0 ) ORDER BY sort ASC,id ASC LIMIT 0,20   [ RunTime:0.000518s ]
NOTIC: [8] Undefined index: pid D:\website\wohenkaopu.cn\RunesterAdmin\Apps\Adminx\Controller\PageController.class.php 第 61 行.
INFO: [ view_parse ] --START--
INFO: [ template_filter ] --START--
INFO: Run Behavior\ContentReplaceBehavior [ RunTime:0.000494s ]
INFO: [ template_filter ] --END-- [ RunTime:0.000731s ]
NOTIC: [8] Undefined variable: Thik D:\website\wohenkaopu.cn\RunesterAdmin\public\Runtime\Cache\Adminx\355901a03feab382ba974ee8887135f8.php 第 22 行.
NOTIC: [8] Undefined variable: Thik D:\website\wohenkaopu.cn\RunesterAdmin\public\Runtime\Cache\Adminx\355901a03feab382ba974ee8887135f8.php 第 50 行.
NOTIC: [8] Undefined variable: Thik D:\website\wohenkaopu.cn\RunesterAdmin\public\Runtime\Cache\Adminx\355901a03feab382ba974ee8887135f8.php 第 52 行.
NOTIC: [8] Undefined index: article D:\website\wohenkaopu.cn\RunesterAdmin\public\Runtime\Cache\Adminx\355901a03feab382ba974ee8887135f8.php 第 52 行.
NOTIC: [8] Undefined variable: Thik D:\website\wohenkaopu.cn\RunesterAdmin\public\Runtime\Cache\Adminx\355901a03feab382ba974ee8887135f8.php 第 57 行.
NOTIC: [8] Undefined index: admin D:\website\wohenkaopu.cn\RunesterAdmin\public\Runtime\Cache\Adminx\355901a03feab382ba974ee8887135f8.php 第 57 行.
NOTIC: [8] Undefined variable: Thik D:\website\wohenkaopu.cn\RunesterAdmin\public\Runtime\Cache\Adminx\355901a03feab382ba974ee8887135f8.php 第 59 行.
NOTIC: [8] Undefined index: rule D:\website\wohenkaopu.cn\RunesterAdmin\public\Runtime\Cache\Adminx\355901a03feab382ba974ee8887135f8.php 第 59 行.
NOTIC: [8] Undefined variable: Thik D:\website\wohenkaopu.cn\RunesterAdmin\public\Runtime\Cache\Adminx\355901a03feab382ba974ee8887135f8.php 第 61 行.
NOTIC: [8] Undefined index: nav D:\website\wohenkaopu.cn\RunesterAdmin\public\Runtime\Cache\Adminx\355901a03feab382ba974ee8887135f8.php 第 61 行.
NOTIC: [8] Undefined variable: Thik D:\website\wohenkaopu.cn\RunesterAdmin\public\Runtime\Cache\Adminx\355901a03feab382ba974ee8887135f8.php 第 63 行.
NOTIC: [8] Undefined index: config D:\website\wohenkaopu.cn\RunesterAdmin\public\Runtime\Cache\Adminx\355901a03feab382ba974ee8887135f8.php 第 63 行.
NOTIC: [8] Undefined variable: Think D:\website\wohenkaopu.cn\RunesterAdmin\public\Runtime\Cache\Adminx\355901a03feab382ba974ee8887135f8.php 第 85 行.
SQL: SHOW COLUMNS FROM `ra_category` [ RunTime:0.007693s ]
SQL: SELECT * FROM `ra_category` WHERE ( `cate_type` = 'Page' ) ORDER BY cate_sort ASC,cate_id DESC  [ RunTime:0.000400s ]
INFO: [ view_parse ] --START--
INFO: [ template_filter ] --START--
INFO: Run Behavior\ContentReplaceBehavior [ RunTime:0.000112s ]
INFO: [ template_filter ] --END-- [ RunTime:-0.032096s ]
NOTIC: [8] Undefined variable: Think D:\website\wohenkaopu.cn\RunesterAdmin\public\Runtime\Cache\Adminx\51015d1713c5e5531b06ba77c92cae5d.php 第 3 行.
NOTIC: [8] Undefined variable: Think D:\website\wohenkaopu.cn\RunesterAdmin\public\Runtime\Cache\Adminx\51015d1713c5e5531b06ba77c92cae5d.php 第 3 行.
INFO: Run Behavior\ParseTemplateBehavior [ RunTime:0.013024s ]
INFO: [ view_parse ] --END-- [ RunTime:0.013170s ]
INFO: [ view_filter ] --START--
INFO: Run Behavior\WriteHtmlCacheBehavior [ RunTime:0.000575s ]
INFO: [ view_filter ] --END-- [ RunTime:0.000716s ]
SQL: SELECT * FROM `ra_category` WHERE ( `cate_type` = 'Page' ) ORDER BY cate_sort ASC,cate_id DESC  [ RunTime:0.000430s ]
INFO: [ view_parse ] --START--
INFO: [ template_filter ] --START--
INFO: Run Behavior\ContentReplaceBehavior [ RunTime:0.000118s ]
INFO: [ template_filter ] --END-- [ RunTime:-0.047869s ]
INFO: Run Behavior\ParseTemplateBehavior [ RunTime:0.013126s ]
INFO: [ view_parse ] --END-- [ RunTime:-0.002733s ]
INFO: [ view_filter ] --START--
INFO: Run Behavior\WriteHtmlCacheBehavior [ RunTime:0.000037s ]
INFO: [ view_filter ] --END-- [ RunTime:-0.015295s ]
SQL: SELECT `cate_title` FROM `ra_category` WHERE ( `cate_id` = 14 ) LIMIT 1   [ RunTime:0.000454s ]
SQL: SELECT `cate_title` FROM `ra_category` WHERE ( `cate_id` = 15 ) LIMIT 1   [ RunTime:0.000275s ]
SQL: SELECT `cate_title` FROM `ra_category` WHERE ( `cate_id` = 14 ) LIMIT 1   [ RunTime:0.000349s ]
NOTIC: [8] Undefined index: btn_func D:\website\wohenkaopu.cn\RunesterAdmin\Apps\Adminx\Common\list.php 第 87 行.
NOTIC: [8] Undefined variable: page D:\website\wohenkaopu.cn\RunesterAdmin\public\Runtime\Cache\Adminx\355901a03feab382ba974ee8887135f8.php 第 178 行.
INFO: Run Behavior\ParseTemplateBehavior [ RunTime:0.018060s ]
INFO: [ view_parse ] --END-- [ RunTime:-0.002733s ]
INFO: [ view_filter ] --START--
INFO: Run Behavior\WriteHtmlCacheBehavior [ RunTime:0.000025s ]
INFO: [ view_filter ] --END-- [ RunTime:-0.020211s ]
INFO: [ app_end ] --START--
INFO: Run Behavior\ShowPageTraceBehavior [ RunTime:0.001202s ]
INFO: [ app_end ] --END-- [ RunTime:0.001358s ]

[ 2014-10-13T11:50:15+08:00 ] 1.31.32.38 /index.php/Adminx/Article/index.html
INFO: [ app_init ] --START--
INFO: Run Behavior\BuildLiteBehavior [ RunTime:0.000050s ]
INFO: [ app_init ] --END-- [ RunTime:0.001221s ]
INFO: [ app_begin ] --START--
INFO: Run Behavior\ReadHtmlCacheBehavior [ RunTime:0.001491s ]
INFO: Run Behavior\CheckLangBehavior [ RunTime:0.003547s ]
INFO: [ app_begin ] --END-- [ RunTime:0.005411s ]
NOTIC: [2048] Declaration of Adminx\Controller\CommonController::show() should be compatible with that of Think\Controller::show() D:\website\wohenkaopu.cn\RunesterAdmin\Apps\Adminx\Controller\CommonController.class.php 第 225 行.
NOTIC: [8] Undefined variable: _SESSION D:\website\wohenkaopu.cn\RunesterAdmin\Apps\Adminx\Controller\PublicController.class.php 第 29 行.
NOTIC: [8] Undefined variable: _SESSION D:\website\wohenkaopu.cn\RunesterAdmin\Apps\Adminx\Controller\PublicController.class.php 第 30 行.
NOTIC: [8] Undefined variable: _SESSION D:\website\wohenkaopu.cn\RunesterAdmin\Apps\Adminx\Controller\PublicController.class.php 第 31 行.
NOTIC: [8] Undefined variable: _SESSION D:\website\wohenkaopu.cn\RunesterAdmin\Apps\Adminx\Controller\PublicController.class.php 第 32 行.
SQL: SHOW COLUMNS FROM `ra_category` [ RunTime:0.009261s ]
NOTIC: [8] Undefined index: pid D:\website\wohenkaopu.cn\RunesterAdmin\Apps\Adminx\Controller\ArticleController.class.php 第 37 行.
SQL: SELECT `title` FROM `ra_category` WHERE ( id =  ) LIMIT 1   [ RunTime:0.000542s ]
ERR: 1064:You have an error in your SQL syntax; check the manual that corresponds to your MySQL server version for the right syntax to use near ') LIMIT 1' at line 1
 [ SQL语句 ] : SELECT `title` FROM `ra_category` WHERE ( id =  ) LIMIT 1  
SQL: SHOW COLUMNS FROM `ra_article` [ RunTime:0.019053s ]
NOTIC: [8] Use of undefined constant isDel - assumed 'isDel' D:\website\wohenkaopu.cn\RunesterAdmin\Apps\Adminx\Controller\ArticleController.class.php 第 41 行.
NOTIC: [8] Undefined index: pid D:\website\wohenkaopu.cn\RunesterAdmin\Apps\Adminx\Controller\ArticleController.class.php 第 45 行.
NOTIC: [8] Undefined index: hide D:\website\wohenkaopu.cn\RunesterAdmin\Apps\Adminx\Controller\ArticleController.class.php 第 46 行.
NOTIC: [8] Undefined index: top D:\website\wohenkaopu.cn\RunesterAdmin\Apps\Adminx\Controller\ArticleController.class.php 第 47 行.
NOTIC: [8] Undefined index: protect D:\website\wohenkaopu.cn\RunesterAdmin\Apps\Adminx\Controller\ArticleController.class.php 第 48 行.
NOTIC: [8] Undefined index: date D:\website\wohenkaopu.cn\RunesterAdmin\Apps\Adminx\Controller\ArticleController.class.php 第 49 行.
SQL: SELECT COUNT(*) AS tp_count FROM `ra_article` WHERE ( `isDel` = 0 ) LIMIT 1   [ RunTime:0.001266s ]
SQL: SELECT * FROM `ra_article` WHERE ( `isDel` = 0 ) ORDER BY isTop DESC,sort ASC,CONVERT(pubDate,SIGNED) DESC,id DESC LIMIT 0,20   [ RunTime:0.015489s ]
NOTIC: [8] Undefined index: pid D:\website\wohenkaopu.cn\RunesterAdmin\Apps\Adminx\Controller\ArticleController.class.php 第 69 行.
INFO: [ view_parse ] --START--
INFO: [ template_filter ] --START--
INFO: Run Behavior\ContentReplaceBehavior [ RunTime:0.000577s ]
INFO: [ template_filter ] --END-- [ RunTime:0.000874s ]
NOTIC: [2] Missing argument 1 for Adminx\Widget\SidebarWidget::sideCateTable() D:\website\wohenkaopu.cn\RunesterAdmin\Apps\Adminx\Widget\SidebarWidget.class.php 第 6 行.
NOTIC: [8] Undefined variable: type D:\website\wohenkaopu.cn\RunesterAdmin\Apps\Adminx\Widget\SidebarWidget.class.php 第 8 行.
SQL: SELECT * FROM `ra_category` WHERE ( `cate_type` = null ) ORDER BY cate_sort ASC,cate_id DESC  [ RunTime:0.001217s ]
NOTIC: [2] Invalid argument supplied for foreach() D:\website\wohenkaopu.cn\RunesterAdmin\Apps\Adminx\Widget\CommonWidget.class.php 第 12 行.
NOTIC: [2] array_keys() expects parameter 1 to be array, boolean given D:\website\wohenkaopu.cn\RunesterAdmin\Apps\Adminx\Common\function.php 第 246 行.
NOTIC: [8] Undefined variable: temp D:\website\wohenkaopu.cn\RunesterAdmin\Apps\Adminx\Common\function.php 第 251 行.
NOTIC: [2] array_unique() expects parameter 1 to be array, null given D:\website\wohenkaopu.cn\RunesterAdmin\Apps\Adminx\Common\function.php 第 251 行.
NOTIC: [2] Invalid argument supplied for foreach() D:\website\wohenkaopu.cn\RunesterAdmin\Apps\Adminx\Common\function.php 第 252 行.
NOTIC: [8] Undefined variable: output D:\website\wohenkaopu.cn\RunesterAdmin\Apps\Adminx\Common\function.php 第 261 行.
INFO: [ view_parse ] --START--
INFO: [ template_filter ] --START--
INFO: Run Behavior\ContentReplaceBehavior [ RunTime:0.000389s ]
INFO: [ template_filter ] --END-- [ RunTime:-0.038032s ]
INFO: Run Behavior\ParseTemplateBehavior [ RunTime:0.021595s ]
INFO: [ view_parse ] --END-- [ RunTime:0.021823s ]
INFO: [ view_filter ] --START--
INFO: Run Behavior\WriteHtmlCacheBehavior [ RunTime:0.000833s ]
INFO: [ view_filter ] --END-- [ RunTime:0.001029s ]
NOTIC: [8] Undefined variable: Thik D:\website\wohenkaopu.cn\RunesterAdmin\public\Runtime\Cache\Adminx\89adaa21df0fc65d39b74f1e2a86e490.php 第 23 行.
NOTIC: [8] Undefined variable: Thik D:\website\wohenkaopu.cn\RunesterAdmin\public\Runtime\Cache\Adminx\89adaa21df0fc65d39b74f1e2a86e490.php 第 51 行.
NOTIC: [8] Undefined index: page D:\website\wohenkaopu.cn\RunesterAdmin\public\Runtime\Cache\Adminx\89adaa21df0fc65d39b74f1e2a86e490.php 第 51 行.
NOTIC: [8] Undefined variable: Thik D:\website\wohenkaopu.cn\RunesterAdmin\public\Runtime\Cache\Adminx\89adaa21df0fc65d39b74f1e2a86e490.php 第 53 行.
NOTIC: [8] Undefined variable: Thik D:\website\wohenkaopu.cn\RunesterAdmin\public\Runtime\Cache\Adminx\89adaa21df0fc65d39b74f1e2a86e490.php 第 58 行.
NOTIC: [8] Undefined index: admin D:\website\wohenkaopu.cn\RunesterAdmin\public\Runtime\Cache\Adminx\89adaa21df0fc65d39b74f1e2a86e490.php 第 58 行.
NOTIC: [8] Undefined variable: Thik D:\website\wohenkaopu.cn\RunesterAdmin\public\Runtime\Cache\Adminx\89adaa21df0fc65d39b74f1e2a86e490.php 第 60 行.
NOTIC: [8] Undefined index: rule D:\website\wohenkaopu.cn\RunesterAdmin\public\Runtime\Cache\Adminx\89adaa21df0fc65d39b74f1e2a86e490.php 第 60 行.
NOTIC: [8] Undefined variable: Thik D:\website\wohenkaopu.cn\RunesterAdmin\public\Runtime\Cache\Adminx\89adaa21df0fc65d39b74f1e2a86e490.php 第 62 行.
NOTIC: [8] Undefined index: nav D:\website\wohenkaopu.cn\RunesterAdmin\public\Runtime\Cache\Adminx\89adaa21df0fc65d39b74f1e2a86e490.php 第 62 行.
NOTIC: [8] Undefined variable: Thik D:\website\wohenkaopu.cn\RunesterAdmin\public\Runtime\Cache\Adminx\89adaa21df0fc65d39b74f1e2a86e490.php 第 64 行.
NOTIC: [8] Undefined index: config D:\website\wohenkaopu.cn\RunesterAdmin\public\Runtime\Cache\Adminx\89adaa21df0fc65d39b74f1e2a86e490.php 第 64 行.
NOTIC: [8] Undefined variable: Think D:\website\wohenkaopu.cn\RunesterAdmin\public\Runtime\Cache\Adminx\89adaa21df0fc65d39b74f1e2a86e490.php 第 87 行.
SQL: SELECT * FROM `ra_category` WHERE ( `cate_type` = 'Article' ) ORDER BY cate_sort ASC,cate_id DESC  [ RunTime:0.001206s ]
INFO: [ view_parse ] --START--
INFO: [ template_filter ] --START--
INFO: Run Behavior\ContentReplaceBehavior [ RunTime:0.000163s ]
INFO: [ template_filter ] --END-- [ RunTime:-0.068980s ]
NOTIC: [8] Undefined variable: Think D:\website\wohenkaopu.cn\RunesterAdmin\public\Runtime\Cache\Adminx\51015d1713c5e5531b06ba77c92cae5d.php 第 3 行.
NOTIC: [8] Undefined variable: Think D:\website\wohenkaopu.cn\RunesterAdmin\public\Runtime\Cache\Adminx\51015d1713c5e5531b06ba77c92cae5d.php 第 3 行.
NOTIC: [8] Undefined variable: Think D:\website\wohenkaopu.cn\RunesterAdmin\public\Runtime\Cache\Adminx\51015d1713c5e5531b06ba77c92cae5d.php 第 3 行.
NOTIC: [8] Undefined variable: Think D:\website\wohenkaopu.cn\RunesterAdmin\public\Runtime\Cache\Adminx\51015d1713c5e5531b06ba77c92cae5d.php 第 3 行.
NOTIC: [8] Undefined variable: Think D:\website\wohenkaopu.cn\RunesterAdmin\public\Runtime\Cache\Adminx\51015d1713c5e5531b06ba77c92cae5d.php 第 3 行.
NOTIC: [8] Undefined variable: Think D:\website\wohenkaopu.cn\RunesterAdmin\public\Runtime\Cache\Adminx\51015d1713c5e5531b06ba77c92cae5d.php 第 3 行.
NOTIC: [8] Undefined variable: Think D:\website\wohenkaopu.cn\RunesterAdmin\public\Runtime\Cache\Adminx\51015d1713c5e5531b06ba77c92cae5d.php 第 3 行.
NOTIC: [8] Undefined variable: Think D:\website\wohenkaopu.cn\RunesterAdmin\public\Runtime\Cache\Adminx\51015d1713c5e5531b06ba77c92cae5d.php 第 3 行.
INFO: Run Behavior\ParseTemplateBehavior [ RunTime:0.023957s ]
INFO: [ view_parse ] --END-- [ RunTime:-0.009472s ]
INFO: [ view_filter ] --START--
INFO: Run Behavior\WriteHtmlCacheBehavior [ RunTime:0.000047s ]
INFO: [ view_filter ] --END-- [ RunTime:-0.032743s ]
SQL: SELECT * FROM `ra_category` WHERE ( `cate_type` = 'Article' ) ORDER BY cate_sort ASC,cate_id DESC  [ RunTime:0.000555s ]
INFO: [ view_parse ] --START--
INFO: [ template_filter ] --START--
INFO: Run Behavior\ContentReplaceBehavior [ RunTime:0.000165s ]
INFO: [ template_filter ] --END-- [ RunTime:-0.088715s ]
INFO: Run Behavior\ParseTemplateBehavior [ RunTime:0.016843s ]
INFO: [ view_parse ] --END-- [ RunTime:-0.036705s ]
INFO: [ view_filter ] --START--
INFO: Run Behavior\WriteHtmlCacheBehavior [ RunTime:0.000029s ]
INFO: [ view_filter ] --END-- [ RunTime:-0.052625s ]
SQL: SELECT `cate_id`,`cate_title` FROM `ra_category` WHERE ( `cate_pid` = 0 ) AND ( `cate_type` = 'Article' ) ORDER BY cate_sort ASC,cate_id ASC  [ RunTime:0.001582s ]
NOTIC: [8] Undefined variable: place D:\website\wohenkaopu.cn\RunesterAdmin\Apps\Adminx\Common\HtmlDB.php 第 159 行.
SQL: SELECT `cate_id`,`cate_title` FROM `ra_category` WHERE ( `cate_pid` = 5 ) AND ( `cate_type` = 'Article' ) ORDER BY cate_sort ASC,cate_id ASC  [ RunTime:0.000896s ]
NOTIC: [8] Undefined variable: place D:\website\wohenkaopu.cn\RunesterAdmin\Apps\Adminx\Common\HtmlDB.php 第 157 行.
SQL: SELECT `cate_id`,`cate_title` FROM `ra_category` WHERE ( `cate_pid` = 7 ) AND ( `cate_type` = 'Article' ) ORDER BY cate_sort ASC,cate_id ASC  [ RunTime:0.001074s ]
SQL: SELECT `cate_id`,`cate_title` FROM `ra_category` WHERE ( `cate_pid` = 8 ) AND ( `cate_type` = 'Article' ) ORDER BY cate_sort ASC,cate_id ASC  [ RunTime:0.000874s ]
SQL: SELECT `cate_id`,`cate_title` FROM `ra_category` WHERE ( `cate_pid` = 9 ) AND ( `cate_type` = 'Article' ) ORDER BY cate_sort ASC,cate_id ASC  [ RunTime:0.001183s ]
NOTIC: [8] Undefined variable: place D:\website\wohenkaopu.cn\RunesterAdmin\Apps\Adminx\Common\HtmlDB.php 第 159 行.
SQL: SELECT `cate_id`,`cate_title` FROM `ra_category` WHERE ( `cate_pid` = 10 ) AND ( `cate_type` = 'Article' ) ORDER BY cate_sort ASC,cate_id ASC  [ RunTime:0.000838s ]
NOTIC: [8] Undefined variable: place D:\website\wohenkaopu.cn\RunesterAdmin\Apps\Adminx\Common\HtmlDB.php 第 157 行.
SQL: SELECT `cate_id`,`cate_title` FROM `ra_category` WHERE ( `cate_pid` = 11 ) AND ( `cate_type` = 'Article' ) ORDER BY cate_sort ASC,cate_id ASC  [ RunTime:0.000778s ]
SQL: SELECT `cate_id`,`cate_title` FROM `ra_category` WHERE ( `cate_pid` = 12 ) AND ( `cate_type` = 'Article' ) ORDER BY cate_sort ASC,cate_id ASC  [ RunTime:0.000917s ]
SQL: SELECT `cate_id`,`cate_title` FROM `ra_category` WHERE ( `cate_pid` = 13 ) AND ( `cate_type` = 'Article' ) ORDER BY cate_sort ASC,cate_id ASC  [ RunTime:0.000945s ]
NOTIC: [8] Undefined index: isTopColor D:\website\wohenkaopu.cn\RunesterAdmin\public\Runtime\Cache\Adminx\89adaa21df0fc65d39b74f1e2a86e490.php 第 164 行.
SQL: SELECT `cate_title` FROM `ra_category` WHERE ( `cate_id` = 9 ) LIMIT 1   [ RunTime:0.000500s ]
NOTIC: [8] Undefined index: isTopColor D:\website\wohenkaopu.cn\RunesterAdmin\public\Runtime\Cache\Adminx\89adaa21df0fc65d39b74f1e2a86e490.php 第 164 行.
SQL: SELECT `cate_title` FROM `ra_category` WHERE ( `cate_id` = 8 ) LIMIT 1   [ RunTime:0.000478s ]
NOTIC: [8] Undefined index: isTopColor D:\website\wohenkaopu.cn\RunesterAdmin\public\Runtime\Cache\Adminx\89adaa21df0fc65d39b74f1e2a86e490.php 第 164 行.
SQL: SELECT `cate_title` FROM `ra_category` WHERE ( `cate_id` = 8 ) LIMIT 1   [ RunTime:0.000293s ]
NOTIC: [8] Undefined index: isTopColor D:\website\wohenkaopu.cn\RunesterAdmin\public\Runtime\Cache\Adminx\89adaa21df0fc65d39b74f1e2a86e490.php 第 164 行.
SQL: SELECT `cate_title` FROM `ra_category` WHERE ( `cate_id` = 8 ) LIMIT 1   [ RunTime:0.000316s ]
NOTIC: [8] Undefined index: isTopColor D:\website\wohenkaopu.cn\RunesterAdmin\public\Runtime\Cache\Adminx\89adaa21df0fc65d39b74f1e2a86e490.php 第 164 行.
SQL: SELECT `cate_title` FROM `ra_category` WHERE ( `cate_id` = 8 ) LIMIT 1   [ RunTime:0.000265s ]
NOTIC: [8] Undefined index: isTopColor D:\website\wohenkaopu.cn\RunesterAdmin\public\Runtime\Cache\Adminx\89adaa21df0fc65d39b74f1e2a86e490.php 第 164 行.
SQL: SELECT `cate_title` FROM `ra_category` WHERE ( `cate_id` = 8 ) LIMIT 1   [ RunTime:0.000322s ]
NOTIC: [8] Undefined index: isTopColor D:\website\wohenkaopu.cn\RunesterAdmin\public\Runtime\Cache\Adminx\89adaa21df0fc65d39b74f1e2a86e490.php 第 164 行.
SQL: SELECT `cate_title` FROM `ra_category` WHERE ( `cate_id` = 9 ) LIMIT 1   [ RunTime:0.000281s ]
NOTIC: [8] Undefined index: isTopColor D:\website\wohenkaopu.cn\RunesterAdmin\public\Runtime\Cache\Adminx\89adaa21df0fc65d39b74f1e2a86e490.php 第 164 行.
SQL: SELECT `cate_title` FROM `ra_category` WHERE ( `cate_id` = 9 ) LIMIT 1   [ RunTime:0.000300s ]
NOTIC: [8] Undefined index: isTopColor D:\website\wohenkaopu.cn\RunesterAdmin\public\Runtime\Cache\Adminx\89adaa21df0fc65d39b74f1e2a86e490.php 第 164 行.
SQL: SELECT `cate_title` FROM `ra_category` WHERE ( `cate_id` = 9 ) LIMIT 1   [ RunTime:0.000257s ]
NOTIC: [8] Undefined index: isTopColor D:\website\wohenkaopu.cn\RunesterAdmin\public\Runtime\Cache\Adminx\89adaa21df0fc65d39b74f1e2a86e490.php 第 164 行.
SQL: SELECT `cate_title` FROM `ra_category` WHERE ( `cate_id` = 9 ) LIMIT 1   [ RunTime:0.000262s ]
NOTIC: [8] Undefined index: isTopColor D:\website\wohenkaopu.cn\RunesterAdmin\public\Runtime\Cache\Adminx\89adaa21df0fc65d39b74f1e2a86e490.php 第 164 行.
SQL: SELECT `cate_title` FROM `ra_category` WHERE ( `cate_id` = 9 ) LIMIT 1   [ RunTime:0.000627s ]
NOTIC: [8] Undefined index: isTopColor D:\website\wohenkaopu.cn\RunesterAdmin\public\Runtime\Cache\Adminx\89adaa21df0fc65d39b74f1e2a86e490.php 第 164 行.
SQL: SELECT `cate_title` FROM `ra_category` WHERE ( `cate_id` = 9 ) LIMIT 1   [ RunTime:0.000362s ]
NOTIC: [8] Undefined index: isTopColor D:\website\wohenkaopu.cn\RunesterAdmin\public\Runtime\Cache\Adminx\89adaa21df0fc65d39b74f1e2a86e490.php 第 164 行.
SQL: SELECT `cate_title` FROM `ra_category` WHERE ( `cate_id` = 9 ) LIMIT 1   [ RunTime:0.000331s ]
NOTIC: [8] Undefined index: isTopColor D:\website\wohenkaopu.cn\RunesterAdmin\public\Runtime\Cache\Adminx\89adaa21df0fc65d39b74f1e2a86e490.php 第 164 行.
SQL: SELECT `cate_title` FROM `ra_category` WHERE ( `cate_id` = 9 ) LIMIT 1   [ RunTime:0.000287s ]
NOTIC: [8] Undefined index: isTopColor D:\website\wohenkaopu.cn\RunesterAdmin\public\Runtime\Cache\Adminx\89adaa21df0fc65d39b74f1e2a86e490.php 第 164 行.
SQL: SELECT `cate_title` FROM `ra_category` WHERE ( `cate_id` = 9 ) LIMIT 1   [ RunTime:0.000355s ]
NOTIC: [8] Undefined index: isTopColor D:\website\wohenkaopu.cn\RunesterAdmin\public\Runtime\Cache\Adminx\89adaa21df0fc65d39b74f1e2a86e490.php 第 164 行.
SQL: SELECT `cate_title` FROM `ra_category` WHERE ( `cate_id` = 9 ) LIMIT 1   [ RunTime:0.000476s ]
NOTIC: [8] Undefined index: isTopColor D:\website\wohenkaopu.cn\RunesterAdmin\public\Runtime\Cache\Adminx\89adaa21df0fc65d39b74f1e2a86e490.php 第 164 行.
SQL: SELECT `cate_title` FROM `ra_category` WHERE ( `cate_id` = 8 ) LIMIT 1   [ RunTime:0.000709s ]
NOTIC: [8] Undefined index: isTopColor D:\website\wohenkaopu.cn\RunesterAdmin\public\Runtime\Cache\Adminx\89adaa21df0fc65d39b74f1e2a86e490.php 第 164 行.
SQL: SELECT `cate_title` FROM `ra_category` WHERE ( `cate_id` = 8 ) LIMIT 1   [ RunTime:0.000341s ]
NOTIC: [8] Undefined index: isTopColor D:\website\wohenkaopu.cn\RunesterAdmin\public\Runtime\Cache\Adminx\89adaa21df0fc65d39b74f1e2a86e490.php 第 164 行.
SQL: SELECT `cate_title` FROM `ra_category` WHERE ( `cate_id` = 7 ) LIMIT 1   [ RunTime:0.000610s ]
NOTIC: [8] Undefined index: isTopColor D:\website\wohenkaopu.cn\RunesterAdmin\public\Runtime\Cache\Adminx\89adaa21df0fc65d39b74f1e2a86e490.php 第 164 行.
SQL: SELECT `cate_title` FROM `ra_category` WHERE ( `cate_id` = 7 ) LIMIT 1   [ RunTime:0.000267s ]
INFO: Run Behavior\ParseTemplateBehavior [ RunTime:0.076313s ]
INFO: [ view_parse ] --END-- [ RunTime:-0.036705s ]
INFO: [ view_filter ] --START--
INFO: Run Behavior\WriteHtmlCacheBehavior [ RunTime:0.000087s ]
INFO: [ view_filter ] --END-- [ RunTime:-0.112290s ]
INFO: [ app_end ] --START--
INFO: Run Behavior\ShowPageTraceBehavior [ RunTime:0.001635s ]
INFO: [ app_end ] --END-- [ RunTime:0.001855s ]

[ 2014-10-13T11:50:16+08:00 ] 1.31.32.38 /index.php/Adminx/Guestbook/index.html
INFO: [ app_init ] --START--
INFO: Run Behavior\BuildLiteBehavior [ RunTime:0.000032s ]
INFO: [ app_init ] --END-- [ RunTime:0.001098s ]
INFO: [ app_begin ] --START--
INFO: Run Behavior\ReadHtmlCacheBehavior [ RunTime:0.001599s ]
INFO: Run Behavior\CheckLangBehavior [ RunTime:0.003743s ]
INFO: [ app_begin ] --END-- [ RunTime:0.005647s ]
NOTIC: [2048] Declaration of Adminx\Controller\CommonController::show() should be compatible with that of Think\Controller::show() D:\website\wohenkaopu.cn\RunesterAdmin\Apps\Adminx\Controller\CommonController.class.php 第 225 行.
NOTIC: [8] Undefined variable: _SESSION D:\website\wohenkaopu.cn\RunesterAdmin\Apps\Adminx\Controller\PublicController.class.php 第 29 行.
NOTIC: [8] Undefined variable: _SESSION D:\website\wohenkaopu.cn\RunesterAdmin\Apps\Adminx\Controller\PublicController.class.php 第 30 行.
NOTIC: [8] Undefined variable: _SESSION D:\website\wohenkaopu.cn\RunesterAdmin\Apps\Adminx\Controller\PublicController.class.php 第 31 行.
NOTIC: [8] Undefined variable: _SESSION D:\website\wohenkaopu.cn\RunesterAdmin\Apps\Adminx\Controller\PublicController.class.php 第 32 行.
NOTIC: [8] Undefined variable: sideactive D:\website\wohenkaopu.cn\RunesterAdmin\Apps\Adminx\Controller\PublicController.class.php 第 48 行.
SQL: SHOW COLUMNS FROM `ra_guestbook` [ RunTime:0.017411s ]
SQL: SELECT COUNT(*) AS tp_count FROM `ra_guestbook` WHERE ( `pid` = 0 ) LIMIT 1   [ RunTime:0.000757s ]
SQL: SELECT * FROM `ra_guestbook` WHERE ( `pid` = 0 ) ORDER BY id DESC LIMIT 0,20   [ RunTime:0.000760s ]
INFO: [ view_parse ] --START--
INFO: [ template_filter ] --START--
INFO: Run Behavior\ContentReplaceBehavior [ RunTime:0.000339s ]
INFO: [ template_filter ] --END-- [ RunTime:0.000618s ]
NOTIC: [8] Undefined variable: Thik D:\website\wohenkaopu.cn\RunesterAdmin\public\Runtime\Cache\Adminx\7c712d3888bd1c2447d2809bc6c2c601.php 第 22 行.
NOTIC: [8] Undefined variable: Thik D:\website\wohenkaopu.cn\RunesterAdmin\public\Runtime\Cache\Adminx\7c712d3888bd1c2447d2809bc6c2c601.php 第 50 行.
NOTIC: [8] Undefined variable: Thik D:\website\wohenkaopu.cn\RunesterAdmin\public\Runtime\Cache\Adminx\7c712d3888bd1c2447d2809bc6c2c601.php 第 52 行.
NOTIC: [8] Undefined variable: Thik D:\website\wohenkaopu.cn\RunesterAdmin\public\Runtime\Cache\Adminx\7c712d3888bd1c2447d2809bc6c2c601.php 第 57 行.
NOTIC: [8] Undefined variable: Thik D:\website\wohenkaopu.cn\RunesterAdmin\public\Runtime\Cache\Adminx\7c712d3888bd1c2447d2809bc6c2c601.php 第 59 行.
NOTIC: [8] Undefined variable: Thik D:\website\wohenkaopu.cn\RunesterAdmin\public\Runtime\Cache\Adminx\7c712d3888bd1c2447d2809bc6c2c601.php 第 61 行.
NOTIC: [8] Undefined variable: Thik D:\website\wohenkaopu.cn\RunesterAdmin\public\Runtime\Cache\Adminx\7c712d3888bd1c2447d2809bc6c2c601.php 第 63 行.
NOTIC: [8] Undefined variable: Think D:\website\wohenkaopu.cn\RunesterAdmin\public\Runtime\Cache\Adminx\7c712d3888bd1c2447d2809bc6c2c601.php 第 84 行.
NOTIC: [8] Undefined variable: read D:\website\wohenkaopu.cn\RunesterAdmin\public\Runtime\Cache\Adminx\7c712d3888bd1c2447d2809bc6c2c601.php 第 84 行.
NOTIC: [8] Undefined variable: hide D:\website\wohenkaopu.cn\RunesterAdmin\public\Runtime\Cache\Adminx\7c712d3888bd1c2447d2809bc6c2c601.php 第 84 行.
NOTIC: [8] Undefined variable: Think D:\website\wohenkaopu.cn\RunesterAdmin\public\Runtime\Cache\Adminx\7c712d3888bd1c2447d2809bc6c2c601.php 第 85 行.
NOTIC: [8] Undefined variable: read D:\website\wohenkaopu.cn\RunesterAdmin\public\Runtime\Cache\Adminx\7c712d3888bd1c2447d2809bc6c2c601.php 第 85 行.
NOTIC: [8] Undefined variable: Think D:\website\wohenkaopu.cn\RunesterAdmin\public\Runtime\Cache\Adminx\7c712d3888bd1c2447d2809bc6c2c601.php 第 86 行.
NOTIC: [8] Undefined variable: hide D:\website\wohenkaopu.cn\RunesterAdmin\public\Runtime\Cache\Adminx\7c712d3888bd1c2447d2809bc6c2c601.php 第 86 行.
NOTIC: [2] Missing argument 1 for Adminx\Widget\GuestbookWidget::bookTable() D:\website\wohenkaopu.cn\RunesterAdmin\Apps\Adminx\Widget\GuestbookWidget.class.php 第 8 行.
NOTIC: [2] Missing argument 1 for Think\Model::where(), called in D:\website\wohenkaopu.cn\RunesterAdmin\Apps\Adminx\Widget\GuestbookWidget.class.php on line 11 and defined D:\website\wohenkaopu.cn\RunesterAdmin\Framework\Library\Think\Model.class.php 第 1576 行.
NOTIC: [8] Undefined variable: where D:\website\wohenkaopu.cn\RunesterAdmin\Framework\Library\Think\Model.class.php 第 1584 行.
NOTIC: [8] Undefined variable: where D:\website\wohenkaopu.cn\RunesterAdmin\Framework\Library\Think\Model.class.php 第 1587 行.
NOTIC: [8] Undefined variable: where D:\website\wohenkaopu.cn\RunesterAdmin\Framework\Library\Think\Model.class.php 第 1595 行.
SQL: SELECT * FROM `ra_guestbook` ORDER BY id DESC  [ RunTime:0.001514s ]
INFO: [ view_parse ] --START--
INFO: [ template_filter ] --START--
INFO: Run Behavior\ContentReplaceBehavior [ RunTime:0.000220s ]
INFO: [ template_filter ] --END-- [ RunTime:-0.035006s ]
NOTIC: [8] Undefined offset: 3 D:\website\wohenkaopu.cn\RunesterAdmin\Apps\Adminx\Common\list.php 第 5 行.
NOTIC: [8] Undefined offset: 3 D:\website\wohenkaopu.cn\RunesterAdmin\Apps\Adminx\Common\list.php 第 5 行.
NOTIC: [8] Undefined index: isHide D:\website\wohenkaopu.cn\RunesterAdmin\Apps\Adminx\Common\list.php 第 54 行.
NOTIC: [8] Undefined index: id D:\website\wohenkaopu.cn\RunesterAdmin\Apps\Adminx\Common\list.php 第 54 行.
NOTIC: [8] Undefined offset: 3 D:\website\wohenkaopu.cn\RunesterAdmin\Apps\Adminx\Common\list.php 第 5 行.
INFO: Run Behavior\ParseTemplateBehavior [ RunTime:0.026945s ]
INFO: [ view_parse ] --END-- [ RunTime:0.027126s ]
INFO: [ view_filter ] --START--
INFO: Run Behavior\WriteHtmlCacheBehavior [ RunTime:0.000710s ]
INFO: [ view_filter ] --END-- [ RunTime:0.000955s ]
NOTIC: [8] Undefined variable: page D:\website\wohenkaopu.cn\RunesterAdmin\public\Runtime\Cache\Adminx\7c712d3888bd1c2447d2809bc6c2c601.php 第 112 行.
INFO: Run Behavior\ParseTemplateBehavior [ RunTime:0.028570s ]
INFO: [ view_parse ] --END-- [ RunTime:0.027126s ]
INFO: [ view_filter ] --START--
INFO: Run Behavior\WriteHtmlCacheBehavior [ RunTime:0.000034s ]
INFO: [ view_filter ] --END-- [ RunTime:-0.000591s ]
INFO: [ app_end ] --START--
INFO: Run Behavior\ShowPageTraceBehavior [ RunTime:0.001347s ]
INFO: [ app_end ] --END-- [ RunTime:0.001645s ]

[ 2014-10-13T11:50:17+08:00 ] 1.31.32.38 /index.php/Adminx/Admin/index.html
INFO: [ app_init ] --START--
INFO: Run Behavior\BuildLiteBehavior [ RunTime:0.000033s ]
INFO: [ app_init ] --END-- [ RunTime:0.001043s ]
INFO: [ app_begin ] --START--
INFO: Run Behavior\ReadHtmlCacheBehavior [ RunTime:0.001007s ]
INFO: Run Behavior\CheckLangBehavior [ RunTime:0.002580s ]
INFO: [ app_begin ] --END-- [ RunTime:0.003819s ]
NOTIC: [2048] Declaration of Adminx\Controller\CommonController::show() should be compatible with that of Think\Controller::show() D:\website\wohenkaopu.cn\RunesterAdmin\Apps\Adminx\Controller\CommonController.class.php 第 225 行.
NOTIC: [8] Undefined variable: _SESSION D:\website\wohenkaopu.cn\RunesterAdmin\Apps\Adminx\Controller\PublicController.class.php 第 29 行.
NOTIC: [8] Undefined variable: _SESSION D:\website\wohenkaopu.cn\RunesterAdmin\Apps\Adminx\Controller\PublicController.class.php 第 30 行.
NOTIC: [8] Undefined variable: _SESSION D:\website\wohenkaopu.cn\RunesterAdmin\Apps\Adminx\Controller\PublicController.class.php 第 31 行.
NOTIC: [8] Undefined variable: _SESSION D:\website\wohenkaopu.cn\RunesterAdmin\Apps\Adminx\Controller\PublicController.class.php 第 32 行.
SQL: SHOW COLUMNS FROM `ra_admin_group` [ RunTime:0.020967s ]
SQL: SELECT * FROM `ra_admin_group`  [ RunTime:0.000699s ]
NOTIC: [8] Undefined index: type D:\website\wohenkaopu.cn\RunesterAdmin\Apps\Adminx\Controller\AdminController.class.php 第 36 行.
NOTIC: [8] Undefined index: status D:\website\wohenkaopu.cn\RunesterAdmin\Apps\Adminx\Controller\AdminController.class.php 第 37 行.
SQL: SHOW COLUMNS FROM `ra_admin` [ RunTime:0.008259s ]
NOTIC: [8] Undefined variable: where D:\website\wohenkaopu.cn\RunesterAdmin\Apps\Adminx\Controller\AdminController.class.php 第 55 行.
SQL: SELECT COUNT(*) AS tp_count FROM `ra_admin` LIMIT 1   [ RunTime:0.000738s ]
NOTIC: [8] Undefined variable: where D:\website\wohenkaopu.cn\RunesterAdmin\Apps\Adminx\Controller\AdminController.class.php 第 59 行.
SQL: SELECT * FROM `ra_admin` ORDER BY id DESC LIMIT 0,10   [ RunTime:0.000756s ]
NOTIC: [8] Undefined index: type D:\website\wohenkaopu.cn\RunesterAdmin\Apps\Adminx\Controller\AdminController.class.php 第 61 行.
INFO: [ view_parse ] --START--
INFO: [ template_filter ] --START--
INFO: Run Behavior\ContentReplaceBehavior [ RunTime:0.000477s ]
INFO: [ template_filter ] --END-- [ RunTime:0.000689s ]
NOTIC: [8] Undefined variable: Thik D:\website\wohenkaopu.cn\RunesterAdmin\public\Runtime\Cache\Adminx\6fcf87db3b32cd09f161f7c921610d7c.php 第 22 行.
NOTIC: [8] Undefined variable: Thik D:\website\wohenkaopu.cn\RunesterAdmin\public\Runtime\Cache\Adminx\6fcf87db3b32cd09f161f7c921610d7c.php 第 50 行.
NOTIC: [8] Undefined index: page D:\website\wohenkaopu.cn\RunesterAdmin\public\Runtime\Cache\Adminx\6fcf87db3b32cd09f161f7c921610d7c.php 第 50 行.
NOTIC: [8] Undefined variable: Thik D:\website\wohenkaopu.cn\RunesterAdmin\public\Runtime\Cache\Adminx\6fcf87db3b32cd09f161f7c921610d7c.php 第 52 行.
NOTIC: [8] Undefined index: article D:\website\wohenkaopu.cn\RunesterAdmin\public\Runtime\Cache\Adminx\6fcf87db3b32cd09f161f7c921610d7c.php 第 52 行.
NOTIC: [8] Undefined variable: Thik D:\website\wohenkaopu.cn\RunesterAdmin\public\Runtime\Cache\Adminx\6fcf87db3b32cd09f161f7c921610d7c.php 第 57 行.
NOTIC: [8] Undefined variable: Thik D:\website\wohenkaopu.cn\RunesterAdmin\public\Runtime\Cache\Adminx\6fcf87db3b32cd09f161f7c921610d7c.php 第 59 行.
NOTIC: [8] Undefined index: rule D:\website\wohenkaopu.cn\RunesterAdmin\public\Runtime\Cache\Adminx\6fcf87db3b32cd09f161f7c921610d7c.php 第 59 行.
NOTIC: [8] Undefined variable: Thik D:\website\wohenkaopu.cn\RunesterAdmin\public\Runtime\Cache\Adminx\6fcf87db3b32cd09f161f7c921610d7c.php 第 61 行.
NOTIC: [8] Undefined index: nav D:\website\wohenkaopu.cn\RunesterAdmin\public\Runtime\Cache\Adminx\6fcf87db3b32cd09f161f7c921610d7c.php 第 61 行.
NOTIC: [8] Undefined variable: Thik D:\website\wohenkaopu.cn\RunesterAdmin\public\Runtime\Cache\Adminx\6fcf87db3b32cd09f161f7c921610d7c.php 第 63 行.
NOTIC: [8] Undefined index: config D:\website\wohenkaopu.cn\RunesterAdmin\public\Runtime\Cache\Adminx\6fcf87db3b32cd09f161f7c921610d7c.php 第 63 行.
NOTIC: [8] Undefined variable: Think D:\website\wohenkaopu.cn\RunesterAdmin\public\Runtime\Cache\Adminx\6fcf87db3b32cd09f161f7c921610d7c.php 第 80 行.
SQL: SHOW COLUMNS FROM `ra_admin_group_access` [ RunTime:0.015041s ]
SQL: SELECT * FROM `ra_admin_group_access` WHERE ( `uid` = 6 )  [ RunTime:0.001379s ]
SQL: SELECT * FROM `ra_admin_group` WHERE ( `id` = 4 ) LIMIT 1   [ RunTime:0.000761s ]
NOTIC: [8] Undefined index: admin_loginTime D:\website\wohenkaopu.cn\RunesterAdmin\public\Runtime\Cache\Adminx\6fcf87db3b32cd09f161f7c921610d7c.php 第 141 行.
SQL: SELECT * FROM `ra_admin_group_access` WHERE ( `uid` = 5 )  [ RunTime:0.001906s ]
SQL: SELECT * FROM `ra_admin_group` WHERE ( `id` = 1 ) LIMIT 1   [ RunTime:0.001228s ]
NOTIC: [8] Undefined index: admin_loginTime D:\website\wohenkaopu.cn\RunesterAdmin\public\Runtime\Cache\Adminx\6fcf87db3b32cd09f161f7c921610d7c.php 第 141 行.
SQL: SELECT * FROM `ra_admin_group_access` WHERE ( `uid` = 4 )  [ RunTime:0.001032s ]
NOTIC: [8] Undefined index: admin_loginTime D:\website\wohenkaopu.cn\RunesterAdmin\public\Runtime\Cache\Adminx\6fcf87db3b32cd09f161f7c921610d7c.php 第 141 行.
SQL: SELECT * FROM `ra_admin_group_access` WHERE ( `uid` = 3 )  [ RunTime:0.000648s ]
SQL: SELECT * FROM `ra_admin_group` WHERE ( `id` = 4 ) LIMIT 1   [ RunTime:0.000364s ]
NOTIC: [8] Undefined index: admin_loginTime D:\website\wohenkaopu.cn\RunesterAdmin\public\Runtime\Cache\Adminx\6fcf87db3b32cd09f161f7c921610d7c.php 第 141 行.
SQL: SELECT * FROM `ra_admin_group_access` WHERE ( `uid` = 2 )  [ RunTime:0.000743s ]
SQL: SELECT * FROM `ra_admin_group` WHERE ( `id` = 1 ) LIMIT 1   [ RunTime:0.000318s ]
NOTIC: [8] Undefined index: admin_loginTime D:\website\wohenkaopu.cn\RunesterAdmin\public\Runtime\Cache\Adminx\6fcf87db3b32cd09f161f7c921610d7c.php 第 141 行.
NOTIC: [8] Undefined variable: page D:\website\wohenkaopu.cn\RunesterAdmin\public\Runtime\Cache\Adminx\6fcf87db3b32cd09f161f7c921610d7c.php 第 172 行.
INFO: Run Behavior\ParseTemplateBehavior [ RunTime:0.094877s ]
INFO: [ view_parse ] --END-- [ RunTime:0.095155s ]
INFO: [ view_filter ] --START--
INFO: Run Behavior\WriteHtmlCacheBehavior [ RunTime:0.000739s ]
INFO: [ view_filter ] --END-- [ RunTime:0.000903s ]
INFO: [ app_end ] --START--
INFO: Run Behavior\ShowPageTraceBehavior [ RunTime:0.001505s ]
INFO: [ app_end ] --END-- [ RunTime:0.001698s ]

[ 2014-10-13T11:50:18+08:00 ] 1.31.32.38 /index.php/Adminx/AdminRule/index.html
INFO: [ app_init ] --START--
INFO: Run Behavior\BuildLiteBehavior [ RunTime:0.000037s ]
INFO: [ app_init ] --END-- [ RunTime:0.000702s ]
INFO: [ app_begin ] --START--
INFO: Run Behavior\ReadHtmlCacheBehavior [ RunTime:0.001036s ]
INFO: Run Behavior\CheckLangBehavior [ RunTime:0.002505s ]
INFO: [ app_begin ] --END-- [ RunTime:0.003784s ]
NOTIC: [2048] Declaration of Adminx\Controller\CommonController::show() should be compatible with that of Think\Controller::show() D:\website\wohenkaopu.cn\RunesterAdmin\Apps\Adminx\Controller\CommonController.class.php 第 225 行.
NOTIC: [8] Undefined variable: _SESSION D:\website\wohenkaopu.cn\RunesterAdmin\Apps\Adminx\Controller\PublicController.class.php 第 29 行.
NOTIC: [8] Undefined variable: _SESSION D:\website\wohenkaopu.cn\RunesterAdmin\Apps\Adminx\Controller\PublicController.class.php 第 30 行.
NOTIC: [8] Undefined variable: _SESSION D:\website\wohenkaopu.cn\RunesterAdmin\Apps\Adminx\Controller\PublicController.class.php 第 31 行.
NOTIC: [8] Undefined variable: _SESSION D:\website\wohenkaopu.cn\RunesterAdmin\Apps\Adminx\Controller\PublicController.class.php 第 32 行.
SQL: SHOW COLUMNS FROM `ra_admin_rule_cate` [ RunTime:0.029278s ]
SQL: SELECT * FROM `ra_admin_rule_cate`  [ RunTime:0.002246s ]
SQL: SHOW COLUMNS FROM `ra_admin_rule` [ RunTime:0.018481s ]
NOTIC: [8] Undefined index: pid D:\website\wohenkaopu.cn\RunesterAdmin\Apps\Adminx\Controller\AdminRuleController.class.php 第 38 行.
NOTIC: [8] Undefined variable: where D:\website\wohenkaopu.cn\RunesterAdmin\Apps\Adminx\Controller\AdminRuleController.class.php 第 42 行.
SQL: SELECT COUNT(*) AS tp_count FROM `ra_admin_rule` LIMIT 1   [ RunTime:0.001696s ]
NOTIC: [8] Undefined variable: where D:\website\wohenkaopu.cn\RunesterAdmin\Apps\Adminx\Controller\AdminRuleController.class.php 第 46 行.
NOTIC: [8] Undefined variable: field D:\website\wohenkaopu.cn\RunesterAdmin\Apps\Adminx\Controller\AdminRuleController.class.php 第 46 行.
SQL: SELECT * FROM `ra_admin_rule` ORDER BY sort ASC,id ASC LIMIT 0,30   [ RunTime:0.010075s ]
NOTIC: [8] Undefined index: pid D:\website\wohenkaopu.cn\RunesterAdmin\Apps\Adminx\Controller\AdminRuleController.class.php 第 48 行.
INFO: [ view_parse ] --START--
INFO: [ template_filter ] --START--
INFO: Run Behavior\ContentReplaceBehavior [ RunTime:0.000384s ]
INFO: [ template_filter ] --END-- [ RunTime:0.000550s ]
NOTIC: [8] Undefined variable: Thik D:\website\wohenkaopu.cn\RunesterAdmin\public\Runtime\Cache\Adminx\01a820b6b6b2ae7dd106a9fcfb428cd2.php 第 22 行.
NOTIC: [8] Undefined variable: Thik D:\website\wohenkaopu.cn\RunesterAdmin\public\Runtime\Cache\Adminx\01a820b6b6b2ae7dd106a9fcfb428cd2.php 第 50 行.
NOTIC: [8] Undefined index: page D:\website\wohenkaopu.cn\RunesterAdmin\public\Runtime\Cache\Adminx\01a820b6b6b2ae7dd106a9fcfb428cd2.php 第 50 行.
NOTIC: [8] Undefined variable: Thik D:\website\wohenkaopu.cn\RunesterAdmin\public\Runtime\Cache\Adminx\01a820b6b6b2ae7dd106a9fcfb428cd2.php 第 52 行.
NOTIC: [8] Undefined index: article D:\website\wohenkaopu.cn\RunesterAdmin\public\Runtime\Cache\Adminx\01a820b6b6b2ae7dd106a9fcfb428cd2.php 第 52 行.
NOTIC: [8] Undefined variable: Thik D:\website\wohenkaopu.cn\RunesterAdmin\public\Runtime\Cache\Adminx\01a820b6b6b2ae7dd106a9fcfb428cd2.php 第 57 行.
NOTIC: [8] Undefined index: admin D:\website\wohenkaopu.cn\RunesterAdmin\public\Runtime\Cache\Adminx\01a820b6b6b2ae7dd106a9fcfb428cd2.php 第 57 行.
NOTIC: [8] Undefined variable: Thik D:\website\wohenkaopu.cn\RunesterAdmin\public\Runtime\Cache\Adminx\01a820b6b6b2ae7dd106a9fcfb428cd2.php 第 59 行.
NOTIC: [8] Undefined variable: Thik D:\website\wohenkaopu.cn\RunesterAdmin\public\Runtime\Cache\Adminx\01a820b6b6b2ae7dd106a9fcfb428cd2.php 第 61 行.
NOTIC: [8] Undefined index: nav D:\website\wohenkaopu.cn\RunesterAdmin\public\Runtime\Cache\Adminx\01a820b6b6b2ae7dd106a9fcfb428cd2.php 第 61 行.
NOTIC: [8] Undefined variable: Thik D:\website\wohenkaopu.cn\RunesterAdmin\public\Runtime\Cache\Adminx\01a820b6b6b2ae7dd106a9fcfb428cd2.php 第 63 行.
NOTIC: [8] Undefined index: config D:\website\wohenkaopu.cn\RunesterAdmin\public\Runtime\Cache\Adminx\01a820b6b6b2ae7dd106a9fcfb428cd2.php 第 63 行.
NOTIC: [8] Undefined variable: Think D:\website\wohenkaopu.cn\RunesterAdmin\public\Runtime\Cache\Adminx\01a820b6b6b2ae7dd106a9fcfb428cd2.php 第 84 行.
SQL: SELECT * FROM `ra_admin_rule_cate` WHERE ( pid = 0 ) ORDER BY sort ASC,id ASC  [ RunTime:0.001117s ]
NOTIC: [8] Undefined variable: subclass D:\website\wohenkaopu.cn\RunesterAdmin\Apps\Adminx\Common\sidebar.php 第 57 行.
SQL: SELECT * FROM `ra_admin_rule_cate` WHERE ( pid = 16 ) ORDER BY sort ASC,id ASC  [ RunTime:0.001008s ]
SQL: SELECT * FROM `ra_admin_rule_cate` WHERE ( pid = 17 ) ORDER BY sort ASC,id ASC  [ RunTime:0.000945s ]
NOTIC: [8] Undefined variable: subclass D:\website\wohenkaopu.cn\RunesterAdmin\Apps\Adminx\Common\sidebar.php 第 57 行.
SQL: SELECT * FROM `ra_admin_rule_cate` WHERE ( pid = 7 ) ORDER BY sort ASC,id ASC  [ RunTime:0.000718s ]
SQL: SELECT * FROM `ra_admin_rule_cate` WHERE ( pid = 8 ) ORDER BY sort ASC,id ASC  [ RunTime:0.000645s ]
NOTIC: [8] Undefined variable: subclass D:\website\wohenkaopu.cn\RunesterAdmin\Apps\Adminx\Common\sidebar.php 第 57 行.
SQL: SELECT * FROM `ra_admin_rule_cate` WHERE ( pid = 12 ) ORDER BY sort ASC,id ASC  [ RunTime:0.000660s ]
SQL: SELECT * FROM `ra_admin_rule_cate` WHERE ( pid = 13 ) ORDER BY sort ASC,id ASC  [ RunTime:0.000893s ]
NOTIC: [8] Undefined variable: subclass D:\website\wohenkaopu.cn\RunesterAdmin\Apps\Adminx\Common\sidebar.php 第 57 行.
SQL: SELECT * FROM `ra_admin_rule_cate` WHERE ( pid = 5 ) ORDER BY sort ASC,id ASC  [ RunTime:0.000600s ]
SQL: SELECT * FROM `ra_admin_rule_cate` WHERE ( pid = 6 ) ORDER BY sort ASC,id ASC  [ RunTime:0.000572s ]
NOTIC: [8] Undefined variable: subclass D:\website\wohenkaopu.cn\RunesterAdmin\Apps\Adminx\Common\sidebar.php 第 57 行.
SQL: SELECT * FROM `ra_admin_rule_cate` WHERE ( pid = 1 ) ORDER BY sort ASC,id ASC  [ RunTime:0.000675s ]
SQL: SELECT * FROM `ra_admin_rule_cate` WHERE ( pid = 2 ) ORDER BY sort ASC,id ASC  [ RunTime:0.000679s ]
SQL: SELECT * FROM `ra_admin_rule_cate` WHERE ( pid = 3 ) ORDER BY sort ASC,id ASC  [ RunTime:0.000638s ]
NOTIC: [8] Undefined variable: subclass D:\website\wohenkaopu.cn\RunesterAdmin\Apps\Adminx\Common\sidebar.php 第 57 行.
SQL: SELECT * FROM `ra_admin_rule_cate` WHERE ( pid = 36 ) ORDER BY sort ASC,id ASC  [ RunTime:0.000723s ]
SQL: SELECT * FROM `ra_admin_rule_cate` WHERE ( pid = 37 ) ORDER BY sort ASC,id ASC  [ RunTime:0.000887s ]
NOTIC: [8] Undefined variable: subclass D:\website\wohenkaopu.cn\RunesterAdmin\Apps\Adminx\Common\sidebar.php 第 57 行.
SQL: SELECT * FROM `ra_admin_rule_cate` WHERE ( pid = 19 ) ORDER BY sort ASC,id ASC  [ RunTime:0.000915s ]
SQL: SELECT * FROM `ra_admin_rule_cate` WHERE ( pid = 25 ) ORDER BY sort ASC,id ASC  [ RunTime:0.001064s ]
SQL: SELECT * FROM `ra_admin_rule_cate` WHERE ( pid = 26 ) ORDER BY sort ASC,id ASC  [ RunTime:0.000633s ]
SQL: SELECT * FROM `ra_admin_rule_cate` WHERE ( pid = 42 ) ORDER BY sort ASC,id ASC  [ RunTime:0.000715s ]
NOTIC: [8] Undefined variable: subclass D:\website\wohenkaopu.cn\RunesterAdmin\Apps\Adminx\Common\sidebar.php 第 57 行.
SQL: SELECT * FROM `ra_admin_rule_cate` WHERE ( pid = 10 ) ORDER BY sort ASC,id ASC  [ RunTime:0.000777s ]
SQL: SELECT * FROM `ra_admin_rule_cate` WHERE ( pid = 11 ) ORDER BY sort ASC,id ASC  [ RunTime:0.000619s ]
NOTIC: [8] Undefined variable: subclass D:\website\wohenkaopu.cn\RunesterAdmin\Apps\Adminx\Common\sidebar.php 第 57 行.
SQL: SELECT * FROM `ra_admin_rule_cate` WHERE ( pid = 41 ) ORDER BY sort ASC,id ASC  [ RunTime:0.000698s ]
SQL: SELECT * FROM `ra_admin_rule_cate` WHERE ( pid = 4 ) ORDER BY sort ASC,id ASC  [ RunTime:0.000668s ]
SQL: SELECT * FROM `ra_admin_rule_cate` WHERE ( pid = 35 ) ORDER BY sort ASC,id ASC  [ RunTime:0.000716s ]
NOTIC: [8] Undefined variable: subclass D:\website\wohenkaopu.cn\RunesterAdmin\Apps\Adminx\Common\sidebar.php 第 57 行.
SQL: SELECT * FROM `ra_admin_rule_cate` WHERE ( pid = 38 ) ORDER BY sort ASC,id ASC  [ RunTime:0.000670s ]
SQL: SELECT * FROM `ra_admin_rule_cate` WHERE ( pid = 39 ) ORDER BY sort ASC,id ASC  [ RunTime:0.000683s ]
SQL: SELECT * FROM `ra_admin_rule_cate` WHERE ( pid = 40 ) ORDER BY sort ASC,id ASC  [ RunTime:0.001235s ]
NOTIC: [8] Undefined index: isProtect D:\website\wohenkaopu.cn\RunesterAdmin\public\Runtime\Cache\Adminx\01a820b6b6b2ae7dd106a9fcfb428cd2.php 第 128 行.
NOTIC: [8] Undefined index: isProtect D:\website\wohenkaopu.cn\RunesterAdmin\public\Runtime\Cache\Adminx\01a820b6b6b2ae7dd106a9fcfb428cd2.php 第 128 行.
NOTIC: [8] Undefined index: isProtect D:\website\wohenkaopu.cn\RunesterAdmin\public\Runtime\Cache\Adminx\01a820b6b6b2ae7dd106a9fcfb428cd2.php 第 128 行.
NOTIC: [8] Undefined index: isProtect D:\website\wohenkaopu.cn\RunesterAdmin\public\Runtime\Cache\Adminx\01a820b6b6b2ae7dd106a9fcfb428cd2.php 第 128 行.
NOTIC: [8] Undefined index: isProtect D:\website\wohenkaopu.cn\RunesterAdmin\public\Runtime\Cache\Adminx\01a820b6b6b2ae7dd106a9fcfb428cd2.php 第 128 行.
NOTIC: [8] Undefined index: isProtect D:\website\wohenkaopu.cn\RunesterAdmin\public\Runtime\Cache\Adminx\01a820b6b6b2ae7dd106a9fcfb428cd2.php 第 128 行.
NOTIC: [8] Undefined index: isProtect D:\website\wohenkaopu.cn\RunesterAdmin\public\Runtime\Cache\Adminx\01a820b6b6b2ae7dd106a9fcfb428cd2.php 第 128 行.
NOTIC: [8] Undefined index: isProtect D:\website\wohenkaopu.cn\RunesterAdmin\public\Runtime\Cache\Adminx\01a820b6b6b2ae7dd106a9fcfb428cd2.php 第 128 行.
NOTIC: [8] Undefined index: isProtect D:\website\wohenkaopu.cn\RunesterAdmin\public\Runtime\Cache\Adminx\01a820b6b6b2ae7dd106a9fcfb428cd2.php 第 128 行.
NOTIC: [8] Undefined index: isProtect D:\website\wohenkaopu.cn\RunesterAdmin\public\Runtime\Cache\Adminx\01a820b6b6b2ae7dd106a9fcfb428cd2.php 第 128 行.
NOTIC: [8] Undefined index: isProtect D:\website\wohenkaopu.cn\RunesterAdmin\public\Runtime\Cache\Adminx\01a820b6b6b2ae7dd106a9fcfb428cd2.php 第 128 行.
NOTIC: [8] Undefined index: isProtect D:\website\wohenkaopu.cn\RunesterAdmin\public\Runtime\Cache\Adminx\01a820b6b6b2ae7dd106a9fcfb428cd2.php 第 128 行.
NOTIC: [8] Undefined index: isProtect D:\website\wohenkaopu.cn\RunesterAdmin\public\Runtime\Cache\Adminx\01a820b6b6b2ae7dd106a9fcfb428cd2.php 第 128 行.
NOTIC: [8] Undefined index: isProtect D:\website\wohenkaopu.cn\RunesterAdmin\public\Runtime\Cache\Adminx\01a820b6b6b2ae7dd106a9fcfb428cd2.php 第 128 行.
NOTIC: [8] Undefined index: isProtect D:\website\wohenkaopu.cn\RunesterAdmin\public\Runtime\Cache\Adminx\01a820b6b6b2ae7dd106a9fcfb428cd2.php 第 128 行.
NOTIC: [8] Undefined index: isProtect D:\website\wohenkaopu.cn\RunesterAdmin\public\Runtime\Cache\Adminx\01a820b6b6b2ae7dd106a9fcfb428cd2.php 第 128 行.
NOTIC: [8] Undefined index: isProtect D:\website\wohenkaopu.cn\RunesterAdmin\public\Runtime\Cache\Adminx\01a820b6b6b2ae7dd106a9fcfb428cd2.php 第 128 行.
NOTIC: [8] Undefined index: isProtect D:\website\wohenkaopu.cn\RunesterAdmin\public\Runtime\Cache\Adminx\01a820b6b6b2ae7dd106a9fcfb428cd2.php 第 128 行.
NOTIC: [8] Undefined index: isProtect D:\website\wohenkaopu.cn\RunesterAdmin\public\Runtime\Cache\Adminx\01a820b6b6b2ae7dd106a9fcfb428cd2.php 第 128 行.
NOTIC: [8] Undefined index: isProtect D:\website\wohenkaopu.cn\RunesterAdmin\public\Runtime\Cache\Adminx\01a820b6b6b2ae7dd106a9fcfb428cd2.php 第 128 行.
NOTIC: [8] Undefined index: isProtect D:\website\wohenkaopu.cn\RunesterAdmin\public\Runtime\Cache\Adminx\01a820b6b6b2ae7dd106a9fcfb428cd2.php 第 128 行.
NOTIC: [8] Undefined index: isProtect D:\website\wohenkaopu.cn\RunesterAdmin\public\Runtime\Cache\Adminx\01a820b6b6b2ae7dd106a9fcfb428cd2.php 第 128 行.
NOTIC: [8] Undefined index: isProtect D:\website\wohenkaopu.cn\RunesterAdmin\public\Runtime\Cache\Adminx\01a820b6b6b2ae7dd106a9fcfb428cd2.php 第 128 行.
NOTIC: [8] Undefined index: isProtect D:\website\wohenkaopu.cn\RunesterAdmin\public\Runtime\Cache\Adminx\01a820b6b6b2ae7dd106a9fcfb428cd2.php 第 128 行.
NOTIC: [8] Undefined index: isProtect D:\website\wohenkaopu.cn\RunesterAdmin\public\Runtime\Cache\Adminx\01a820b6b6b2ae7dd106a9fcfb428cd2.php 第 128 行.
NOTIC: [8] Undefined index: isProtect D:\website\wohenkaopu.cn\RunesterAdmin\public\Runtime\Cache\Adminx\01a820b6b6b2ae7dd106a9fcfb428cd2.php 第 128 行.
NOTIC: [8] Undefined index: isProtect D:\website\wohenkaopu.cn\RunesterAdmin\public\Runtime\Cache\Adminx\01a820b6b6b2ae7dd106a9fcfb428cd2.php 第 128 行.
NOTIC: [8] Undefined index: isProtect D:\website\wohenkaopu.cn\RunesterAdmin\public\Runtime\Cache\Adminx\01a820b6b6b2ae7dd106a9fcfb428cd2.php 第 128 行.
NOTIC: [8] Undefined index: isProtect D:\website\wohenkaopu.cn\RunesterAdmin\public\Runtime\Cache\Adminx\01a820b6b6b2ae7dd106a9fcfb428cd2.php 第 128 行.
NOTIC: [8] Undefined index: isProtect D:\website\wohenkaopu.cn\RunesterAdmin\public\Runtime\Cache\Adminx\01a820b6b6b2ae7dd106a9fcfb428cd2.php 第 128 行.
INFO: Run Behavior\ParseTemplateBehavior [ RunTime:0.101244s ]
INFO: [ view_parse ] --END-- [ RunTime:0.101418s ]
INFO: [ view_filter ] --START--
INFO: Run Behavior\WriteHtmlCacheBehavior [ RunTime:0.000686s ]
INFO: [ view_filter ] --END-- [ RunTime:0.000905s ]
INFO: [ app_end ] --START--
INFO: Run Behavior\ShowPageTraceBehavior [ RunTime:0.001414s ]
INFO: [ app_end ] --END-- [ RunTime:0.001601s ]

