[ 2014-11-20T13:58:31+08:00 ] 220.181.108.113 /index.php/Adminx/Index/LoginOut.html
INFO: [ app_init ] --START--
INFO: Run Behavior\BuildLiteBehavior [ RunTime:0.000053s ]
INFO: [ app_init ] --END-- [ RunTime:0.002264s ]
INFO: [ app_begin ] --START--
INFO: Run Behavior\ReadHtmlCacheBehavior [ RunTime:0.004033s ]
INFO: Run Behavior\CheckLangBehavior [ RunTime:0.034486s ]
INFO: [ app_begin ] --END-- [ RunTime:0.038953s ]
NOTIC: [8] Undefined variable: _SESSION D:\website\wohenkaopu.cn\RunesterAdmin\Apps\Adminx\Controller\IndexController.class.php 第 68 行.
NOTIC: [8] Undefined variable: _SESSION D:\website\wohenkaopu.cn\RunesterAdmin\Apps\Adminx\Controller\IndexController.class.php 第 69 行.
NOTIC: [8] Undefined variable: _SESSION D:\website\wohenkaopu.cn\RunesterAdmin\Apps\Adminx\Controller\IndexController.class.php 第 70 行.
NOTIC: [2] session_destroy(): Trying to destroy uninitialized session D:\website\wohenkaopu.cn\RunesterAdmin\Apps\Adminx\Controller\IndexController.class.php 第 72 行.
INFO: [ view_parse ] --START--
INFO: [ template_filter ] --START--
INFO: Run Behavior\ContentReplaceBehavior [ RunTime:0.000203s ]
INFO: [ template_filter ] --END-- [ RunTime:0.000392s ]
INFO: Run Behavior\ParseTemplateBehavior [ RunTime:0.094673s ]
INFO: [ view_parse ] --END-- [ RunTime:0.094892s ]
INFO: [ view_filter ] --START--
INFO: Run Behavior\WriteHtmlCacheBehavior [ RunTime:0.006125s ]
INFO: [ view_filter ] --END-- [ RunTime:0.006315s ]
INFO: [ app_end ] --START--
INFO: Run Behavior\ShowPageTraceBehavior [ RunTime:0.002245s ]
INFO: [ app_end ] --END-- [ RunTime:0.002517s ]

[ 2014-11-20T14:02:02+08:00 ] 220.181.108.79 /index.php/Adminx/Index/index.html
INFO: [ app_init ] --START--
INFO: Run Behavior\BuildLiteBehavior [ RunTime:0.000034s ]
INFO: [ app_init ] --END-- [ RunTime:0.000994s ]
INFO: [ app_begin ] --START--
INFO: Run Behavior\ReadHtmlCacheBehavior [ RunTime:0.001525s ]
INFO: Run Behavior\CheckLangBehavior [ RunTime:0.004049s ]
INFO: [ app_begin ] --END-- [ RunTime:0.005909s ]
INFO: [ view_parse ] --START--
INFO: [ template_filter ] --START--
INFO: Run Behavior\ContentReplaceBehavior [ RunTime:0.000290s ]
INFO: [ template_filter ] --END-- [ RunTime:0.000519s ]
NOTIC: [8] Undefined variable: Thik D:\website\wohenkaopu.cn\RunesterAdmin\public\Runtime\Cache\Adminx\9a23780d1df432d01cb2940764d7a3a2.php 第 26 行.
INFO: Run Behavior\ParseTemplateBehavior [ RunTime:0.063364s ]
INFO: [ view_parse ] --END-- [ RunTime:0.063589s ]
INFO: [ view_filter ] --START--
INFO: Run Behavior\WriteHtmlCacheBehavior [ RunTime:0.000859s ]
INFO: [ view_filter ] --END-- [ RunTime:0.001047s ]
INFO: [ app_end ] --START--
INFO: Run Behavior\ShowPageTraceBehavior [ RunTime:0.001914s ]
INFO: [ app_end ] --END-- [ RunTime:0.002114s ]

[ 2014-11-20T18:41:21+08:00 ] 123.125.71.101 /index.php?s=/Adminx
INFO: [ app_init ] --START--
INFO: Run Behavior\BuildLiteBehavior [ RunTime:0.000040s ]
INFO: [ app_init ] --END-- [ RunTime:0.000963s ]
INFO: [ app_begin ] --START--
INFO: Run Behavior\ReadHtmlCacheBehavior [ RunTime:0.001083s ]
INFO: Run Behavior\CheckLangBehavior [ RunTime:0.003558s ]
INFO: [ app_begin ] --END-- [ RunTime:0.004893s ]
INFO: [ view_parse ] --START--
INFO: [ template_filter ] --START--
INFO: Run Behavior\ContentReplaceBehavior [ RunTime:0.000199s ]
INFO: [ template_filter ] --END-- [ RunTime:0.000392s ]
NOTIC: [8] Undefined variable: Thik D:\website\wohenkaopu.cn\RunesterAdmin\public\Runtime\Cache\Adminx\9a23780d1df432d01cb2940764d7a3a2.php 第 26 行.
INFO: Run Behavior\ParseTemplateBehavior [ RunTime:0.047854s ]
INFO: [ view_parse ] --END-- [ RunTime:0.047985s ]
INFO: [ view_filter ] --START--
INFO: Run Behavior\WriteHtmlCacheBehavior [ RunTime:0.000603s ]
INFO: [ view_filter ] --END-- [ RunTime:0.000715s ]
INFO: [ app_end ] --START--
INFO: Run Behavior\ShowPageTraceBehavior [ RunTime:0.001253s ]
INFO: [ app_end ] --END-- [ RunTime:0.001602s ]

