[ 2014-11-12T17:02:20+08:00 ] 182.246.100.83 /index.php?s=/Adminx
INFO: [ app_init ] --START--
INFO: Run Behavior\BuildLiteBehavior [ RunTime:0.000039s ]
INFO: [ app_init ] --END-- [ RunTime:0.001843s ]
INFO: [ app_begin ] --START--
INFO: Run Behavior\ReadHtmlCacheBehavior [ RunTime:0.002434s ]
INFO: Run Behavior\CheckLangBehavior [ RunTime:0.017382s ]
INFO: [ app_begin ] --END-- [ RunTime:0.020126s ]
INFO: [ view_parse ] --START--
INFO: [ template_filter ] --START--
INFO: Run Behavior\ContentReplaceBehavior [ RunTime:0.000183s ]
INFO: [ template_filter ] --END-- [ RunTime:0.000345s ]
NOTIC: [8] Undefined variable: Thik D:\website\wohenkaopu.cn\RunesterAdmin\public\Runtime\Cache\Adminx\9a23780d1df432d01cb2940764d7a3a2.php 第 26 行.
INFO: Run Behavior\ParseTemplateBehavior [ RunTime:0.104917s ]
INFO: [ view_parse ] --END-- [ RunTime:0.105112s ]
INFO: [ view_filter ] --START--
INFO: Run Behavior\WriteHtmlCacheBehavior [ RunTime:0.010387s ]
INFO: [ view_filter ] --END-- [ RunTime:0.010611s ]
INFO: [ app_end ] --START--
INFO: Run Behavior\ShowPageTraceBehavior [ RunTime:0.002693s ]
INFO: [ app_end ] --END-- [ RunTime:0.002970s ]

[ 2014-11-12T17:02:23+08:00 ] 119.147.146.189 /index.php?s=/Adminx
INFO: [ app_init ] --START--
INFO: Run Behavior\BuildLiteBehavior [ RunTime:0.000034s ]
INFO: [ app_init ] --END-- [ RunTime:0.000765s ]
INFO: [ app_begin ] --START--
INFO: Run Behavior\ReadHtmlCacheBehavior [ RunTime:0.000985s ]
INFO: Run Behavior\CheckLangBehavior [ RunTime:0.002558s ]
INFO: [ app_begin ] --END-- [ RunTime:0.003775s ]
INFO: [ view_parse ] --START--
INFO: [ template_filter ] --START--
INFO: Run Behavior\ContentReplaceBehavior [ RunTime:0.000178s ]
INFO: [ template_filter ] --END-- [ RunTime:0.000318s ]
NOTIC: [8] Undefined variable: Thik D:\website\wohenkaopu.cn\RunesterAdmin\public\Runtime\Cache\Adminx\9a23780d1df432d01cb2940764d7a3a2.php 第 26 行.
INFO: Run Behavior\ParseTemplateBehavior [ RunTime:0.018073s ]
INFO: [ view_parse ] --END-- [ RunTime:0.018204s ]
INFO: [ view_filter ] --START--
INFO: Run Behavior\WriteHtmlCacheBehavior [ RunTime:0.000485s ]
INFO: [ view_filter ] --END-- [ RunTime:0.000598s ]
INFO: [ app_end ] --START--
INFO: Run Behavior\ShowPageTraceBehavior [ RunTime:0.001132s ]
INFO: [ app_end ] --END-- [ RunTime:0.001253s ]

[ 2014-11-12T17:02:33+08:00 ] 182.246.100.83 /index.php/Adminx/Index/login.html
INFO: [ app_init ] --START--
INFO: Run Behavior\BuildLiteBehavior [ RunTime:0.000079s ]
INFO: [ app_init ] --END-- [ RunTime:0.000905s ]
INFO: [ app_begin ] --START--
INFO: Run Behavior\ReadHtmlCacheBehavior [ RunTime:0.000882s ]
INFO: Run Behavior\CheckLangBehavior [ RunTime:0.002450s ]
INFO: [ app_begin ] --END-- [ RunTime:0.003560s ]
NOTIC: [8] Undefined index: autocheck D:\website\wohenkaopu.cn\RunesterAdmin\Apps\Adminx\Controller\IndexController.class.php 第 26 行.
SQL: SHOW COLUMNS FROM `ra_admin` [ RunTime:0.025486s ]
SQL: SELECT * FROM `ra_admin` WHERE ( `username` = 'avatar' ) LIMIT 1   [ RunTime:0.001057s ]
NOTIC: [8] Undefined variable: set D:\website\wohenkaopu.cn\RunesterAdmin\Framework\Library\Think\Db.class.php 第 297 行.
NOTIC: [2] implode(): Invalid arguments passed D:\website\wohenkaopu.cn\RunesterAdmin\Framework\Library\Think\Db.class.php 第 297 行.
SQL: UPDATE `ra_admin` SET  WHERE ( id = 2 ) [ RunTime:0.000311s ]
ERR: 1064:You have an error in your SQL syntax; check the manual that corresponds to your MySQL server version for the right syntax to use near 'WHERE ( id = 2 )' at line 1
 [ SQL语句 ] : UPDATE `ra_admin` SET  WHERE ( id = 2 )
INFO: [ app_end ] --START--
INFO: Run Behavior\ShowPageTraceBehavior [ RunTime:0.001406s ]
INFO: [ app_end ] --END-- [ RunTime:0.001631s ]

[ 2014-11-12T17:02:33+08:00 ] 182.246.100.83 /index.php/Adminx/Page/add.html
INFO: [ app_init ] --START--
INFO: Run Behavior\BuildLiteBehavior [ RunTime:0.000047s ]
INFO: [ app_init ] --END-- [ RunTime:0.000897s ]
INFO: [ app_begin ] --START--
INFO: Run Behavior\ReadHtmlCacheBehavior [ RunTime:0.001177s ]
INFO: Run Behavior\CheckLangBehavior [ RunTime:0.002945s ]
INFO: [ app_begin ] --END-- [ RunTime:0.004483s ]
NOTIC: [2048] Declaration of Adminx\Controller\CommonController::show() should be compatible with that of Think\Controller::show() D:\website\wohenkaopu.cn\RunesterAdmin\Apps\Adminx\Controller\CommonController.class.php 第 225 行.
NOTIC: [8] Undefined variable: _SESSION D:\website\wohenkaopu.cn\RunesterAdmin\Apps\Adminx\Controller\PublicController.class.php 第 29 行.
NOTIC: [8] Undefined variable: _SESSION D:\website\wohenkaopu.cn\RunesterAdmin\Apps\Adminx\Controller\PublicController.class.php 第 30 行.
NOTIC: [8] Undefined variable: _SESSION D:\website\wohenkaopu.cn\RunesterAdmin\Apps\Adminx\Controller\PublicController.class.php 第 31 行.
NOTIC: [8] Undefined variable: _SESSION D:\website\wohenkaopu.cn\RunesterAdmin\Apps\Adminx\Controller\PublicController.class.php 第 32 行.
INFO: [ view_parse ] --START--
INFO: [ template_filter ] --START--
INFO: Run Behavior\ContentReplaceBehavior [ RunTime:0.000552s ]
INFO: [ template_filter ] --END-- [ RunTime:0.000864s ]
NOTIC: [8] Undefined variable: Thik D:\website\wohenkaopu.cn\RunesterAdmin\public\Runtime\Cache\Adminx\e047bcd1a588a9562cdda918c4bf6faf.php 第 24 行.
NOTIC: [8] Undefined variable: Thik D:\website\wohenkaopu.cn\RunesterAdmin\public\Runtime\Cache\Adminx\e047bcd1a588a9562cdda918c4bf6faf.php 第 52 行.
NOTIC: [8] Undefined variable: Thik D:\website\wohenkaopu.cn\RunesterAdmin\public\Runtime\Cache\Adminx\e047bcd1a588a9562cdda918c4bf6faf.php 第 54 行.
NOTIC: [8] Undefined index: article D:\website\wohenkaopu.cn\RunesterAdmin\public\Runtime\Cache\Adminx\e047bcd1a588a9562cdda918c4bf6faf.php 第 54 行.
NOTIC: [8] Undefined variable: Thik D:\website\wohenkaopu.cn\RunesterAdmin\public\Runtime\Cache\Adminx\e047bcd1a588a9562cdda918c4bf6faf.php 第 59 行.
NOTIC: [8] Undefined index: admin D:\website\wohenkaopu.cn\RunesterAdmin\public\Runtime\Cache\Adminx\e047bcd1a588a9562cdda918c4bf6faf.php 第 59 行.
NOTIC: [8] Undefined variable: Thik D:\website\wohenkaopu.cn\RunesterAdmin\public\Runtime\Cache\Adminx\e047bcd1a588a9562cdda918c4bf6faf.php 第 61 行.
NOTIC: [8] Undefined index: rule D:\website\wohenkaopu.cn\RunesterAdmin\public\Runtime\Cache\Adminx\e047bcd1a588a9562cdda918c4bf6faf.php 第 61 行.
NOTIC: [8] Undefined variable: Thik D:\website\wohenkaopu.cn\RunesterAdmin\public\Runtime\Cache\Adminx\e047bcd1a588a9562cdda918c4bf6faf.php 第 63 行.
NOTIC: [8] Undefined index: nav D:\website\wohenkaopu.cn\RunesterAdmin\public\Runtime\Cache\Adminx\e047bcd1a588a9562cdda918c4bf6faf.php 第 63 行.
NOTIC: [8] Undefined variable: Thik D:\website\wohenkaopu.cn\RunesterAdmin\public\Runtime\Cache\Adminx\e047bcd1a588a9562cdda918c4bf6faf.php 第 65 行.
NOTIC: [8] Undefined index: config D:\website\wohenkaopu.cn\RunesterAdmin\public\Runtime\Cache\Adminx\e047bcd1a588a9562cdda918c4bf6faf.php 第 65 行.
SQL: SHOW COLUMNS FROM `ra_category` [ RunTime:0.010949s ]
SQL: SELECT `cate_id`,`cate_title` FROM `ra_category` WHERE ( `cate_pid` = 0 ) AND ( `cate_type` = 'page' ) ORDER BY cate_sort ASC,cate_id ASC  [ RunTime:0.000977s ]
NOTIC: [8] Undefined variable: place D:\website\wohenkaopu.cn\RunesterAdmin\Apps\Adminx\Common\HtmlDB.php 第 159 行.
SQL: SELECT `cate_id`,`cate_title` FROM `ra_category` WHERE ( `cate_pid` = 14 ) AND ( `cate_type` = 'page' ) ORDER BY cate_sort ASC,cate_id ASC  [ RunTime:0.005082s ]
NOTIC: [8] Undefined variable: place D:\website\wohenkaopu.cn\RunesterAdmin\Apps\Adminx\Common\HtmlDB.php 第 159 行.
SQL: SELECT `cate_id`,`cate_title` FROM `ra_category` WHERE ( `cate_pid` = 15 ) AND ( `cate_type` = 'page' ) ORDER BY cate_sort ASC,cate_id ASC  [ RunTime:0.001288s ]
NOTIC: [8] Undefined variable: proval D:\website\wohenkaopu.cn\RunesterAdmin\Apps\Adminx\Common\HtmlDB.php 第 81 行.
NOTIC: [8] Undefined variable: proval D:\website\wohenkaopu.cn\RunesterAdmin\Apps\Adminx\Common\HtmlDB.php 第 81 行.
INFO: Run Behavior\ParseTemplateBehavior [ RunTime:0.117547s ]
INFO: [ view_parse ] --END-- [ RunTime:0.117711s ]
INFO: [ view_filter ] --START--
INFO: Run Behavior\WriteHtmlCacheBehavior [ RunTime:0.000729s ]
INFO: [ view_filter ] --END-- [ RunTime:0.000852s ]
INFO: [ app_end ] --START--
INFO: Run Behavior\ShowPageTraceBehavior [ RunTime:0.001171s ]
INFO: [ app_end ] --END-- [ RunTime:0.001300s ]

[ 2014-11-12T17:02:35+08:00 ] 119.147.146.189 /index.php/Adminx/Page/add.html
INFO: [ app_init ] --START--
INFO: Run Behavior\BuildLiteBehavior [ RunTime:0.000036s ]
INFO: [ app_init ] --END-- [ RunTime:0.000815s ]
INFO: [ app_begin ] --START--
INFO: Run Behavior\ReadHtmlCacheBehavior [ RunTime:0.000980s ]
INFO: Run Behavior\CheckLangBehavior [ RunTime:0.002824s ]
INFO: [ app_begin ] --END-- [ RunTime:0.004082s ]
NOTIC: [2048] Declaration of Adminx\Controller\CommonController::show() should be compatible with that of Think\Controller::show() D:\website\wohenkaopu.cn\RunesterAdmin\Apps\Adminx\Controller\CommonController.class.php 第 225 行.
NOTIC: [8] Undefined variable: _SESSION D:\website\wohenkaopu.cn\RunesterAdmin\Apps\Adminx\Controller\PublicController.class.php 第 29 行.
NOTIC: [8] Undefined variable: _SESSION D:\website\wohenkaopu.cn\RunesterAdmin\Apps\Adminx\Controller\PublicController.class.php 第 30 行.
NOTIC: [8] Undefined variable: _SESSION D:\website\wohenkaopu.cn\RunesterAdmin\Apps\Adminx\Controller\PublicController.class.php 第 31 行.
NOTIC: [8] Undefined variable: _SESSION D:\website\wohenkaopu.cn\RunesterAdmin\Apps\Adminx\Controller\PublicController.class.php 第 32 行.
INFO: [ view_parse ] --START--
INFO: [ template_filter ] --START--
INFO: Run Behavior\ContentReplaceBehavior [ RunTime:0.000359s ]
INFO: [ template_filter ] --END-- [ RunTime:0.000515s ]
NOTIC: [8] Undefined variable: Thik D:\website\wohenkaopu.cn\RunesterAdmin\public\Runtime\Cache\Adminx\e047bcd1a588a9562cdda918c4bf6faf.php 第 24 行.
NOTIC: [8] Undefined variable: Thik D:\website\wohenkaopu.cn\RunesterAdmin\public\Runtime\Cache\Adminx\e047bcd1a588a9562cdda918c4bf6faf.php 第 52 行.
NOTIC: [8] Undefined variable: Thik D:\website\wohenkaopu.cn\RunesterAdmin\public\Runtime\Cache\Adminx\e047bcd1a588a9562cdda918c4bf6faf.php 第 54 行.
NOTIC: [8] Undefined index: article D:\website\wohenkaopu.cn\RunesterAdmin\public\Runtime\Cache\Adminx\e047bcd1a588a9562cdda918c4bf6faf.php 第 54 行.
NOTIC: [8] Undefined variable: Thik D:\website\wohenkaopu.cn\RunesterAdmin\public\Runtime\Cache\Adminx\e047bcd1a588a9562cdda918c4bf6faf.php 第 59 行.
NOTIC: [8] Undefined index: admin D:\website\wohenkaopu.cn\RunesterAdmin\public\Runtime\Cache\Adminx\e047bcd1a588a9562cdda918c4bf6faf.php 第 59 行.
NOTIC: [8] Undefined variable: Thik D:\website\wohenkaopu.cn\RunesterAdmin\public\Runtime\Cache\Adminx\e047bcd1a588a9562cdda918c4bf6faf.php 第 61 行.
NOTIC: [8] Undefined index: rule D:\website\wohenkaopu.cn\RunesterAdmin\public\Runtime\Cache\Adminx\e047bcd1a588a9562cdda918c4bf6faf.php 第 61 行.
NOTIC: [8] Undefined variable: Thik D:\website\wohenkaopu.cn\RunesterAdmin\public\Runtime\Cache\Adminx\e047bcd1a588a9562cdda918c4bf6faf.php 第 63 行.
NOTIC: [8] Undefined index: nav D:\website\wohenkaopu.cn\RunesterAdmin\public\Runtime\Cache\Adminx\e047bcd1a588a9562cdda918c4bf6faf.php 第 63 行.
NOTIC: [8] Undefined variable: Thik D:\website\wohenkaopu.cn\RunesterAdmin\public\Runtime\Cache\Adminx\e047bcd1a588a9562cdda918c4bf6faf.php 第 65 行.
NOTIC: [8] Undefined index: config D:\website\wohenkaopu.cn\RunesterAdmin\public\Runtime\Cache\Adminx\e047bcd1a588a9562cdda918c4bf6faf.php 第 65 行.
SQL: SHOW COLUMNS FROM `ra_category` [ RunTime:0.004623s ]
SQL: SELECT `cate_id`,`cate_title` FROM `ra_category` WHERE ( `cate_pid` = 0 ) AND ( `cate_type` = 'page' ) ORDER BY cate_sort ASC,cate_id ASC  [ RunTime:0.000476s ]
NOTIC: [8] Undefined variable: place D:\website\wohenkaopu.cn\RunesterAdmin\Apps\Adminx\Common\HtmlDB.php 第 159 行.
SQL: SELECT `cate_id`,`cate_title` FROM `ra_category` WHERE ( `cate_pid` = 14 ) AND ( `cate_type` = 'page' ) ORDER BY cate_sort ASC,cate_id ASC  [ RunTime:0.000330s ]
NOTIC: [8] Undefined variable: place D:\website\wohenkaopu.cn\RunesterAdmin\Apps\Adminx\Common\HtmlDB.php 第 159 行.
SQL: SELECT `cate_id`,`cate_title` FROM `ra_category` WHERE ( `cate_pid` = 15 ) AND ( `cate_type` = 'page' ) ORDER BY cate_sort ASC,cate_id ASC  [ RunTime:0.000508s ]
NOTIC: [8] Undefined variable: proval D:\website\wohenkaopu.cn\RunesterAdmin\Apps\Adminx\Common\HtmlDB.php 第 81 行.
NOTIC: [8] Undefined variable: proval D:\website\wohenkaopu.cn\RunesterAdmin\Apps\Adminx\Common\HtmlDB.php 第 81 行.
INFO: Run Behavior\ParseTemplateBehavior [ RunTime:0.056732s ]
INFO: [ view_parse ] --END-- [ RunTime:0.056869s ]
INFO: [ view_filter ] --START--
INFO: Run Behavior\WriteHtmlCacheBehavior [ RunTime:0.000581s ]
INFO: [ view_filter ] --END-- [ RunTime:0.000774s ]
INFO: [ app_end ] --START--
INFO: Run Behavior\ShowPageTraceBehavior [ RunTime:0.001268s ]
INFO: [ app_end ] --END-- [ RunTime:0.001420s ]

[ 2014-11-12T17:02:38+08:00 ] 182.246.100.83 /index.php/Adminx/Article/index.html
INFO: [ app_init ] --START--
INFO: Run Behavior\BuildLiteBehavior [ RunTime:0.000043s ]
INFO: [ app_init ] --END-- [ RunTime:0.000938s ]
INFO: [ app_begin ] --START--
INFO: Run Behavior\ReadHtmlCacheBehavior [ RunTime:0.000871s ]
INFO: Run Behavior\CheckLangBehavior [ RunTime:0.002158s ]
INFO: [ app_begin ] --END-- [ RunTime:0.003275s ]
NOTIC: [2048] Declaration of Adminx\Controller\CommonController::show() should be compatible with that of Think\Controller::show() D:\website\wohenkaopu.cn\RunesterAdmin\Apps\Adminx\Controller\CommonController.class.php 第 225 行.
NOTIC: [8] Undefined variable: _SESSION D:\website\wohenkaopu.cn\RunesterAdmin\Apps\Adminx\Controller\PublicController.class.php 第 29 行.
NOTIC: [8] Undefined variable: _SESSION D:\website\wohenkaopu.cn\RunesterAdmin\Apps\Adminx\Controller\PublicController.class.php 第 30 行.
NOTIC: [8] Undefined variable: _SESSION D:\website\wohenkaopu.cn\RunesterAdmin\Apps\Adminx\Controller\PublicController.class.php 第 31 行.
NOTIC: [8] Undefined variable: _SESSION D:\website\wohenkaopu.cn\RunesterAdmin\Apps\Adminx\Controller\PublicController.class.php 第 32 行.
SQL: SHOW COLUMNS FROM `ra_category` [ RunTime:0.004559s ]
NOTIC: [8] Undefined index: pid D:\website\wohenkaopu.cn\RunesterAdmin\Apps\Adminx\Controller\ArticleController.class.php 第 37 行.
SQL: SELECT `title` FROM `ra_category` WHERE ( id =  ) LIMIT 1   [ RunTime:0.000240s ]
ERR: 1064:You have an error in your SQL syntax; check the manual that corresponds to your MySQL server version for the right syntax to use near ') LIMIT 1' at line 1
 [ SQL语句 ] : SELECT `title` FROM `ra_category` WHERE ( id =  ) LIMIT 1  
SQL: SHOW COLUMNS FROM `ra_article` [ RunTime:0.012793s ]
NOTIC: [8] Use of undefined constant isDel - assumed 'isDel' D:\website\wohenkaopu.cn\RunesterAdmin\Apps\Adminx\Controller\ArticleController.class.php 第 41 行.
NOTIC: [8] Undefined index: pid D:\website\wohenkaopu.cn\RunesterAdmin\Apps\Adminx\Controller\ArticleController.class.php 第 45 行.
NOTIC: [8] Undefined index: hide D:\website\wohenkaopu.cn\RunesterAdmin\Apps\Adminx\Controller\ArticleController.class.php 第 46 行.
NOTIC: [8] Undefined index: top D:\website\wohenkaopu.cn\RunesterAdmin\Apps\Adminx\Controller\ArticleController.class.php 第 47 行.
NOTIC: [8] Undefined index: protect D:\website\wohenkaopu.cn\RunesterAdmin\Apps\Adminx\Controller\ArticleController.class.php 第 48 行.
NOTIC: [8] Undefined index: date D:\website\wohenkaopu.cn\RunesterAdmin\Apps\Adminx\Controller\ArticleController.class.php 第 49 行.
SQL: SELECT COUNT(*) AS tp_count FROM `ra_article` WHERE ( `isDel` = 0 ) LIMIT 1   [ RunTime:0.000737s ]
SQL: SELECT * FROM `ra_article` WHERE ( `isDel` = 0 ) ORDER BY isTop DESC,sort ASC,CONVERT(pubDate,SIGNED) DESC,id DESC LIMIT 0,20   [ RunTime:0.006900s ]
NOTIC: [8] Undefined index: pid D:\website\wohenkaopu.cn\RunesterAdmin\Apps\Adminx\Controller\ArticleController.class.php 第 69 行.
INFO: [ view_parse ] --START--
INFO: [ template_filter ] --START--
INFO: Run Behavior\ContentReplaceBehavior [ RunTime:0.000330s ]
INFO: [ template_filter ] --END-- [ RunTime:0.000463s ]
NOTIC: [2] Missing argument 1 for Adminx\Widget\SidebarWidget::sideCateTable() D:\website\wohenkaopu.cn\RunesterAdmin\Apps\Adminx\Widget\SidebarWidget.class.php 第 6 行.
NOTIC: [8] Undefined variable: type D:\website\wohenkaopu.cn\RunesterAdmin\Apps\Adminx\Widget\SidebarWidget.class.php 第 8 行.
SQL: SELECT * FROM `ra_category` WHERE ( `cate_type` = null ) ORDER BY cate_sort ASC,cate_id DESC  [ RunTime:0.001072s ]
NOTIC: [2] Invalid argument supplied for foreach() D:\website\wohenkaopu.cn\RunesterAdmin\Apps\Adminx\Widget\CommonWidget.class.php 第 12 行.
NOTIC: [2] array_keys() expects parameter 1 to be array, boolean given D:\website\wohenkaopu.cn\RunesterAdmin\Apps\Adminx\Common\function.php 第 246 行.
NOTIC: [8] Undefined variable: temp D:\website\wohenkaopu.cn\RunesterAdmin\Apps\Adminx\Common\function.php 第 251 行.
NOTIC: [2] array_unique() expects parameter 1 to be array, null given D:\website\wohenkaopu.cn\RunesterAdmin\Apps\Adminx\Common\function.php 第 251 行.
NOTIC: [2] Invalid argument supplied for foreach() D:\website\wohenkaopu.cn\RunesterAdmin\Apps\Adminx\Common\function.php 第 252 行.
NOTIC: [8] Undefined variable: output D:\website\wohenkaopu.cn\RunesterAdmin\Apps\Adminx\Common\function.php 第 261 行.
INFO: [ view_parse ] --START--
INFO: [ template_filter ] --START--
INFO: Run Behavior\ContentReplaceBehavior [ RunTime:0.000098s ]
INFO: [ template_filter ] --END-- [ RunTime:-0.171629s ]
INFO: Run Behavior\ParseTemplateBehavior [ RunTime:0.146181s ]
INFO: [ view_parse ] --END-- [ RunTime:0.146293s ]
INFO: [ view_filter ] --START--
INFO: Run Behavior\WriteHtmlCacheBehavior [ RunTime:0.000478s ]
INFO: [ view_filter ] --END-- [ RunTime:0.000564s ]
NOTIC: [8] Undefined variable: Thik D:\website\wohenkaopu.cn\RunesterAdmin\public\Runtime\Cache\Adminx\89adaa21df0fc65d39b74f1e2a86e490.php 第 23 行.
NOTIC: [8] Undefined variable: Thik D:\website\wohenkaopu.cn\RunesterAdmin\public\Runtime\Cache\Adminx\89adaa21df0fc65d39b74f1e2a86e490.php 第 51 行.
NOTIC: [8] Undefined index: page D:\website\wohenkaopu.cn\RunesterAdmin\public\Runtime\Cache\Adminx\89adaa21df0fc65d39b74f1e2a86e490.php 第 51 行.
NOTIC: [8] Undefined variable: Thik D:\website\wohenkaopu.cn\RunesterAdmin\public\Runtime\Cache\Adminx\89adaa21df0fc65d39b74f1e2a86e490.php 第 53 行.
NOTIC: [8] Undefined variable: Thik D:\website\wohenkaopu.cn\RunesterAdmin\public\Runtime\Cache\Adminx\89adaa21df0fc65d39b74f1e2a86e490.php 第 58 行.
NOTIC: [8] Undefined index: admin D:\website\wohenkaopu.cn\RunesterAdmin\public\Runtime\Cache\Adminx\89adaa21df0fc65d39b74f1e2a86e490.php 第 58 行.
NOTIC: [8] Undefined variable: Thik D:\website\wohenkaopu.cn\RunesterAdmin\public\Runtime\Cache\Adminx\89adaa21df0fc65d39b74f1e2a86e490.php 第 60 行.
NOTIC: [8] Undefined index: rule D:\website\wohenkaopu.cn\RunesterAdmin\public\Runtime\Cache\Adminx\89adaa21df0fc65d39b74f1e2a86e490.php 第 60 行.
NOTIC: [8] Undefined variable: Thik D:\website\wohenkaopu.cn\RunesterAdmin\public\Runtime\Cache\Adminx\89adaa21df0fc65d39b74f1e2a86e490.php 第 62 行.
NOTIC: [8] Undefined index: nav D:\website\wohenkaopu.cn\RunesterAdmin\public\Runtime\Cache\Adminx\89adaa21df0fc65d39b74f1e2a86e490.php 第 62 行.
NOTIC: [8] Undefined variable: Thik D:\website\wohenkaopu.cn\RunesterAdmin\public\Runtime\Cache\Adminx\89adaa21df0fc65d39b74f1e2a86e490.php 第 64 行.
NOTIC: [8] Undefined index: config D:\website\wohenkaopu.cn\RunesterAdmin\public\Runtime\Cache\Adminx\89adaa21df0fc65d39b74f1e2a86e490.php 第 64 行.
NOTIC: [8] Undefined variable: Think D:\website\wohenkaopu.cn\RunesterAdmin\public\Runtime\Cache\Adminx\89adaa21df0fc65d39b74f1e2a86e490.php 第 87 行.
SQL: SELECT * FROM `ra_category` WHERE ( `cate_type` = 'Article' ) ORDER BY cate_sort ASC,cate_id DESC  [ RunTime:0.004719s ]
INFO: [ view_parse ] --START--
INFO: [ template_filter ] --START--
INFO: Run Behavior\ContentReplaceBehavior [ RunTime:0.000135s ]
INFO: [ template_filter ] --END-- [ RunTime:-0.190151s ]
NOTIC: [8] Undefined variable: Think D:\website\wohenkaopu.cn\RunesterAdmin\public\Runtime\Cache\Adminx\51015d1713c5e5531b06ba77c92cae5d.php 第 3 行.
NOTIC: [8] Undefined variable: Think D:\website\wohenkaopu.cn\RunesterAdmin\public\Runtime\Cache\Adminx\51015d1713c5e5531b06ba77c92cae5d.php 第 3 行.
NOTIC: [8] Undefined variable: Think D:\website\wohenkaopu.cn\RunesterAdmin\public\Runtime\Cache\Adminx\51015d1713c5e5531b06ba77c92cae5d.php 第 3 行.
NOTIC: [8] Undefined variable: Think D:\website\wohenkaopu.cn\RunesterAdmin\public\Runtime\Cache\Adminx\51015d1713c5e5531b06ba77c92cae5d.php 第 3 行.
NOTIC: [8] Undefined variable: Think D:\website\wohenkaopu.cn\RunesterAdmin\public\Runtime\Cache\Adminx\51015d1713c5e5531b06ba77c92cae5d.php 第 3 行.
NOTIC: [8] Undefined variable: Think D:\website\wohenkaopu.cn\RunesterAdmin\public\Runtime\Cache\Adminx\51015d1713c5e5531b06ba77c92cae5d.php 第 3 行.
NOTIC: [8] Undefined variable: Think D:\website\wohenkaopu.cn\RunesterAdmin\public\Runtime\Cache\Adminx\51015d1713c5e5531b06ba77c92cae5d.php 第 3 行.
NOTIC: [8] Undefined variable: Think D:\website\wohenkaopu.cn\RunesterAdmin\public\Runtime\Cache\Adminx\51015d1713c5e5531b06ba77c92cae5d.php 第 3 行.
INFO: Run Behavior\ParseTemplateBehavior [ RunTime:0.011121s ]
INFO: [ view_parse ] --END-- [ RunTime:-0.008361s ]
INFO: [ view_filter ] --START--
INFO: Run Behavior\WriteHtmlCacheBehavior [ RunTime:0.000020s ]
INFO: [ view_filter ] --END-- [ RunTime:-0.019008s ]
SQL: SELECT * FROM `ra_category` WHERE ( `cate_type` = 'Article' ) ORDER BY cate_sort ASC,cate_id DESC  [ RunTime:0.000317s ]
INFO: [ view_parse ] --START--
INFO: [ template_filter ] --START--
INFO: Run Behavior\ContentReplaceBehavior [ RunTime:0.000089s ]
INFO: [ template_filter ] --END-- [ RunTime:-0.202528s ]
INFO: Run Behavior\ParseTemplateBehavior [ RunTime:0.010901s ]
INFO: [ view_parse ] --END-- [ RunTime:-0.021177s ]
INFO: [ view_filter ] --START--
INFO: Run Behavior\WriteHtmlCacheBehavior [ RunTime:0.000030s ]
INFO: [ view_filter ] --END-- [ RunTime:-0.031612s ]
SQL: SELECT `cate_id`,`cate_title` FROM `ra_category` WHERE ( `cate_pid` = 0 ) AND ( `cate_type` = 'Article' ) ORDER BY cate_sort ASC,cate_id ASC  [ RunTime:0.000849s ]
NOTIC: [8] Undefined variable: place D:\website\wohenkaopu.cn\RunesterAdmin\Apps\Adminx\Common\HtmlDB.php 第 159 行.
SQL: SELECT `cate_id`,`cate_title` FROM `ra_category` WHERE ( `cate_pid` = 5 ) AND ( `cate_type` = 'Article' ) ORDER BY cate_sort ASC,cate_id ASC  [ RunTime:0.000600s ]
NOTIC: [8] Undefined variable: place D:\website\wohenkaopu.cn\RunesterAdmin\Apps\Adminx\Common\HtmlDB.php 第 157 行.
SQL: SELECT `cate_id`,`cate_title` FROM `ra_category` WHERE ( `cate_pid` = 7 ) AND ( `cate_type` = 'Article' ) ORDER BY cate_sort ASC,cate_id ASC  [ RunTime:0.000510s ]
SQL: SELECT `cate_id`,`cate_title` FROM `ra_category` WHERE ( `cate_pid` = 8 ) AND ( `cate_type` = 'Article' ) ORDER BY cate_sort ASC,cate_id ASC  [ RunTime:0.001002s ]
SQL: SELECT `cate_id`,`cate_title` FROM `ra_category` WHERE ( `cate_pid` = 9 ) AND ( `cate_type` = 'Article' ) ORDER BY cate_sort ASC,cate_id ASC  [ RunTime:0.000772s ]
NOTIC: [8] Undefined variable: place D:\website\wohenkaopu.cn\RunesterAdmin\Apps\Adminx\Common\HtmlDB.php 第 159 行.
SQL: SELECT `cate_id`,`cate_title` FROM `ra_category` WHERE ( `cate_pid` = 10 ) AND ( `cate_type` = 'Article' ) ORDER BY cate_sort ASC,cate_id ASC  [ RunTime:0.000612s ]
NOTIC: [8] Undefined variable: place D:\website\wohenkaopu.cn\RunesterAdmin\Apps\Adminx\Common\HtmlDB.php 第 157 行.
SQL: SELECT `cate_id`,`cate_title` FROM `ra_category` WHERE ( `cate_pid` = 11 ) AND ( `cate_type` = 'Article' ) ORDER BY cate_sort ASC,cate_id ASC  [ RunTime:0.000598s ]
SQL: SELECT `cate_id`,`cate_title` FROM `ra_category` WHERE ( `cate_pid` = 12 ) AND ( `cate_type` = 'Article' ) ORDER BY cate_sort ASC,cate_id ASC  [ RunTime:0.000592s ]
SQL: SELECT `cate_id`,`cate_title` FROM `ra_category` WHERE ( `cate_pid` = 13 ) AND ( `cate_type` = 'Article' ) ORDER BY cate_sort ASC,cate_id ASC  [ RunTime:0.000573s ]
NOTIC: [8] Undefined index: isTopColor D:\website\wohenkaopu.cn\RunesterAdmin\public\Runtime\Cache\Adminx\89adaa21df0fc65d39b74f1e2a86e490.php 第 164 行.
SQL: SELECT `cate_title` FROM `ra_category` WHERE ( `cate_id` = 9 ) LIMIT 1   [ RunTime:0.000453s ]
NOTIC: [8] Undefined index: isTopColor D:\website\wohenkaopu.cn\RunesterAdmin\public\Runtime\Cache\Adminx\89adaa21df0fc65d39b74f1e2a86e490.php 第 164 行.
SQL: SELECT `cate_title` FROM `ra_category` WHERE ( `cate_id` = 8 ) LIMIT 1   [ RunTime:0.000435s ]
NOTIC: [8] Undefined index: isTopColor D:\website\wohenkaopu.cn\RunesterAdmin\public\Runtime\Cache\Adminx\89adaa21df0fc65d39b74f1e2a86e490.php 第 164 行.
SQL: SELECT `cate_title` FROM `ra_category` WHERE ( `cate_id` = 8 ) LIMIT 1   [ RunTime:0.000197s ]
NOTIC: [8] Undefined index: isTopColor D:\website\wohenkaopu.cn\RunesterAdmin\public\Runtime\Cache\Adminx\89adaa21df0fc65d39b74f1e2a86e490.php 第 164 行.
SQL: SELECT `cate_title` FROM `ra_category` WHERE ( `cate_id` = 8 ) LIMIT 1   [ RunTime:0.000207s ]
NOTIC: [8] Undefined index: isTopColor D:\website\wohenkaopu.cn\RunesterAdmin\public\Runtime\Cache\Adminx\89adaa21df0fc65d39b74f1e2a86e490.php 第 164 行.
SQL: SELECT `cate_title` FROM `ra_category` WHERE ( `cate_id` = 8 ) LIMIT 1   [ RunTime:0.000187s ]
NOTIC: [8] Undefined index: isTopColor D:\website\wohenkaopu.cn\RunesterAdmin\public\Runtime\Cache\Adminx\89adaa21df0fc65d39b74f1e2a86e490.php 第 164 行.
SQL: SELECT `cate_title` FROM `ra_category` WHERE ( `cate_id` = 8 ) LIMIT 1   [ RunTime:0.000171s ]
NOTIC: [8] Undefined index: isTopColor D:\website\wohenkaopu.cn\RunesterAdmin\public\Runtime\Cache\Adminx\89adaa21df0fc65d39b74f1e2a86e490.php 第 164 行.
SQL: SELECT `cate_title` FROM `ra_category` WHERE ( `cate_id` = 9 ) LIMIT 1   [ RunTime:0.000170s ]
NOTIC: [8] Undefined index: isTopColor D:\website\wohenkaopu.cn\RunesterAdmin\public\Runtime\Cache\Adminx\89adaa21df0fc65d39b74f1e2a86e490.php 第 164 行.
SQL: SELECT `cate_title` FROM `ra_category` WHERE ( `cate_id` = 9 ) LIMIT 1   [ RunTime:0.000179s ]
NOTIC: [8] Undefined index: isTopColor D:\website\wohenkaopu.cn\RunesterAdmin\public\Runtime\Cache\Adminx\89adaa21df0fc65d39b74f1e2a86e490.php 第 164 行.
SQL: SELECT `cate_title` FROM `ra_category` WHERE ( `cate_id` = 9 ) LIMIT 1   [ RunTime:0.000265s ]
NOTIC: [8] Undefined index: isTopColor D:\website\wohenkaopu.cn\RunesterAdmin\public\Runtime\Cache\Adminx\89adaa21df0fc65d39b74f1e2a86e490.php 第 164 行.
SQL: SELECT `cate_title` FROM `ra_category` WHERE ( `cate_id` = 9 ) LIMIT 1   [ RunTime:0.000239s ]
NOTIC: [8] Undefined index: isTopColor D:\website\wohenkaopu.cn\RunesterAdmin\public\Runtime\Cache\Adminx\89adaa21df0fc65d39b74f1e2a86e490.php 第 164 行.
SQL: SELECT `cate_title` FROM `ra_category` WHERE ( `cate_id` = 9 ) LIMIT 1   [ RunTime:0.000209s ]
NOTIC: [8] Undefined index: isTopColor D:\website\wohenkaopu.cn\RunesterAdmin\public\Runtime\Cache\Adminx\89adaa21df0fc65d39b74f1e2a86e490.php 第 164 行.
SQL: SELECT `cate_title` FROM `ra_category` WHERE ( `cate_id` = 9 ) LIMIT 1   [ RunTime:0.000229s ]
NOTIC: [8] Undefined index: isTopColor D:\website\wohenkaopu.cn\RunesterAdmin\public\Runtime\Cache\Adminx\89adaa21df0fc65d39b74f1e2a86e490.php 第 164 行.
SQL: SELECT `cate_title` FROM `ra_category` WHERE ( `cate_id` = 9 ) LIMIT 1   [ RunTime:0.000213s ]
NOTIC: [8] Undefined index: isTopColor D:\website\wohenkaopu.cn\RunesterAdmin\public\Runtime\Cache\Adminx\89adaa21df0fc65d39b74f1e2a86e490.php 第 164 行.
SQL: SELECT `cate_title` FROM `ra_category` WHERE ( `cate_id` = 9 ) LIMIT 1   [ RunTime:0.000220s ]
NOTIC: [8] Undefined index: isTopColor D:\website\wohenkaopu.cn\RunesterAdmin\public\Runtime\Cache\Adminx\89adaa21df0fc65d39b74f1e2a86e490.php 第 164 行.
SQL: SELECT `cate_title` FROM `ra_category` WHERE ( `cate_id` = 9 ) LIMIT 1   [ RunTime:0.000207s ]
NOTIC: [8] Undefined index: isTopColor D:\website\wohenkaopu.cn\RunesterAdmin\public\Runtime\Cache\Adminx\89adaa21df0fc65d39b74f1e2a86e490.php 第 164 行.
SQL: SELECT `cate_title` FROM `ra_category` WHERE ( `cate_id` = 9 ) LIMIT 1   [ RunTime:0.000205s ]
NOTIC: [8] Undefined index: isTopColor D:\website\wohenkaopu.cn\RunesterAdmin\public\Runtime\Cache\Adminx\89adaa21df0fc65d39b74f1e2a86e490.php 第 164 行.
SQL: SELECT `cate_title` FROM `ra_category` WHERE ( `cate_id` = 8 ) LIMIT 1   [ RunTime:0.000204s ]
NOTIC: [8] Undefined index: isTopColor D:\website\wohenkaopu.cn\RunesterAdmin\public\Runtime\Cache\Adminx\89adaa21df0fc65d39b74f1e2a86e490.php 第 164 行.
SQL: SELECT `cate_title` FROM `ra_category` WHERE ( `cate_id` = 8 ) LIMIT 1   [ RunTime:0.000210s ]
NOTIC: [8] Undefined index: isTopColor D:\website\wohenkaopu.cn\RunesterAdmin\public\Runtime\Cache\Adminx\89adaa21df0fc65d39b74f1e2a86e490.php 第 164 行.
SQL: SELECT `cate_title` FROM `ra_category` WHERE ( `cate_id` = 7 ) LIMIT 1   [ RunTime:0.003417s ]
NOTIC: [8] Undefined index: isTopColor D:\website\wohenkaopu.cn\RunesterAdmin\public\Runtime\Cache\Adminx\89adaa21df0fc65d39b74f1e2a86e490.php 第 164 行.
SQL: SELECT `cate_title` FROM `ra_category` WHERE ( `cate_id` = 7 ) LIMIT 1   [ RunTime:0.000264s ]
INFO: Run Behavior\ParseTemplateBehavior [ RunTime:0.048277s ]
INFO: [ view_parse ] --END-- [ RunTime:-0.021177s ]
INFO: [ view_filter ] --START--
INFO: Run Behavior\WriteHtmlCacheBehavior [ RunTime:0.000022s ]
INFO: [ view_filter ] --END-- [ RunTime:-0.069023s ]
INFO: [ app_end ] --START--
INFO: Run Behavior\ShowPageTraceBehavior [ RunTime:0.000998s ]
INFO: [ app_end ] --END-- [ RunTime:0.001104s ]

[ 2014-11-12T17:02:39+08:00 ] 119.147.146.189 /index.php/Adminx/Article/index.html
INFO: [ app_init ] --START--
INFO: Run Behavior\BuildLiteBehavior [ RunTime:0.000024s ]
INFO: [ app_init ] --END-- [ RunTime:0.000507s ]
INFO: [ app_begin ] --START--
INFO: Run Behavior\ReadHtmlCacheBehavior [ RunTime:0.000601s ]
INFO: Run Behavior\CheckLangBehavior [ RunTime:0.001598s ]
INFO: [ app_begin ] --END-- [ RunTime:0.002372s ]
NOTIC: [2048] Declaration of Adminx\Controller\CommonController::show() should be compatible with that of Think\Controller::show() D:\website\wohenkaopu.cn\RunesterAdmin\Apps\Adminx\Controller\CommonController.class.php 第 225 行.
NOTIC: [8] Undefined variable: _SESSION D:\website\wohenkaopu.cn\RunesterAdmin\Apps\Adminx\Controller\PublicController.class.php 第 29 行.
NOTIC: [8] Undefined variable: _SESSION D:\website\wohenkaopu.cn\RunesterAdmin\Apps\Adminx\Controller\PublicController.class.php 第 30 行.
NOTIC: [8] Undefined variable: _SESSION D:\website\wohenkaopu.cn\RunesterAdmin\Apps\Adminx\Controller\PublicController.class.php 第 31 行.
NOTIC: [8] Undefined variable: _SESSION D:\website\wohenkaopu.cn\RunesterAdmin\Apps\Adminx\Controller\PublicController.class.php 第 32 行.
SQL: SHOW COLUMNS FROM `ra_category` [ RunTime:0.007179s ]
NOTIC: [8] Undefined index: pid D:\website\wohenkaopu.cn\RunesterAdmin\Apps\Adminx\Controller\ArticleController.class.php 第 37 行.
SQL: SELECT `title` FROM `ra_category` WHERE ( id =  ) LIMIT 1   [ RunTime:0.000487s ]
ERR: 1064:You have an error in your SQL syntax; check the manual that corresponds to your MySQL server version for the right syntax to use near ') LIMIT 1' at line 1
 [ SQL语句 ] : SELECT `title` FROM `ra_category` WHERE ( id =  ) LIMIT 1  
SQL: SHOW COLUMNS FROM `ra_article` [ RunTime:0.005071s ]
NOTIC: [8] Use of undefined constant isDel - assumed 'isDel' D:\website\wohenkaopu.cn\RunesterAdmin\Apps\Adminx\Controller\ArticleController.class.php 第 41 行.
NOTIC: [8] Undefined index: pid D:\website\wohenkaopu.cn\RunesterAdmin\Apps\Adminx\Controller\ArticleController.class.php 第 45 行.
NOTIC: [8] Undefined index: hide D:\website\wohenkaopu.cn\RunesterAdmin\Apps\Adminx\Controller\ArticleController.class.php 第 46 行.
NOTIC: [8] Undefined index: top D:\website\wohenkaopu.cn\RunesterAdmin\Apps\Adminx\Controller\ArticleController.class.php 第 47 行.
NOTIC: [8] Undefined index: protect D:\website\wohenkaopu.cn\RunesterAdmin\Apps\Adminx\Controller\ArticleController.class.php 第 48 行.
NOTIC: [8] Undefined index: date D:\website\wohenkaopu.cn\RunesterAdmin\Apps\Adminx\Controller\ArticleController.class.php 第 49 行.
SQL: SELECT COUNT(*) AS tp_count FROM `ra_article` WHERE ( `isDel` = 0 ) LIMIT 1   [ RunTime:0.000295s ]
SQL: SELECT * FROM `ra_article` WHERE ( `isDel` = 0 ) ORDER BY isTop DESC,sort ASC,CONVERT(pubDate,SIGNED) DESC,id DESC LIMIT 0,20   [ RunTime:0.000304s ]
NOTIC: [8] Undefined index: pid D:\website\wohenkaopu.cn\RunesterAdmin\Apps\Adminx\Controller\ArticleController.class.php 第 69 行.
INFO: [ view_parse ] --START--
INFO: [ template_filter ] --START--
INFO: Run Behavior\ContentReplaceBehavior [ RunTime:0.000280s ]
INFO: [ template_filter ] --END-- [ RunTime:0.000384s ]
NOTIC: [2] Missing argument 1 for Adminx\Widget\SidebarWidget::sideCateTable() D:\website\wohenkaopu.cn\RunesterAdmin\Apps\Adminx\Widget\SidebarWidget.class.php 第 6 行.
NOTIC: [8] Undefined variable: type D:\website\wohenkaopu.cn\RunesterAdmin\Apps\Adminx\Widget\SidebarWidget.class.php 第 8 行.
SQL: SELECT * FROM `ra_category` WHERE ( `cate_type` = null ) ORDER BY cate_sort ASC,cate_id DESC  [ RunTime:0.000568s ]
NOTIC: [2] Invalid argument supplied for foreach() D:\website\wohenkaopu.cn\RunesterAdmin\Apps\Adminx\Widget\CommonWidget.class.php 第 12 行.
NOTIC: [2] array_keys() expects parameter 1 to be array, boolean given D:\website\wohenkaopu.cn\RunesterAdmin\Apps\Adminx\Common\function.php 第 246 行.
NOTIC: [8] Undefined variable: temp D:\website\wohenkaopu.cn\RunesterAdmin\Apps\Adminx\Common\function.php 第 251 行.
NOTIC: [2] array_unique() expects parameter 1 to be array, null given D:\website\wohenkaopu.cn\RunesterAdmin\Apps\Adminx\Common\function.php 第 251 行.
NOTIC: [2] Invalid argument supplied for foreach() D:\website\wohenkaopu.cn\RunesterAdmin\Apps\Adminx\Common\function.php 第 252 行.
NOTIC: [8] Undefined variable: output D:\website\wohenkaopu.cn\RunesterAdmin\Apps\Adminx\Common\function.php 第 261 行.
INFO: [ view_parse ] --START--
INFO: [ template_filter ] --START--
INFO: Run Behavior\ContentReplaceBehavior [ RunTime:0.000077s ]
INFO: [ template_filter ] --END-- [ RunTime:-0.012813s ]
INFO: Run Behavior\ParseTemplateBehavior [ RunTime:0.007789s ]
INFO: [ view_parse ] --END-- [ RunTime:0.007875s ]
INFO: [ view_filter ] --START--
INFO: Run Behavior\WriteHtmlCacheBehavior [ RunTime:0.000288s ]
INFO: [ view_filter ] --END-- [ RunTime:0.000357s ]
NOTIC: [8] Undefined variable: Thik D:\website\wohenkaopu.cn\RunesterAdmin\public\Runtime\Cache\Adminx\89adaa21df0fc65d39b74f1e2a86e490.php 第 23 行.
NOTIC: [8] Undefined variable: Thik D:\website\wohenkaopu.cn\RunesterAdmin\public\Runtime\Cache\Adminx\89adaa21df0fc65d39b74f1e2a86e490.php 第 51 行.
NOTIC: [8] Undefined index: page D:\website\wohenkaopu.cn\RunesterAdmin\public\Runtime\Cache\Adminx\89adaa21df0fc65d39b74f1e2a86e490.php 第 51 行.
NOTIC: [8] Undefined variable: Thik D:\website\wohenkaopu.cn\RunesterAdmin\public\Runtime\Cache\Adminx\89adaa21df0fc65d39b74f1e2a86e490.php 第 53 行.
NOTIC: [8] Undefined variable: Thik D:\website\wohenkaopu.cn\RunesterAdmin\public\Runtime\Cache\Adminx\89adaa21df0fc65d39b74f1e2a86e490.php 第 58 行.
NOTIC: [8] Undefined index: admin D:\website\wohenkaopu.cn\RunesterAdmin\public\Runtime\Cache\Adminx\89adaa21df0fc65d39b74f1e2a86e490.php 第 58 行.
NOTIC: [8] Undefined variable: Thik D:\website\wohenkaopu.cn\RunesterAdmin\public\Runtime\Cache\Adminx\89adaa21df0fc65d39b74f1e2a86e490.php 第 60 行.
NOTIC: [8] Undefined index: rule D:\website\wohenkaopu.cn\RunesterAdmin\public\Runtime\Cache\Adminx\89adaa21df0fc65d39b74f1e2a86e490.php 第 60 行.
NOTIC: [8] Undefined variable: Thik D:\website\wohenkaopu.cn\RunesterAdmin\public\Runtime\Cache\Adminx\89adaa21df0fc65d39b74f1e2a86e490.php 第 62 行.
NOTIC: [8] Undefined index: nav D:\website\wohenkaopu.cn\RunesterAdmin\public\Runtime\Cache\Adminx\89adaa21df0fc65d39b74f1e2a86e490.php 第 62 行.
NOTIC: [8] Undefined variable: Thik D:\website\wohenkaopu.cn\RunesterAdmin\public\Runtime\Cache\Adminx\89adaa21df0fc65d39b74f1e2a86e490.php 第 64 行.
NOTIC: [8] Undefined index: config D:\website\wohenkaopu.cn\RunesterAdmin\public\Runtime\Cache\Adminx\89adaa21df0fc65d39b74f1e2a86e490.php 第 64 行.
NOTIC: [8] Undefined variable: Think D:\website\wohenkaopu.cn\RunesterAdmin\public\Runtime\Cache\Adminx\89adaa21df0fc65d39b74f1e2a86e490.php 第 87 行.
SQL: SELECT * FROM `ra_category` WHERE ( `cate_type` = 'Article' ) ORDER BY cate_sort ASC,cate_id DESC  [ RunTime:0.000279s ]
INFO: [ view_parse ] --START--
INFO: [ template_filter ] --START--
INFO: Run Behavior\ContentReplaceBehavior [ RunTime:0.000097s ]
INFO: [ template_filter ] --END-- [ RunTime:-0.023683s ]
NOTIC: [8] Undefined variable: Think D:\website\wohenkaopu.cn\RunesterAdmin\public\Runtime\Cache\Adminx\51015d1713c5e5531b06ba77c92cae5d.php 第 3 行.
NOTIC: [8] Undefined variable: Think D:\website\wohenkaopu.cn\RunesterAdmin\public\Runtime\Cache\Adminx\51015d1713c5e5531b06ba77c92cae5d.php 第 3 行.
NOTIC: [8] Undefined variable: Think D:\website\wohenkaopu.cn\RunesterAdmin\public\Runtime\Cache\Adminx\51015d1713c5e5531b06ba77c92cae5d.php 第 3 行.
NOTIC: [8] Undefined variable: Think D:\website\wohenkaopu.cn\RunesterAdmin\public\Runtime\Cache\Adminx\51015d1713c5e5531b06ba77c92cae5d.php 第 3 行.
NOTIC: [8] Undefined variable: Think D:\website\wohenkaopu.cn\RunesterAdmin\public\Runtime\Cache\Adminx\51015d1713c5e5531b06ba77c92cae5d.php 第 3 行.
NOTIC: [8] Undefined variable: Think D:\website\wohenkaopu.cn\RunesterAdmin\public\Runtime\Cache\Adminx\51015d1713c5e5531b06ba77c92cae5d.php 第 3 行.
NOTIC: [8] Undefined variable: Think D:\website\wohenkaopu.cn\RunesterAdmin\public\Runtime\Cache\Adminx\51015d1713c5e5531b06ba77c92cae5d.php 第 3 行.
NOTIC: [8] Undefined variable: Think D:\website\wohenkaopu.cn\RunesterAdmin\public\Runtime\Cache\Adminx\51015d1713c5e5531b06ba77c92cae5d.php 第 3 行.
INFO: Run Behavior\ParseTemplateBehavior [ RunTime:0.008575s ]
INFO: [ view_parse ] --END-- [ RunTime:-0.003011s ]
INFO: [ view_filter ] --START--
INFO: Run Behavior\WriteHtmlCacheBehavior [ RunTime:0.000016s ]
INFO: [ view_filter ] --END-- [ RunTime:-0.011300s ]
SQL: SELECT * FROM `ra_category` WHERE ( `cate_type` = 'Article' ) ORDER BY cate_sort ASC,cate_id DESC  [ RunTime:0.000256s ]
INFO: [ view_parse ] --START--
INFO: [ template_filter ] --START--
INFO: Run Behavior\ContentReplaceBehavior [ RunTime:0.000104s ]
INFO: [ template_filter ] --END-- [ RunTime:-0.033920s ]
INFO: Run Behavior\ParseTemplateBehavior [ RunTime:0.008912s ]
INFO: [ view_parse ] --END-- [ RunTime:-0.013267s ]
INFO: [ view_filter ] --START--
INFO: Run Behavior\WriteHtmlCacheBehavior [ RunTime:0.000016s ]
INFO: [ view_filter ] --END-- [ RunTime:-0.021892s ]
SQL: SELECT `cate_id`,`cate_title` FROM `ra_category` WHERE ( `cate_pid` = 0 ) AND ( `cate_type` = 'Article' ) ORDER BY cate_sort ASC,cate_id ASC  [ RunTime:0.000389s ]
NOTIC: [8] Undefined variable: place D:\website\wohenkaopu.cn\RunesterAdmin\Apps\Adminx\Common\HtmlDB.php 第 159 行.
SQL: SELECT `cate_id`,`cate_title` FROM `ra_category` WHERE ( `cate_pid` = 5 ) AND ( `cate_type` = 'Article' ) ORDER BY cate_sort ASC,cate_id ASC  [ RunTime:0.000571s ]
NOTIC: [8] Undefined variable: place D:\website\wohenkaopu.cn\RunesterAdmin\Apps\Adminx\Common\HtmlDB.php 第 157 行.
SQL: SELECT `cate_id`,`cate_title` FROM `ra_category` WHERE ( `cate_pid` = 7 ) AND ( `cate_type` = 'Article' ) ORDER BY cate_sort ASC,cate_id ASC  [ RunTime:0.000169s ]
SQL: SELECT `cate_id`,`cate_title` FROM `ra_category` WHERE ( `cate_pid` = 8 ) AND ( `cate_type` = 'Article' ) ORDER BY cate_sort ASC,cate_id ASC  [ RunTime:0.000136s ]
SQL: SELECT `cate_id`,`cate_title` FROM `ra_category` WHERE ( `cate_pid` = 9 ) AND ( `cate_type` = 'Article' ) ORDER BY cate_sort ASC,cate_id ASC  [ RunTime:0.000132s ]
NOTIC: [8] Undefined variable: place D:\website\wohenkaopu.cn\RunesterAdmin\Apps\Adminx\Common\HtmlDB.php 第 159 行.
SQL: SELECT `cate_id`,`cate_title` FROM `ra_category` WHERE ( `cate_pid` = 10 ) AND ( `cate_type` = 'Article' ) ORDER BY cate_sort ASC,cate_id ASC  [ RunTime:0.000130s ]
NOTIC: [8] Undefined variable: place D:\website\wohenkaopu.cn\RunesterAdmin\Apps\Adminx\Common\HtmlDB.php 第 157 行.
SQL: SELECT `cate_id`,`cate_title` FROM `ra_category` WHERE ( `cate_pid` = 11 ) AND ( `cate_type` = 'Article' ) ORDER BY cate_sort ASC,cate_id ASC  [ RunTime:0.000131s ]
SQL: SELECT `cate_id`,`cate_title` FROM `ra_category` WHERE ( `cate_pid` = 12 ) AND ( `cate_type` = 'Article' ) ORDER BY cate_sort ASC,cate_id ASC  [ RunTime:0.000264s ]
SQL: SELECT `cate_id`,`cate_title` FROM `ra_category` WHERE ( `cate_pid` = 13 ) AND ( `cate_type` = 'Article' ) ORDER BY cate_sort ASC,cate_id ASC  [ RunTime:0.000130s ]
NOTIC: [8] Undefined index: isTopColor D:\website\wohenkaopu.cn\RunesterAdmin\public\Runtime\Cache\Adminx\89adaa21df0fc65d39b74f1e2a86e490.php 第 164 行.
SQL: SELECT `cate_title` FROM `ra_category` WHERE ( `cate_id` = 9 ) LIMIT 1   [ RunTime:0.000141s ]
NOTIC: [8] Undefined index: isTopColor D:\website\wohenkaopu.cn\RunesterAdmin\public\Runtime\Cache\Adminx\89adaa21df0fc65d39b74f1e2a86e490.php 第 164 行.
SQL: SELECT `cate_title` FROM `ra_category` WHERE ( `cate_id` = 8 ) LIMIT 1   [ RunTime:0.000157s ]
NOTIC: [8] Undefined index: isTopColor D:\website\wohenkaopu.cn\RunesterAdmin\public\Runtime\Cache\Adminx\89adaa21df0fc65d39b74f1e2a86e490.php 第 164 行.
SQL: SELECT `cate_title` FROM `ra_category` WHERE ( `cate_id` = 8 ) LIMIT 1   [ RunTime:0.000144s ]
NOTIC: [8] Undefined index: isTopColor D:\website\wohenkaopu.cn\RunesterAdmin\public\Runtime\Cache\Adminx\89adaa21df0fc65d39b74f1e2a86e490.php 第 164 行.
SQL: SELECT `cate_title` FROM `ra_category` WHERE ( `cate_id` = 8 ) LIMIT 1   [ RunTime:0.000131s ]
NOTIC: [8] Undefined index: isTopColor D:\website\wohenkaopu.cn\RunesterAdmin\public\Runtime\Cache\Adminx\89adaa21df0fc65d39b74f1e2a86e490.php 第 164 行.
SQL: SELECT `cate_title` FROM `ra_category` WHERE ( `cate_id` = 8 ) LIMIT 1   [ RunTime:0.000143s ]
NOTIC: [8] Undefined index: isTopColor D:\website\wohenkaopu.cn\RunesterAdmin\public\Runtime\Cache\Adminx\89adaa21df0fc65d39b74f1e2a86e490.php 第 164 行.
SQL: SELECT `cate_title` FROM `ra_category` WHERE ( `cate_id` = 8 ) LIMIT 1   [ RunTime:0.000157s ]
NOTIC: [8] Undefined index: isTopColor D:\website\wohenkaopu.cn\RunesterAdmin\public\Runtime\Cache\Adminx\89adaa21df0fc65d39b74f1e2a86e490.php 第 164 行.
SQL: SELECT `cate_title` FROM `ra_category` WHERE ( `cate_id` = 9 ) LIMIT 1   [ RunTime:0.000163s ]
NOTIC: [8] Undefined index: isTopColor D:\website\wohenkaopu.cn\RunesterAdmin\public\Runtime\Cache\Adminx\89adaa21df0fc65d39b74f1e2a86e490.php 第 164 行.
SQL: SELECT `cate_title` FROM `ra_category` WHERE ( `cate_id` = 9 ) LIMIT 1   [ RunTime:0.000129s ]
NOTIC: [8] Undefined index: isTopColor D:\website\wohenkaopu.cn\RunesterAdmin\public\Runtime\Cache\Adminx\89adaa21df0fc65d39b74f1e2a86e490.php 第 164 行.
SQL: SELECT `cate_title` FROM `ra_category` WHERE ( `cate_id` = 9 ) LIMIT 1   [ RunTime:0.000136s ]
NOTIC: [8] Undefined index: isTopColor D:\website\wohenkaopu.cn\RunesterAdmin\public\Runtime\Cache\Adminx\89adaa21df0fc65d39b74f1e2a86e490.php 第 164 行.
SQL: SELECT `cate_title` FROM `ra_category` WHERE ( `cate_id` = 9 ) LIMIT 1   [ RunTime:0.000165s ]
NOTIC: [8] Undefined index: isTopColor D:\website\wohenkaopu.cn\RunesterAdmin\public\Runtime\Cache\Adminx\89adaa21df0fc65d39b74f1e2a86e490.php 第 164 行.
SQL: SELECT `cate_title` FROM `ra_category` WHERE ( `cate_id` = 9 ) LIMIT 1   [ RunTime:0.000138s ]
NOTIC: [8] Undefined index: isTopColor D:\website\wohenkaopu.cn\RunesterAdmin\public\Runtime\Cache\Adminx\89adaa21df0fc65d39b74f1e2a86e490.php 第 164 行.
SQL: SELECT `cate_title` FROM `ra_category` WHERE ( `cate_id` = 9 ) LIMIT 1   [ RunTime:0.000132s ]
NOTIC: [8] Undefined index: isTopColor D:\website\wohenkaopu.cn\RunesterAdmin\public\Runtime\Cache\Adminx\89adaa21df0fc65d39b74f1e2a86e490.php 第 164 行.
SQL: SELECT `cate_title` FROM `ra_category` WHERE ( `cate_id` = 9 ) LIMIT 1   [ RunTime:0.000215s ]
NOTIC: [8] Undefined index: isTopColor D:\website\wohenkaopu.cn\RunesterAdmin\public\Runtime\Cache\Adminx\89adaa21df0fc65d39b74f1e2a86e490.php 第 164 行.
SQL: SELECT `cate_title` FROM `ra_category` WHERE ( `cate_id` = 9 ) LIMIT 1   [ RunTime:0.000153s ]
NOTIC: [8] Undefined index: isTopColor D:\website\wohenkaopu.cn\RunesterAdmin\public\Runtime\Cache\Adminx\89adaa21df0fc65d39b74f1e2a86e490.php 第 164 行.
SQL: SELECT `cate_title` FROM `ra_category` WHERE ( `cate_id` = 9 ) LIMIT 1   [ RunTime:0.000132s ]
NOTIC: [8] Undefined index: isTopColor D:\website\wohenkaopu.cn\RunesterAdmin\public\Runtime\Cache\Adminx\89adaa21df0fc65d39b74f1e2a86e490.php 第 164 行.
SQL: SELECT `cate_title` FROM `ra_category` WHERE ( `cate_id` = 9 ) LIMIT 1   [ RunTime:0.000135s ]
NOTIC: [8] Undefined index: isTopColor D:\website\wohenkaopu.cn\RunesterAdmin\public\Runtime\Cache\Adminx\89adaa21df0fc65d39b74f1e2a86e490.php 第 164 行.
SQL: SELECT `cate_title` FROM `ra_category` WHERE ( `cate_id` = 8 ) LIMIT 1   [ RunTime:0.000129s ]
NOTIC: [8] Undefined index: isTopColor D:\website\wohenkaopu.cn\RunesterAdmin\public\Runtime\Cache\Adminx\89adaa21df0fc65d39b74f1e2a86e490.php 第 164 行.
SQL: SELECT `cate_title` FROM `ra_category` WHERE ( `cate_id` = 8 ) LIMIT 1   [ RunTime:0.000128s ]
NOTIC: [8] Undefined index: isTopColor D:\website\wohenkaopu.cn\RunesterAdmin\public\Runtime\Cache\Adminx\89adaa21df0fc65d39b74f1e2a86e490.php 第 164 行.
SQL: SELECT `cate_title` FROM `ra_category` WHERE ( `cate_id` = 7 ) LIMIT 1   [ RunTime:0.000149s ]
NOTIC: [8] Undefined index: isTopColor D:\website\wohenkaopu.cn\RunesterAdmin\public\Runtime\Cache\Adminx\89adaa21df0fc65d39b74f1e2a86e490.php 第 164 行.
SQL: SELECT `cate_title` FROM `ra_category` WHERE ( `cate_id` = 7 ) LIMIT 1   [ RunTime:0.000145s ]
INFO: Run Behavior\ParseTemplateBehavior [ RunTime:0.032397s ]
INFO: [ view_parse ] --END-- [ RunTime:-0.013267s ]
INFO: [ view_filter ] --START--
INFO: Run Behavior\WriteHtmlCacheBehavior [ RunTime:0.000041s ]
INFO: [ view_filter ] --END-- [ RunTime:-0.045385s ]
INFO: [ app_end ] --START--
INFO: Run Behavior\ShowPageTraceBehavior [ RunTime:0.000854s ]
INFO: [ app_end ] --END-- [ RunTime:0.000937s ]

[ 2014-11-12T17:02:45+08:00 ] 182.246.100.83 /index.php/Adminx/Guestbook/index.html
INFO: [ app_init ] --START--
INFO: Run Behavior\BuildLiteBehavior [ RunTime:0.000034s ]
INFO: [ app_init ] --END-- [ RunTime:0.000970s ]
INFO: [ app_begin ] --START--
INFO: Run Behavior\ReadHtmlCacheBehavior [ RunTime:0.001085s ]
INFO: Run Behavior\CheckLangBehavior [ RunTime:0.002774s ]
INFO: [ app_begin ] --END-- [ RunTime:0.004114s ]
NOTIC: [2048] Declaration of Adminx\Controller\CommonController::show() should be compatible with that of Think\Controller::show() D:\website\wohenkaopu.cn\RunesterAdmin\Apps\Adminx\Controller\CommonController.class.php 第 225 行.
NOTIC: [8] Undefined variable: _SESSION D:\website\wohenkaopu.cn\RunesterAdmin\Apps\Adminx\Controller\PublicController.class.php 第 29 行.
NOTIC: [8] Undefined variable: _SESSION D:\website\wohenkaopu.cn\RunesterAdmin\Apps\Adminx\Controller\PublicController.class.php 第 30 行.
NOTIC: [8] Undefined variable: _SESSION D:\website\wohenkaopu.cn\RunesterAdmin\Apps\Adminx\Controller\PublicController.class.php 第 31 行.
NOTIC: [8] Undefined variable: _SESSION D:\website\wohenkaopu.cn\RunesterAdmin\Apps\Adminx\Controller\PublicController.class.php 第 32 行.
NOTIC: [8] Undefined variable: sideactive D:\website\wohenkaopu.cn\RunesterAdmin\Apps\Adminx\Controller\PublicController.class.php 第 48 行.
SQL: SHOW COLUMNS FROM `ra_guestbook` [ RunTime:0.014221s ]
SQL: SELECT COUNT(*) AS tp_count FROM `ra_guestbook` WHERE ( `pid` = 0 ) LIMIT 1   [ RunTime:0.001007s ]
SQL: SELECT * FROM `ra_guestbook` WHERE ( `pid` = 0 ) ORDER BY id DESC LIMIT 0,20   [ RunTime:0.000982s ]
INFO: [ view_parse ] --START--
INFO: [ template_filter ] --START--
INFO: Run Behavior\ContentReplaceBehavior [ RunTime:0.000325s ]
INFO: [ template_filter ] --END-- [ RunTime:0.000535s ]
NOTIC: [8] Undefined variable: Thik D:\website\wohenkaopu.cn\RunesterAdmin\public\Runtime\Cache\Adminx\7c712d3888bd1c2447d2809bc6c2c601.php 第 22 行.
NOTIC: [8] Undefined variable: Thik D:\website\wohenkaopu.cn\RunesterAdmin\public\Runtime\Cache\Adminx\7c712d3888bd1c2447d2809bc6c2c601.php 第 50 行.
NOTIC: [8] Undefined variable: Thik D:\website\wohenkaopu.cn\RunesterAdmin\public\Runtime\Cache\Adminx\7c712d3888bd1c2447d2809bc6c2c601.php 第 52 行.
NOTIC: [8] Undefined variable: Thik D:\website\wohenkaopu.cn\RunesterAdmin\public\Runtime\Cache\Adminx\7c712d3888bd1c2447d2809bc6c2c601.php 第 57 行.
NOTIC: [8] Undefined variable: Thik D:\website\wohenkaopu.cn\RunesterAdmin\public\Runtime\Cache\Adminx\7c712d3888bd1c2447d2809bc6c2c601.php 第 59 行.
NOTIC: [8] Undefined variable: Thik D:\website\wohenkaopu.cn\RunesterAdmin\public\Runtime\Cache\Adminx\7c712d3888bd1c2447d2809bc6c2c601.php 第 61 行.
NOTIC: [8] Undefined variable: Thik D:\website\wohenkaopu.cn\RunesterAdmin\public\Runtime\Cache\Adminx\7c712d3888bd1c2447d2809bc6c2c601.php 第 63 行.
NOTIC: [8] Undefined variable: Think D:\website\wohenkaopu.cn\RunesterAdmin\public\Runtime\Cache\Adminx\7c712d3888bd1c2447d2809bc6c2c601.php 第 84 行.
NOTIC: [8] Undefined variable: read D:\website\wohenkaopu.cn\RunesterAdmin\public\Runtime\Cache\Adminx\7c712d3888bd1c2447d2809bc6c2c601.php 第 84 行.
NOTIC: [8] Undefined variable: hide D:\website\wohenkaopu.cn\RunesterAdmin\public\Runtime\Cache\Adminx\7c712d3888bd1c2447d2809bc6c2c601.php 第 84 行.
NOTIC: [8] Undefined variable: Think D:\website\wohenkaopu.cn\RunesterAdmin\public\Runtime\Cache\Adminx\7c712d3888bd1c2447d2809bc6c2c601.php 第 85 行.
NOTIC: [8] Undefined variable: read D:\website\wohenkaopu.cn\RunesterAdmin\public\Runtime\Cache\Adminx\7c712d3888bd1c2447d2809bc6c2c601.php 第 85 行.
NOTIC: [8] Undefined variable: Think D:\website\wohenkaopu.cn\RunesterAdmin\public\Runtime\Cache\Adminx\7c712d3888bd1c2447d2809bc6c2c601.php 第 86 行.
NOTIC: [8] Undefined variable: hide D:\website\wohenkaopu.cn\RunesterAdmin\public\Runtime\Cache\Adminx\7c712d3888bd1c2447d2809bc6c2c601.php 第 86 行.
NOTIC: [2] Missing argument 1 for Adminx\Widget\GuestbookWidget::bookTable() D:\website\wohenkaopu.cn\RunesterAdmin\Apps\Adminx\Widget\GuestbookWidget.class.php 第 8 行.
NOTIC: [2] Missing argument 1 for Think\Model::where(), called in D:\website\wohenkaopu.cn\RunesterAdmin\Apps\Adminx\Widget\GuestbookWidget.class.php on line 11 and defined D:\website\wohenkaopu.cn\RunesterAdmin\Framework\Library\Think\Model.class.php 第 1576 行.
NOTIC: [8] Undefined variable: where D:\website\wohenkaopu.cn\RunesterAdmin\Framework\Library\Think\Model.class.php 第 1584 行.
NOTIC: [8] Undefined variable: where D:\website\wohenkaopu.cn\RunesterAdmin\Framework\Library\Think\Model.class.php 第 1587 行.
NOTIC: [8] Undefined variable: where D:\website\wohenkaopu.cn\RunesterAdmin\Framework\Library\Think\Model.class.php 第 1595 行.
SQL: SELECT * FROM `ra_guestbook` ORDER BY id DESC  [ RunTime:0.001602s ]
INFO: [ view_parse ] --START--
INFO: [ template_filter ] --START--
INFO: Run Behavior\ContentReplaceBehavior [ RunTime:0.000142s ]
INFO: [ template_filter ] --END-- [ RunTime:-0.039703s ]
NOTIC: [8] Undefined offset: 3 D:\website\wohenkaopu.cn\RunesterAdmin\Apps\Adminx\Common\list.php 第 5 行.
NOTIC: [8] Undefined offset: 3 D:\website\wohenkaopu.cn\RunesterAdmin\Apps\Adminx\Common\list.php 第 5 行.
NOTIC: [8] Undefined index: isHide D:\website\wohenkaopu.cn\RunesterAdmin\Apps\Adminx\Common\list.php 第 54 行.
NOTIC: [8] Undefined index: id D:\website\wohenkaopu.cn\RunesterAdmin\Apps\Adminx\Common\list.php 第 54 行.
NOTIC: [8] Undefined offset: 3 D:\website\wohenkaopu.cn\RunesterAdmin\Apps\Adminx\Common\list.php 第 5 行.
INFO: Run Behavior\ParseTemplateBehavior [ RunTime:0.031326s ]
INFO: [ view_parse ] --END-- [ RunTime:0.031488s ]
INFO: [ view_filter ] --START--
INFO: Run Behavior\WriteHtmlCacheBehavior [ RunTime:0.000643s ]
INFO: [ view_filter ] --END-- [ RunTime:0.000767s ]
NOTIC: [8] Undefined variable: page D:\website\wohenkaopu.cn\RunesterAdmin\public\Runtime\Cache\Adminx\7c712d3888bd1c2447d2809bc6c2c601.php 第 112 行.
INFO: Run Behavior\ParseTemplateBehavior [ RunTime:0.032483s ]
INFO: [ view_parse ] --END-- [ RunTime:0.031488s ]
INFO: [ view_filter ] --START--
INFO: Run Behavior\WriteHtmlCacheBehavior [ RunTime:0.000042s ]
INFO: [ view_filter ] --END-- [ RunTime:-0.000348s ]
INFO: [ app_end ] --START--
INFO: Run Behavior\ShowPageTraceBehavior [ RunTime:0.001188s ]
INFO: [ app_end ] --END-- [ RunTime:0.001324s ]

[ 2014-11-12T17:02:46+08:00 ] 119.147.146.189 /index.php/Adminx/Guestbook/index.html
INFO: [ app_init ] --START--
INFO: Run Behavior\BuildLiteBehavior [ RunTime:0.000033s ]
INFO: [ app_init ] --END-- [ RunTime:0.000864s ]
INFO: [ app_begin ] --START--
INFO: Run Behavior\ReadHtmlCacheBehavior [ RunTime:0.001030s ]
INFO: Run Behavior\CheckLangBehavior [ RunTime:0.003067s ]
INFO: [ app_begin ] --END-- [ RunTime:0.004393s ]
NOTIC: [2048] Declaration of Adminx\Controller\CommonController::show() should be compatible with that of Think\Controller::show() D:\website\wohenkaopu.cn\RunesterAdmin\Apps\Adminx\Controller\CommonController.class.php 第 225 行.
NOTIC: [8] Undefined variable: _SESSION D:\website\wohenkaopu.cn\RunesterAdmin\Apps\Adminx\Controller\PublicController.class.php 第 29 行.
NOTIC: [8] Undefined variable: _SESSION D:\website\wohenkaopu.cn\RunesterAdmin\Apps\Adminx\Controller\PublicController.class.php 第 30 行.
NOTIC: [8] Undefined variable: _SESSION D:\website\wohenkaopu.cn\RunesterAdmin\Apps\Adminx\Controller\PublicController.class.php 第 31 行.
NOTIC: [8] Undefined variable: _SESSION D:\website\wohenkaopu.cn\RunesterAdmin\Apps\Adminx\Controller\PublicController.class.php 第 32 行.
NOTIC: [8] Undefined variable: sideactive D:\website\wohenkaopu.cn\RunesterAdmin\Apps\Adminx\Controller\PublicController.class.php 第 48 行.
SQL: SHOW COLUMNS FROM `ra_guestbook` [ RunTime:0.006518s ]
SQL: SELECT COUNT(*) AS tp_count FROM `ra_guestbook` WHERE ( `pid` = 0 ) LIMIT 1   [ RunTime:0.000308s ]
SQL: SELECT * FROM `ra_guestbook` WHERE ( `pid` = 0 ) ORDER BY id DESC LIMIT 0,20   [ RunTime:0.000405s ]
INFO: [ view_parse ] --START--
INFO: [ template_filter ] --START--
INFO: Run Behavior\ContentReplaceBehavior [ RunTime:0.000945s ]
INFO: [ template_filter ] --END-- [ RunTime:0.001387s ]
NOTIC: [8] Undefined variable: Thik D:\website\wohenkaopu.cn\RunesterAdmin\public\Runtime\Cache\Adminx\7c712d3888bd1c2447d2809bc6c2c601.php 第 22 行.
NOTIC: [8] Undefined variable: Thik D:\website\wohenkaopu.cn\RunesterAdmin\public\Runtime\Cache\Adminx\7c712d3888bd1c2447d2809bc6c2c601.php 第 50 行.
NOTIC: [8] Undefined variable: Thik D:\website\wohenkaopu.cn\RunesterAdmin\public\Runtime\Cache\Adminx\7c712d3888bd1c2447d2809bc6c2c601.php 第 52 行.
NOTIC: [8] Undefined variable: Thik D:\website\wohenkaopu.cn\RunesterAdmin\public\Runtime\Cache\Adminx\7c712d3888bd1c2447d2809bc6c2c601.php 第 57 行.
NOTIC: [8] Undefined variable: Thik D:\website\wohenkaopu.cn\RunesterAdmin\public\Runtime\Cache\Adminx\7c712d3888bd1c2447d2809bc6c2c601.php 第 59 行.
NOTIC: [8] Undefined variable: Thik D:\website\wohenkaopu.cn\RunesterAdmin\public\Runtime\Cache\Adminx\7c712d3888bd1c2447d2809bc6c2c601.php 第 61 行.
NOTIC: [8] Undefined variable: Thik D:\website\wohenkaopu.cn\RunesterAdmin\public\Runtime\Cache\Adminx\7c712d3888bd1c2447d2809bc6c2c601.php 第 63 行.
NOTIC: [8] Undefined variable: Think D:\website\wohenkaopu.cn\RunesterAdmin\public\Runtime\Cache\Adminx\7c712d3888bd1c2447d2809bc6c2c601.php 第 84 行.
NOTIC: [8] Undefined variable: read D:\website\wohenkaopu.cn\RunesterAdmin\public\Runtime\Cache\Adminx\7c712d3888bd1c2447d2809bc6c2c601.php 第 84 行.
NOTIC: [8] Undefined variable: hide D:\website\wohenkaopu.cn\RunesterAdmin\public\Runtime\Cache\Adminx\7c712d3888bd1c2447d2809bc6c2c601.php 第 84 行.
NOTIC: [8] Undefined variable: Think D:\website\wohenkaopu.cn\RunesterAdmin\public\Runtime\Cache\Adminx\7c712d3888bd1c2447d2809bc6c2c601.php 第 85 行.
NOTIC: [8] Undefined variable: read D:\website\wohenkaopu.cn\RunesterAdmin\public\Runtime\Cache\Adminx\7c712d3888bd1c2447d2809bc6c2c601.php 第 85 行.
NOTIC: [8] Undefined variable: Think D:\website\wohenkaopu.cn\RunesterAdmin\public\Runtime\Cache\Adminx\7c712d3888bd1c2447d2809bc6c2c601.php 第 86 行.
NOTIC: [8] Undefined variable: hide D:\website\wohenkaopu.cn\RunesterAdmin\public\Runtime\Cache\Adminx\7c712d3888bd1c2447d2809bc6c2c601.php 第 86 行.
NOTIC: [2] Missing argument 1 for Adminx\Widget\GuestbookWidget::bookTable() D:\website\wohenkaopu.cn\RunesterAdmin\Apps\Adminx\Widget\GuestbookWidget.class.php 第 8 行.
NOTIC: [2] Missing argument 1 for Think\Model::where(), called in D:\website\wohenkaopu.cn\RunesterAdmin\Apps\Adminx\Widget\GuestbookWidget.class.php on line 11 and defined D:\website\wohenkaopu.cn\RunesterAdmin\Framework\Library\Think\Model.class.php 第 1576 行.
NOTIC: [8] Undefined variable: where D:\website\wohenkaopu.cn\RunesterAdmin\Framework\Library\Think\Model.class.php 第 1584 行.
NOTIC: [8] Undefined variable: where D:\website\wohenkaopu.cn\RunesterAdmin\Framework\Library\Think\Model.class.php 第 1587 行.
NOTIC: [8] Undefined variable: where D:\website\wohenkaopu.cn\RunesterAdmin\Framework\Library\Think\Model.class.php 第 1595 行.
SQL: SELECT * FROM `ra_guestbook` ORDER BY id DESC  [ RunTime:0.000570s ]
INFO: [ view_parse ] --START--
INFO: [ template_filter ] --START--
INFO: Run Behavior\ContentReplaceBehavior [ RunTime:0.000166s ]
INFO: [ template_filter ] --END-- [ RunTime:-0.026421s ]
NOTIC: [8] Undefined offset: 3 D:\website\wohenkaopu.cn\RunesterAdmin\Apps\Adminx\Common\list.php 第 5 行.
NOTIC: [8] Undefined offset: 3 D:\website\wohenkaopu.cn\RunesterAdmin\Apps\Adminx\Common\list.php 第 5 行.
NOTIC: [8] Undefined index: isHide D:\website\wohenkaopu.cn\RunesterAdmin\Apps\Adminx\Common\list.php 第 54 行.
NOTIC: [8] Undefined index: id D:\website\wohenkaopu.cn\RunesterAdmin\Apps\Adminx\Common\list.php 第 54 行.
NOTIC: [8] Undefined offset: 3 D:\website\wohenkaopu.cn\RunesterAdmin\Apps\Adminx\Common\list.php 第 5 行.
INFO: Run Behavior\ParseTemplateBehavior [ RunTime:0.015172s ]
INFO: [ view_parse ] --END-- [ RunTime:0.015346s ]
INFO: [ view_filter ] --START--
INFO: Run Behavior\WriteHtmlCacheBehavior [ RunTime:0.000525s ]
INFO: [ view_filter ] --END-- [ RunTime:0.000648s ]
NOTIC: [8] Undefined variable: page D:\website\wohenkaopu.cn\RunesterAdmin\public\Runtime\Cache\Adminx\7c712d3888bd1c2447d2809bc6c2c601.php 第 112 行.
INFO: Run Behavior\ParseTemplateBehavior [ RunTime:0.016199s ]
INFO: [ view_parse ] --END-- [ RunTime:0.015346s ]
INFO: [ view_filter ] --START--
INFO: Run Behavior\WriteHtmlCacheBehavior [ RunTime:0.000025s ]
INFO: [ view_filter ] --END-- [ RunTime:-0.000350s ]
INFO: [ app_end ] --START--
INFO: Run Behavior\ShowPageTraceBehavior [ RunTime:0.001061s ]
INFO: [ app_end ] --END-- [ RunTime:0.001189s ]

[ 2014-11-12T17:02:48+08:00 ] 182.246.100.83 /index.php/Adminx/Page/index.html
INFO: [ app_init ] --START--
INFO: Run Behavior\BuildLiteBehavior [ RunTime:0.000049s ]
INFO: [ app_init ] --END-- [ RunTime:0.000954s ]
INFO: [ app_begin ] --START--
INFO: Run Behavior\ReadHtmlCacheBehavior [ RunTime:0.000944s ]
INFO: Run Behavior\CheckLangBehavior [ RunTime:0.002336s ]
INFO: [ app_begin ] --END-- [ RunTime:0.003511s ]
NOTIC: [2048] Declaration of Adminx\Controller\CommonController::show() should be compatible with that of Think\Controller::show() D:\website\wohenkaopu.cn\RunesterAdmin\Apps\Adminx\Controller\CommonController.class.php 第 225 行.
NOTIC: [8] Undefined variable: _SESSION D:\website\wohenkaopu.cn\RunesterAdmin\Apps\Adminx\Controller\PublicController.class.php 第 29 行.
NOTIC: [8] Undefined variable: _SESSION D:\website\wohenkaopu.cn\RunesterAdmin\Apps\Adminx\Controller\PublicController.class.php 第 30 行.
NOTIC: [8] Undefined variable: _SESSION D:\website\wohenkaopu.cn\RunesterAdmin\Apps\Adminx\Controller\PublicController.class.php 第 31 行.
NOTIC: [8] Undefined variable: _SESSION D:\website\wohenkaopu.cn\RunesterAdmin\Apps\Adminx\Controller\PublicController.class.php 第 32 行.
SQL: SHOW COLUMNS FROM `ra_page` [ RunTime:0.017558s ]
NOTIC: [8] Use of undefined constant isDel - assumed 'isDel' D:\website\wohenkaopu.cn\RunesterAdmin\Apps\Adminx\Controller\PageController.class.php 第 35 行.
NOTIC: [8] Use of undefined constant type - assumed 'type' D:\website\wohenkaopu.cn\RunesterAdmin\Apps\Adminx\Controller\PageController.class.php 第 36 行.
NOTIC: [8] Undefined index: pid D:\website\wohenkaopu.cn\RunesterAdmin\Apps\Adminx\Controller\PageController.class.php 第 48 行.
NOTIC: [8] Undefined index: hide D:\website\wohenkaopu.cn\RunesterAdmin\Apps\Adminx\Controller\PageController.class.php 第 49 行.
NOTIC: [8] Undefined index: protect D:\website\wohenkaopu.cn\RunesterAdmin\Apps\Adminx\Controller\PageController.class.php 第 50 行.
SQL: SELECT COUNT(*) AS tp_count FROM `ra_page` WHERE ( `isDel` = 0 ) LIMIT 1   [ RunTime:0.000618s ]
SQL: SELECT * FROM `ra_page` WHERE ( `isDel` = 0 ) ORDER BY sort ASC,id ASC LIMIT 0,20   [ RunTime:0.000846s ]
NOTIC: [8] Undefined index: pid D:\website\wohenkaopu.cn\RunesterAdmin\Apps\Adminx\Controller\PageController.class.php 第 61 行.
INFO: [ view_parse ] --START--
INFO: [ template_filter ] --START--
INFO: Run Behavior\ContentReplaceBehavior [ RunTime:0.000384s ]
INFO: [ template_filter ] --END-- [ RunTime:0.000539s ]
NOTIC: [8] Undefined variable: Thik D:\website\wohenkaopu.cn\RunesterAdmin\public\Runtime\Cache\Adminx\355901a03feab382ba974ee8887135f8.php 第 22 行.
NOTIC: [8] Undefined variable: Thik D:\website\wohenkaopu.cn\RunesterAdmin\public\Runtime\Cache\Adminx\355901a03feab382ba974ee8887135f8.php 第 50 行.
NOTIC: [8] Undefined variable: Thik D:\website\wohenkaopu.cn\RunesterAdmin\public\Runtime\Cache\Adminx\355901a03feab382ba974ee8887135f8.php 第 52 行.
NOTIC: [8] Undefined index: article D:\website\wohenkaopu.cn\RunesterAdmin\public\Runtime\Cache\Adminx\355901a03feab382ba974ee8887135f8.php 第 52 行.
NOTIC: [8] Undefined variable: Thik D:\website\wohenkaopu.cn\RunesterAdmin\public\Runtime\Cache\Adminx\355901a03feab382ba974ee8887135f8.php 第 57 行.
NOTIC: [8] Undefined index: admin D:\website\wohenkaopu.cn\RunesterAdmin\public\Runtime\Cache\Adminx\355901a03feab382ba974ee8887135f8.php 第 57 行.
NOTIC: [8] Undefined variable: Thik D:\website\wohenkaopu.cn\RunesterAdmin\public\Runtime\Cache\Adminx\355901a03feab382ba974ee8887135f8.php 第 59 行.
NOTIC: [8] Undefined index: rule D:\website\wohenkaopu.cn\RunesterAdmin\public\Runtime\Cache\Adminx\355901a03feab382ba974ee8887135f8.php 第 59 行.
NOTIC: [8] Undefined variable: Thik D:\website\wohenkaopu.cn\RunesterAdmin\public\Runtime\Cache\Adminx\355901a03feab382ba974ee8887135f8.php 第 61 行.
NOTIC: [8] Undefined index: nav D:\website\wohenkaopu.cn\RunesterAdmin\public\Runtime\Cache\Adminx\355901a03feab382ba974ee8887135f8.php 第 61 行.
NOTIC: [8] Undefined variable: Thik D:\website\wohenkaopu.cn\RunesterAdmin\public\Runtime\Cache\Adminx\355901a03feab382ba974ee8887135f8.php 第 63 行.
NOTIC: [8] Undefined index: config D:\website\wohenkaopu.cn\RunesterAdmin\public\Runtime\Cache\Adminx\355901a03feab382ba974ee8887135f8.php 第 63 行.
NOTIC: [8] Undefined variable: Think D:\website\wohenkaopu.cn\RunesterAdmin\public\Runtime\Cache\Adminx\355901a03feab382ba974ee8887135f8.php 第 85 行.
SQL: SHOW COLUMNS FROM `ra_category` [ RunTime:0.006175s ]
SQL: SELECT * FROM `ra_category` WHERE ( `cate_type` = 'Page' ) ORDER BY cate_sort ASC,cate_id DESC  [ RunTime:0.000716s ]
INFO: [ view_parse ] --START--
INFO: [ template_filter ] --START--
INFO: Run Behavior\ContentReplaceBehavior [ RunTime:0.000113s ]
INFO: [ template_filter ] --END-- [ RunTime:-0.033859s ]
NOTIC: [8] Undefined variable: Think D:\website\wohenkaopu.cn\RunesterAdmin\public\Runtime\Cache\Adminx\51015d1713c5e5531b06ba77c92cae5d.php 第 3 行.
NOTIC: [8] Undefined variable: Think D:\website\wohenkaopu.cn\RunesterAdmin\public\Runtime\Cache\Adminx\51015d1713c5e5531b06ba77c92cae5d.php 第 3 行.
INFO: Run Behavior\ParseTemplateBehavior [ RunTime:0.012118s ]
INFO: [ view_parse ] --END-- [ RunTime:0.012289s ]
INFO: [ view_filter ] --START--
INFO: Run Behavior\WriteHtmlCacheBehavior [ RunTime:0.000669s ]
INFO: [ view_filter ] --END-- [ RunTime:0.000857s ]
SQL: SELECT * FROM `ra_category` WHERE ( `cate_type` = 'Page' ) ORDER BY cate_sort ASC,cate_id DESC  [ RunTime:0.000368s ]
INFO: [ view_parse ] --START--
INFO: [ template_filter ] --START--
INFO: Run Behavior\ContentReplaceBehavior [ RunTime:0.000112s ]
INFO: [ template_filter ] --END-- [ RunTime:-0.048797s ]
INFO: Run Behavior\ParseTemplateBehavior [ RunTime:0.011543s ]
INFO: [ view_parse ] --END-- [ RunTime:-0.002689s ]
INFO: [ view_filter ] --START--
INFO: Run Behavior\WriteHtmlCacheBehavior [ RunTime:0.000025s ]
INFO: [ view_filter ] --END-- [ RunTime:-0.013473s ]
SQL: SELECT `cate_title` FROM `ra_category` WHERE ( `cate_id` = 14 ) LIMIT 1   [ RunTime:0.000599s ]
SQL: SELECT `cate_title` FROM `ra_category` WHERE ( `cate_id` = 15 ) LIMIT 1   [ RunTime:0.000518s ]
SQL: SELECT `cate_title` FROM `ra_category` WHERE ( `cate_id` = 14 ) LIMIT 1   [ RunTime:0.000242s ]
NOTIC: [8] Undefined index: btn_func D:\website\wohenkaopu.cn\RunesterAdmin\Apps\Adminx\Common\list.php 第 87 行.
NOTIC: [8] Undefined variable: page D:\website\wohenkaopu.cn\RunesterAdmin\public\Runtime\Cache\Adminx\355901a03feab382ba974ee8887135f8.php 第 178 行.
INFO: Run Behavior\ParseTemplateBehavior [ RunTime:0.016088s ]
INFO: [ view_parse ] --END-- [ RunTime:-0.002689s ]
INFO: [ view_filter ] --START--
INFO: Run Behavior\WriteHtmlCacheBehavior [ RunTime:0.000024s ]
INFO: [ view_filter ] --END-- [ RunTime:-0.018002s ]
INFO: [ app_end ] --START--
INFO: Run Behavior\ShowPageTraceBehavior [ RunTime:0.001167s ]
INFO: [ app_end ] --END-- [ RunTime:0.001328s ]

[ 2014-11-12T17:02:50+08:00 ] 119.147.146.189 /index.php/Adminx/Page/index.html
INFO: [ app_init ] --START--
INFO: Run Behavior\BuildLiteBehavior [ RunTime:0.000046s ]
INFO: [ app_init ] --END-- [ RunTime:0.001330s ]
INFO: [ app_begin ] --START--
INFO: Run Behavior\ReadHtmlCacheBehavior [ RunTime:0.001057s ]
INFO: Run Behavior\CheckLangBehavior [ RunTime:0.002725s ]
INFO: [ app_begin ] --END-- [ RunTime:0.004020s ]
NOTIC: [2048] Declaration of Adminx\Controller\CommonController::show() should be compatible with that of Think\Controller::show() D:\website\wohenkaopu.cn\RunesterAdmin\Apps\Adminx\Controller\CommonController.class.php 第 225 行.
NOTIC: [8] Undefined variable: _SESSION D:\website\wohenkaopu.cn\RunesterAdmin\Apps\Adminx\Controller\PublicController.class.php 第 29 行.
NOTIC: [8] Undefined variable: _SESSION D:\website\wohenkaopu.cn\RunesterAdmin\Apps\Adminx\Controller\PublicController.class.php 第 30 行.
NOTIC: [8] Undefined variable: _SESSION D:\website\wohenkaopu.cn\RunesterAdmin\Apps\Adminx\Controller\PublicController.class.php 第 31 行.
NOTIC: [8] Undefined variable: _SESSION D:\website\wohenkaopu.cn\RunesterAdmin\Apps\Adminx\Controller\PublicController.class.php 第 32 行.
SQL: SHOW COLUMNS FROM `ra_page` [ RunTime:0.007450s ]
NOTIC: [8] Use of undefined constant isDel - assumed 'isDel' D:\website\wohenkaopu.cn\RunesterAdmin\Apps\Adminx\Controller\PageController.class.php 第 35 行.
NOTIC: [8] Use of undefined constant type - assumed 'type' D:\website\wohenkaopu.cn\RunesterAdmin\Apps\Adminx\Controller\PageController.class.php 第 36 行.
NOTIC: [8] Undefined index: pid D:\website\wohenkaopu.cn\RunesterAdmin\Apps\Adminx\Controller\PageController.class.php 第 48 行.
NOTIC: [8] Undefined index: hide D:\website\wohenkaopu.cn\RunesterAdmin\Apps\Adminx\Controller\PageController.class.php 第 49 行.
NOTIC: [8] Undefined index: protect D:\website\wohenkaopu.cn\RunesterAdmin\Apps\Adminx\Controller\PageController.class.php 第 50 行.
SQL: SELECT COUNT(*) AS tp_count FROM `ra_page` WHERE ( `isDel` = 0 ) LIMIT 1   [ RunTime:0.000324s ]
SQL: SELECT * FROM `ra_page` WHERE ( `isDel` = 0 ) ORDER BY sort ASC,id ASC LIMIT 0,20   [ RunTime:0.000322s ]
NOTIC: [8] Undefined index: pid D:\website\wohenkaopu.cn\RunesterAdmin\Apps\Adminx\Controller\PageController.class.php 第 61 行.
INFO: [ view_parse ] --START--
INFO: [ template_filter ] --START--
INFO: Run Behavior\ContentReplaceBehavior [ RunTime:0.000572s ]
INFO: [ template_filter ] --END-- [ RunTime:0.000816s ]
NOTIC: [8] Undefined variable: Thik D:\website\wohenkaopu.cn\RunesterAdmin\public\Runtime\Cache\Adminx\355901a03feab382ba974ee8887135f8.php 第 22 行.
NOTIC: [8] Undefined variable: Thik D:\website\wohenkaopu.cn\RunesterAdmin\public\Runtime\Cache\Adminx\355901a03feab382ba974ee8887135f8.php 第 50 行.
NOTIC: [8] Undefined variable: Thik D:\website\wohenkaopu.cn\RunesterAdmin\public\Runtime\Cache\Adminx\355901a03feab382ba974ee8887135f8.php 第 52 行.
NOTIC: [8] Undefined index: article D:\website\wohenkaopu.cn\RunesterAdmin\public\Runtime\Cache\Adminx\355901a03feab382ba974ee8887135f8.php 第 52 行.
NOTIC: [8] Undefined variable: Thik D:\website\wohenkaopu.cn\RunesterAdmin\public\Runtime\Cache\Adminx\355901a03feab382ba974ee8887135f8.php 第 57 行.
NOTIC: [8] Undefined index: admin D:\website\wohenkaopu.cn\RunesterAdmin\public\Runtime\Cache\Adminx\355901a03feab382ba974ee8887135f8.php 第 57 行.
NOTIC: [8] Undefined variable: Thik D:\website\wohenkaopu.cn\RunesterAdmin\public\Runtime\Cache\Adminx\355901a03feab382ba974ee8887135f8.php 第 59 行.
NOTIC: [8] Undefined index: rule D:\website\wohenkaopu.cn\RunesterAdmin\public\Runtime\Cache\Adminx\355901a03feab382ba974ee8887135f8.php 第 59 行.
NOTIC: [8] Undefined variable: Thik D:\website\wohenkaopu.cn\RunesterAdmin\public\Runtime\Cache\Adminx\355901a03feab382ba974ee8887135f8.php 第 61 行.
NOTIC: [8] Undefined index: nav D:\website\wohenkaopu.cn\RunesterAdmin\public\Runtime\Cache\Adminx\355901a03feab382ba974ee8887135f8.php 第 61 行.
NOTIC: [8] Undefined variable: Thik D:\website\wohenkaopu.cn\RunesterAdmin\public\Runtime\Cache\Adminx\355901a03feab382ba974ee8887135f8.php 第 63 行.
NOTIC: [8] Undefined index: config D:\website\wohenkaopu.cn\RunesterAdmin\public\Runtime\Cache\Adminx\355901a03feab382ba974ee8887135f8.php 第 63 行.
NOTIC: [8] Undefined variable: Think D:\website\wohenkaopu.cn\RunesterAdmin\public\Runtime\Cache\Adminx\355901a03feab382ba974ee8887135f8.php 第 85 行.
SQL: SHOW COLUMNS FROM `ra_category` [ RunTime:0.005270s ]
SQL: SELECT * FROM `ra_category` WHERE ( `cate_type` = 'Page' ) ORDER BY cate_sort ASC,cate_id DESC  [ RunTime:0.000286s ]
INFO: [ view_parse ] --START--
INFO: [ template_filter ] --START--
INFO: Run Behavior\ContentReplaceBehavior [ RunTime:0.000314s ]
INFO: [ template_filter ] --END-- [ RunTime:-0.035054s ]
NOTIC: [8] Undefined variable: Think D:\website\wohenkaopu.cn\RunesterAdmin\public\Runtime\Cache\Adminx\51015d1713c5e5531b06ba77c92cae5d.php 第 3 行.
NOTIC: [8] Undefined variable: Think D:\website\wohenkaopu.cn\RunesterAdmin\public\Runtime\Cache\Adminx\51015d1713c5e5531b06ba77c92cae5d.php 第 3 行.
INFO: Run Behavior\ParseTemplateBehavior [ RunTime:0.015498s ]
INFO: [ view_parse ] --END-- [ RunTime:0.015639s ]
INFO: [ view_filter ] --START--
INFO: Run Behavior\WriteHtmlCacheBehavior [ RunTime:0.000442s ]
INFO: [ view_filter ] --END-- [ RunTime:0.000538s ]
SQL: SELECT * FROM `ra_category` WHERE ( `cate_type` = 'Page' ) ORDER BY cate_sort ASC,cate_id DESC  [ RunTime:0.000460s ]
INFO: [ view_parse ] --START--
INFO: [ template_filter ] --START--
INFO: Run Behavior\ContentReplaceBehavior [ RunTime:0.000223s ]
INFO: [ template_filter ] --END-- [ RunTime:-0.053319s ]
INFO: Run Behavior\ParseTemplateBehavior [ RunTime:0.016433s ]
INFO: [ view_parse ] --END-- [ RunTime:-0.002744s ]
INFO: [ view_filter ] --START--
INFO: Run Behavior\WriteHtmlCacheBehavior [ RunTime:0.000025s ]
INFO: [ view_filter ] --END-- [ RunTime:-0.018845s ]
SQL: SELECT `cate_title` FROM `ra_category` WHERE ( `cate_id` = 14 ) LIMIT 1   [ RunTime:0.000406s ]
SQL: SELECT `cate_title` FROM `ra_category` WHERE ( `cate_id` = 15 ) LIMIT 1   [ RunTime:0.000267s ]
SQL: SELECT `cate_title` FROM `ra_category` WHERE ( `cate_id` = 14 ) LIMIT 1   [ RunTime:0.000236s ]
NOTIC: [8] Undefined index: btn_func D:\website\wohenkaopu.cn\RunesterAdmin\Apps\Adminx\Common\list.php 第 87 行.
NOTIC: [8] Undefined variable: page D:\website\wohenkaopu.cn\RunesterAdmin\public\Runtime\Cache\Adminx\355901a03feab382ba974ee8887135f8.php 第 178 行.
INFO: Run Behavior\ParseTemplateBehavior [ RunTime:0.020909s ]
INFO: [ view_parse ] --END-- [ RunTime:-0.002744s ]
INFO: [ view_filter ] --START--
INFO: Run Behavior\WriteHtmlCacheBehavior [ RunTime:0.000021s ]
INFO: [ view_filter ] --END-- [ RunTime:-0.023227s ]
INFO: [ app_end ] --START--
INFO: Run Behavior\ShowPageTraceBehavior [ RunTime:0.001030s ]
INFO: [ app_end ] --END-- [ RunTime:0.001161s ]

