[ 2014-10-05T13:57:57+08:00 ] 123.125.71.55 /index.php?s=/Adminx
INFO: [ app_init ] --START--
INFO: Run Behavior\BuildLiteBehavior [ RunTime:0.000035s ]
INFO: [ app_init ] --END-- [ RunTime:0.001842s ]
INFO: [ app_begin ] --START--
INFO: Run Behavior\ReadHtmlCacheBehavior [ RunTime:0.002443s ]
INFO: Run Behavior\CheckLangBehavior [ RunTime:0.012723s ]
INFO: [ app_begin ] --END-- [ RunTime:0.015467s ]
INFO: [ view_parse ] --START--
INFO: [ template_filter ] --START--
INFO: Run Behavior\ContentReplaceBehavior [ RunTime:0.000223s ]
INFO: [ template_filter ] --END-- [ RunTime:0.000381s ]
NOTIC: [8] Undefined variable: Thik D:\website\wohenkaopu.cn\RunesterAdmin\public\Runtime\Cache\Adminx\9a23780d1df432d01cb2940764d7a3a2.php 第 26 行.
INFO: Run Behavior\ParseTemplateBehavior [ RunTime:0.095878s ]
INFO: [ view_parse ] --END-- [ RunTime:0.096209s ]
INFO: [ view_filter ] --START--
INFO: Run Behavior\WriteHtmlCacheBehavior [ RunTime:0.001568s ]
INFO: [ view_filter ] --END-- [ RunTime:0.001708s ]
INFO: [ app_end ] --START--
INFO: Run Behavior\ShowPageTraceBehavior [ RunTime:0.003116s ]
INFO: [ app_end ] --END-- [ RunTime:0.003477s ]

