[ 2014-10-01T03:56:46+08:00 ] 101.226.168.221 /index.php
INFO: [ app_init ] --START--
INFO: Run Behavior\BuildLiteBehavior [ RunTime:0.000060s ]
INFO: [ app_init ] --END-- [ RunTime:0.003577s ]
NOTIC: [8] Use of undefined constant ADMINPATH - assumed 'ADMINPATH' D:\website\wohenkaopu.cn\RunesterAdmin\Apps\Home\Conf\config.php 第 8 行.
NOTIC: [8] Use of undefined constant ADMINPATH - assumed 'ADMINPATH' D:\website\wohenkaopu.cn\RunesterAdmin\Apps\Home\Conf\config.php 第 12 行.
NOTIC: [8] Use of undefined constant ADMINPATH - assumed 'ADMINPATH' D:\website\wohenkaopu.cn\RunesterAdmin\Apps\Home\Conf\config.php 第 13 行.
NOTIC: [8] Use of undefined constant ADMINPATH - assumed 'ADMINPATH' D:\website\wohenkaopu.cn\RunesterAdmin\Apps\Home\Conf\config.php 第 14 行.
NOTIC: [8] Use of undefined constant ADMINPATH - assumed 'ADMINPATH' D:\website\wohenkaopu.cn\RunesterAdmin\Apps\Home\Conf\config.php 第 15 行.
INFO: [ app_begin ] --START--
INFO: Run Behavior\ReadHtmlCacheBehavior [ RunTime:0.003820s ]
INFO: Run Behavior\CheckLangBehavior [ RunTime:0.009821s ]
INFO: [ app_begin ] --END-- [ RunTime:0.014259s ]
INFO: [ view_parse ] --START--
INFO: [ template_filter ] --START--
INFO: Run Behavior\ContentReplaceBehavior [ RunTime:0.000125s ]
INFO: [ template_filter ] --END-- [ RunTime:0.000333s ]
INFO: Run Behavior\ParseTemplateBehavior [ RunTime:0.074306s ]
INFO: [ view_parse ] --END-- [ RunTime:0.074455s ]
INFO: [ view_filter ] --START--
INFO: Run Behavior\WriteHtmlCacheBehavior [ RunTime:0.005858s ]
INFO: [ view_filter ] --END-- [ RunTime:0.006017s ]
INFO: [ app_end ] --START--
INFO: Run Behavior\ShowPageTraceBehavior [ RunTime:0.004521s ]
INFO: [ app_end ] --END-- [ RunTime:0.004717s ]

[ 2014-10-01T03:56:48+08:00 ] 182.118.43.243 /index.php
INFO: [ app_init ] --START--
INFO: Run Behavior\BuildLiteBehavior [ RunTime:0.000031s ]
INFO: [ app_init ] --END-- [ RunTime:0.000759s ]
NOTIC: [8] Use of undefined constant ADMINPATH - assumed 'ADMINPATH' D:\website\wohenkaopu.cn\RunesterAdmin\Apps\Home\Conf\config.php 第 8 行.
NOTIC: [8] Use of undefined constant ADMINPATH - assumed 'ADMINPATH' D:\website\wohenkaopu.cn\RunesterAdmin\Apps\Home\Conf\config.php 第 12 行.
NOTIC: [8] Use of undefined constant ADMINPATH - assumed 'ADMINPATH' D:\website\wohenkaopu.cn\RunesterAdmin\Apps\Home\Conf\config.php 第 13 行.
NOTIC: [8] Use of undefined constant ADMINPATH - assumed 'ADMINPATH' D:\website\wohenkaopu.cn\RunesterAdmin\Apps\Home\Conf\config.php 第 14 行.
NOTIC: [8] Use of undefined constant ADMINPATH - assumed 'ADMINPATH' D:\website\wohenkaopu.cn\RunesterAdmin\Apps\Home\Conf\config.php 第 15 行.
INFO: [ app_begin ] --START--
INFO: Run Behavior\ReadHtmlCacheBehavior [ RunTime:0.000892s ]
INFO: Run Behavior\CheckLangBehavior [ RunTime:0.001036s ]
INFO: [ app_begin ] --END-- [ RunTime:0.002150s ]
INFO: [ view_parse ] --START--
INFO: [ template_filter ] --START--
INFO: Run Behavior\ContentReplaceBehavior [ RunTime:0.000098s ]
INFO: [ template_filter ] --END-- [ RunTime:0.000260s ]
INFO: Run Behavior\ParseTemplateBehavior [ RunTime:0.010410s ]
INFO: [ view_parse ] --END-- [ RunTime:0.010534s ]
INFO: [ view_filter ] --START--
INFO: Run Behavior\WriteHtmlCacheBehavior [ RunTime:0.000571s ]
INFO: [ view_filter ] --END-- [ RunTime:0.000788s ]
INFO: [ app_end ] --START--
INFO: Run Behavior\ShowPageTraceBehavior [ RunTime:0.001186s ]
INFO: [ app_end ] --END-- [ RunTime:0.001337s ]

