[ 2015-01-15T13:51:21+08:00 ] 119.147.146.193 /
INFO: [ app_init ] --START--
INFO: Run Behavior\BuildLiteBehavior [ RunTime:0.000031s ]
INFO: [ app_init ] --END-- [ RunTime:0.001341s ]
NOTIC: [8] Use of undefined constant ADMINPATH - assumed 'ADMINPATH' D:\website\wohenkaopu.cn\RunesterAdmin\Apps\Home\Conf\config.php 第 8 行.
NOTIC: [8] Use of undefined constant ADMINPATH - assumed 'ADMINPATH' D:\website\wohenkaopu.cn\RunesterAdmin\Apps\Home\Conf\config.php 第 12 行.
NOTIC: [8] Use of undefined constant ADMINPATH - assumed 'ADMINPATH' D:\website\wohenkaopu.cn\RunesterAdmin\Apps\Home\Conf\config.php 第 13 行.
NOTIC: [8] Use of undefined constant ADMINPATH - assumed 'ADMINPATH' D:\website\wohenkaopu.cn\RunesterAdmin\Apps\Home\Conf\config.php 第 14 行.
NOTIC: [8] Use of undefined constant ADMINPATH - assumed 'ADMINPATH' D:\website\wohenkaopu.cn\RunesterAdmin\Apps\Home\Conf\config.php 第 15 行.
INFO: [ app_begin ] --START--
INFO: Run Behavior\ReadHtmlCacheBehavior [ RunTime:0.002513s ]
INFO: Run Behavior\CheckLangBehavior [ RunTime:0.006804s ]
INFO: [ app_begin ] --END-- [ RunTime:0.009533s ]
INFO: [ view_parse ] --START--
INFO: [ template_filter ] --START--
INFO: Run Behavior\ContentReplaceBehavior [ RunTime:0.000078s ]
INFO: [ template_filter ] --END-- [ RunTime:0.000214s ]
INFO: Run Behavior\ParseTemplateBehavior [ RunTime:0.048967s ]
INFO: [ view_parse ] --END-- [ RunTime:0.049068s ]
INFO: [ view_filter ] --START--
INFO: Run Behavior\WriteHtmlCacheBehavior [ RunTime:0.001441s ]
INFO: [ view_filter ] --END-- [ RunTime:0.001511s ]
INFO: [ app_end ] --START--
INFO: Run Behavior\ShowPageTraceBehavior [ RunTime:0.001104s ]
INFO: [ app_end ] --END-- [ RunTime:0.001179s ]

