[ 2015-01-22T06:49:10+08:00 ] 60.13.153.98 /index.php?s=/Adminx
INFO: [ app_init ] --START--
INFO: Run Behavior\BuildLiteBehavior [ RunTime:0.000035s ]
INFO: [ app_init ] --END-- [ RunTime:0.001694s ]
INFO: [ app_begin ] --START--
INFO: Run Behavior\ReadHtmlCacheBehavior [ RunTime:0.003198s ]
INFO: Run Behavior\CheckLangBehavior [ RunTime:0.021484s ]
INFO: [ app_begin ] --END-- [ RunTime:0.024976s ]
INFO: [ view_parse ] --START--
INFO: [ template_filter ] --START--
INFO: Run Behavior\ContentReplaceBehavior [ RunTime:0.000162s ]
INFO: [ template_filter ] --END-- [ RunTime:0.000313s ]
NOTIC: [8] Undefined variable: Thik D:\website\wohenkaopu.cn\RunesterAdmin\public\Runtime\Cache\Adminx\9a23780d1df432d01cb2940764d7a3a2.php 第 26 行.
INFO: Run Behavior\ParseTemplateBehavior [ RunTime:0.122556s ]
INFO: [ view_parse ] --END-- [ RunTime:0.122707s ]
INFO: [ view_filter ] --START--
INFO: Run Behavior\WriteHtmlCacheBehavior [ RunTime:0.006627s ]
INFO: [ view_filter ] --END-- [ RunTime:0.006729s ]
INFO: [ app_end ] --START--
INFO: Run Behavior\ShowPageTraceBehavior [ RunTime:0.001478s ]
INFO: [ app_end ] --END-- [ RunTime:0.001591s ]

