[ 2015-01-19T16:38:30+08:00 ] 54.196.127.247 /
INFO: [ app_init ] --START--
INFO: Run Behavior\BuildLiteBehavior [ RunTime:0.000028s ]
INFO: [ app_init ] --END-- [ RunTime:0.001702s ]
NOTIC: [8] Use of undefined constant ADMINPATH - assumed 'ADMINPATH' D:\website\wohenkaopu.cn\RunesterAdmin\Apps\Home\Conf\config.php 第 8 行.
NOTIC: [8] Use of undefined constant ADMINPATH - assumed 'ADMINPATH' D:\website\wohenkaopu.cn\RunesterAdmin\Apps\Home\Conf\config.php 第 12 行.
NOTIC: [8] Use of undefined constant ADMINPATH - assumed 'ADMINPATH' D:\website\wohenkaopu.cn\RunesterAdmin\Apps\Home\Conf\config.php 第 13 行.
NOTIC: [8] Use of undefined constant ADMINPATH - assumed 'ADMINPATH' D:\website\wohenkaopu.cn\RunesterAdmin\Apps\Home\Conf\config.php 第 14 行.
NOTIC: [8] Use of undefined constant ADMINPATH - assumed 'ADMINPATH' D:\website\wohenkaopu.cn\RunesterAdmin\Apps\Home\Conf\config.php 第 15 行.
INFO: [ app_begin ] --START--
INFO: Run Behavior\ReadHtmlCacheBehavior [ RunTime:0.001432s ]
INFO: Run Behavior\CheckLangBehavior [ RunTime:0.013570s ]
INFO: [ app_begin ] --END-- [ RunTime:0.015189s ]
INFO: [ view_parse ] --START--
INFO: [ template_filter ] --START--
INFO: Run Behavior\ContentReplaceBehavior [ RunTime:0.000162s ]
INFO: [ template_filter ] --END-- [ RunTime:0.000402s ]
INFO: Run Behavior\ParseTemplateBehavior [ RunTime:0.062544s ]
INFO: [ view_parse ] --END-- [ RunTime:0.062702s ]
INFO: [ view_filter ] --START--
INFO: Run Behavior\WriteHtmlCacheBehavior [ RunTime:0.007692s ]
INFO: [ view_filter ] --END-- [ RunTime:0.007805s ]
INFO: [ app_end ] --START--
INFO: Run Behavior\ShowPageTraceBehavior [ RunTime:0.005668s ]
INFO: [ app_end ] --END-- [ RunTime:0.005785s ]

